TN:
SF:src/transport/datamodel/userializationhint.rs
FN:94,<uprotocol_sdk::transport::datamodel::userializationhint::USerializationHint as core::convert::From<i32>>::from::{{closure}}
FN:125,uprotocol_sdk::transport::datamodel::userializationhint::tests::test_find_userializationhint_from_number
FN:17,<uprotocol_sdk::transport::datamodel::userializationhint::USerializationHint as core::default::Default>::default
FN:75,<uprotocol_sdk::transport::datamodel::userializationhint::USerializationHint as core::fmt::Display>::fmt
FN:43,uprotocol_sdk::transport::datamodel::userializationhint::USerializationHint::hint_number
FN:75,<uprotocol_sdk::transport::datamodel::userializationhint::USerializationHint as core::fmt::Display>::fmt
FN:53,uprotocol_sdk::transport::datamodel::userializationhint::USerializationHint::mime_type
FN:63,uprotocol_sdk::transport::datamodel::userializationhint::USerializationHint::all_hints
FN:115,<uprotocol_sdk::transport::datamodel::userializationhint::USerializationHint as core::convert::TryFrom<&str>>::try_from::{{closure}}
FN:17,<uprotocol_sdk::transport::datamodel::userializationhint::USerializationHint as core::default::Default>::default
FN:17,<uprotocol_sdk::transport::datamodel::userializationhint::USerializationHint as core::cmp::PartialEq>::eq
FN:125,uprotocol_sdk::transport::datamodel::userializationhint::tests::test_find_userializationhint_from_number
FN:17,<uprotocol_sdk::transport::datamodel::userializationhint::USerializationHint as core::default::Default>::default
FN:94,<uprotocol_sdk::transport::datamodel::userializationhint::USerializationHint as core::convert::From<i32>>::from::{{closure}}
FN:91,<uprotocol_sdk::transport::datamodel::userializationhint::USerializationHint as core::convert::From<i32>>::from
FN:125,uprotocol_sdk::transport::datamodel::userializationhint::tests::test_find_userializationhint_from_number::{{closure}}
FN:94,<uprotocol_sdk::transport::datamodel::userializationhint::USerializationHint as core::convert::From<i32>>::from::{{closure}}
FN:17,<uprotocol_sdk::transport::datamodel::userializationhint::USerializationHint as core::cmp::Eq>::assert_receiver_is_total_eq
FN:17,<uprotocol_sdk::transport::datamodel::userializationhint::USerializationHint as core::clone::Clone>::clone
FN:91,<uprotocol_sdk::transport::datamodel::userializationhint::USerializationHint as core::convert::From<i32>>::from
FN:115,<uprotocol_sdk::transport::datamodel::userializationhint::USerializationHint as core::convert::TryFrom<&str>>::try_from::{{closure}}
FN:112,<uprotocol_sdk::transport::datamodel::userializationhint::USerializationHint as core::convert::TryFrom<&str>>::try_from
FN:17,<uprotocol_sdk::transport::datamodel::userializationhint::USerializationHint as core::cmp::Eq>::assert_receiver_is_total_eq
FN:163,uprotocol_sdk::transport::datamodel::userializationhint::tests::test_find_userializationhint_from_string_that_does_not_exist
FN:17,<uprotocol_sdk::transport::datamodel::userializationhint::USerializationHint as core::cmp::Eq>::assert_receiver_is_total_eq
FN:17,<uprotocol_sdk::transport::datamodel::userializationhint::USerializationHint as core::fmt::Debug>::fmt
FN:139,uprotocol_sdk::transport::datamodel::userializationhint::tests::test_find_userializationhint_from_string
FN:63,uprotocol_sdk::transport::datamodel::userializationhint::USerializationHint::all_hints
FN:53,uprotocol_sdk::transport::datamodel::userializationhint::USerializationHint::mime_type
FN:115,<uprotocol_sdk::transport::datamodel::userializationhint::USerializationHint as core::convert::TryFrom<&str>>::try_from::{{closure}}
FN:91,<uprotocol_sdk::transport::datamodel::userializationhint::USerializationHint as core::convert::From<i32>>::from
FN:63,uprotocol_sdk::transport::datamodel::userializationhint::USerializationHint::all_hints
FN:163,uprotocol_sdk::transport::datamodel::userializationhint::tests::test_find_userializationhint_from_string_that_does_not_exist::{{closure}}
FN:134,uprotocol_sdk::transport::datamodel::userializationhint::tests::test_find_userializationhint_from_number_that_does_not_exist
FN:91,<uprotocol_sdk::transport::datamodel::userializationhint::USerializationHint as core::convert::From<i32>>::from
FN:17,<uprotocol_sdk::transport::datamodel::userializationhint::USerializationHint as core::clone::Clone>::clone
FN:139,uprotocol_sdk::transport::datamodel::userializationhint::tests::test_find_userializationhint_from_string::{{closure}}
FN:63,uprotocol_sdk::transport::datamodel::userializationhint::USerializationHint::all_hints
FN:134,uprotocol_sdk::transport::datamodel::userializationhint::tests::test_find_userializationhint_from_number_that_does_not_exist
FN:134,uprotocol_sdk::transport::datamodel::userializationhint::tests::test_find_userializationhint_from_number_that_does_not_exist::{{closure}}
FN:17,<uprotocol_sdk::transport::datamodel::userializationhint::USerializationHint as core::fmt::Debug>::fmt
FN:139,uprotocol_sdk::transport::datamodel::userializationhint::tests::test_find_userializationhint_from_string::{{closure}}
FN:53,uprotocol_sdk::transport::datamodel::userializationhint::USerializationHint::mime_type
FN:112,<uprotocol_sdk::transport::datamodel::userializationhint::USerializationHint as core::convert::TryFrom<&str>>::try_from
FN:17,<uprotocol_sdk::transport::datamodel::userializationhint::USerializationHint as core::cmp::PartialEq>::eq
FN:17,<uprotocol_sdk::transport::datamodel::userializationhint::USerializationHint as core::cmp::PartialEq>::eq
FN:112,<uprotocol_sdk::transport::datamodel::userializationhint::USerializationHint as core::convert::TryFrom<&str>>::try_from
FN:43,uprotocol_sdk::transport::datamodel::userializationhint::USerializationHint::hint_number
FN:17,<uprotocol_sdk::transport::datamodel::userializationhint::USerializationHint as core::cmp::Eq>::assert_receiver_is_total_eq
FN:139,uprotocol_sdk::transport::datamodel::userializationhint::tests::test_find_userializationhint_from_string
FN:115,<uprotocol_sdk::transport::datamodel::userializationhint::USerializationHint as core::convert::TryFrom<&str>>::try_from::{{closure}}
FN:53,uprotocol_sdk::transport::datamodel::userializationhint::USerializationHint::mime_type
FN:94,<uprotocol_sdk::transport::datamodel::userializationhint::USerializationHint as core::convert::From<i32>>::from::{{closure}}
FN:134,uprotocol_sdk::transport::datamodel::userializationhint::tests::test_find_userializationhint_from_number_that_does_not_exist::{{closure}}
FN:17,<uprotocol_sdk::transport::datamodel::userializationhint::USerializationHint as core::fmt::Debug>::fmt
FN:75,<uprotocol_sdk::transport::datamodel::userializationhint::USerializationHint as core::fmt::Display>::fmt
FN:17,<uprotocol_sdk::transport::datamodel::userializationhint::USerializationHint as core::clone::Clone>::clone
FN:125,uprotocol_sdk::transport::datamodel::userializationhint::tests::test_find_userializationhint_from_number::{{closure}}
FN:43,uprotocol_sdk::transport::datamodel::userializationhint::USerializationHint::hint_number
FN:17,<uprotocol_sdk::transport::datamodel::userializationhint::USerializationHint as core::cmp::PartialEq>::eq
FN:43,uprotocol_sdk::transport::datamodel::userializationhint::USerializationHint::hint_number
FN:163,uprotocol_sdk::transport::datamodel::userializationhint::tests::test_find_userializationhint_from_string_that_does_not_exist::{{closure}}
FN:17,<uprotocol_sdk::transport::datamodel::userializationhint::USerializationHint as core::fmt::Debug>::fmt
FN:17,<uprotocol_sdk::transport::datamodel::userializationhint::USerializationHint as core::default::Default>::default
FN:163,uprotocol_sdk::transport::datamodel::userializationhint::tests::test_find_userializationhint_from_string_that_does_not_exist
FN:75,<uprotocol_sdk::transport::datamodel::userializationhint::USerializationHint as core::fmt::Display>::fmt
FN:112,<uprotocol_sdk::transport::datamodel::userializationhint::USerializationHint as core::convert::TryFrom<&str>>::try_from
FN:17,<uprotocol_sdk::transport::datamodel::userializationhint::USerializationHint as core::clone::Clone>::clone
FNDA:1,<uprotocol_sdk::transport::datamodel::userializationhint::USerializationHint as core::convert::From<i32>>::from::{{closure}}
FNDA:1,uprotocol_sdk::transport::datamodel::userializationhint::tests::test_find_userializationhint_from_number
FNDA:1,<uprotocol_sdk::transport::datamodel::userializationhint::USerializationHint as core::default::Default>::default
FNDA:1,<uprotocol_sdk::transport::datamodel::userializationhint::USerializationHint as core::fmt::Display>::fmt
FNDA:1,uprotocol_sdk::transport::datamodel::userializationhint::USerializationHint::hint_number
FNDA:1,<uprotocol_sdk::transport::datamodel::userializationhint::USerializationHint as core::fmt::Display>::fmt
FNDA:1,uprotocol_sdk::transport::datamodel::userializationhint::USerializationHint::mime_type
FNDA:1,uprotocol_sdk::transport::datamodel::userializationhint::USerializationHint::all_hints
FNDA:0,<uprotocol_sdk::transport::datamodel::userializationhint::USerializationHint as core::convert::TryFrom<&str>>::try_from::{{closure}}
FNDA:0,<uprotocol_sdk::transport::datamodel::userializationhint::USerializationHint as core::default::Default>::default
FNDA:0,<uprotocol_sdk::transport::datamodel::userializationhint::USerializationHint as core::cmp::PartialEq>::eq
FNDA:1,uprotocol_sdk::transport::datamodel::userializationhint::tests::test_find_userializationhint_from_number
FNDA:1,<uprotocol_sdk::transport::datamodel::userializationhint::USerializationHint as core::default::Default>::default
FNDA:0,<uprotocol_sdk::transport::datamodel::userializationhint::USerializationHint as core::convert::From<i32>>::from::{{closure}}
FNDA:1,<uprotocol_sdk::transport::datamodel::userializationhint::USerializationHint as core::convert::From<i32>>::from
FNDA:1,uprotocol_sdk::transport::datamodel::userializationhint::tests::test_find_userializationhint_from_number::{{closure}}
FNDA:1,<uprotocol_sdk::transport::datamodel::userializationhint::USerializationHint as core::convert::From<i32>>::from::{{closure}}
FNDA:0,<uprotocol_sdk::transport::datamodel::userializationhint::USerializationHint as core::cmp::Eq>::assert_receiver_is_total_eq
FNDA:0,<uprotocol_sdk::transport::datamodel::userializationhint::USerializationHint as core::clone::Clone>::clone
FNDA:0,<uprotocol_sdk::transport::datamodel::userializationhint::USerializationHint as core::convert::From<i32>>::from
FNDA:1,<uprotocol_sdk::transport::datamodel::userializationhint::USerializationHint as core::convert::TryFrom<&str>>::try_from::{{closure}}
FNDA:1,<uprotocol_sdk::transport::datamodel::userializationhint::USerializationHint as core::convert::TryFrom<&str>>::try_from
FNDA:0,<uprotocol_sdk::transport::datamodel::userializationhint::USerializationHint as core::cmp::Eq>::assert_receiver_is_total_eq
FNDA:1,uprotocol_sdk::transport::datamodel::userializationhint::tests::test_find_userializationhint_from_string_that_does_not_exist
FNDA:0,<uprotocol_sdk::transport::datamodel::userializationhint::USerializationHint as core::cmp::Eq>::assert_receiver_is_total_eq
FNDA:0,<uprotocol_sdk::transport::datamodel::userializationhint::USerializationHint as core::fmt::Debug>::fmt
FNDA:1,uprotocol_sdk::transport::datamodel::userializationhint::tests::test_find_userializationhint_from_string
FNDA:0,uprotocol_sdk::transport::datamodel::userializationhint::USerializationHint::all_hints
FNDA:0,uprotocol_sdk::transport::datamodel::userializationhint::USerializationHint::mime_type
FNDA:1,<uprotocol_sdk::transport::datamodel::userializationhint::USerializationHint as core::convert::TryFrom<&str>>::try_from::{{closure}}
FNDA:0,<uprotocol_sdk::transport::datamodel::userializationhint::USerializationHint as core::convert::From<i32>>::from
FNDA:1,uprotocol_sdk::transport::datamodel::userializationhint::USerializationHint::all_hints
FNDA:1,uprotocol_sdk::transport::datamodel::userializationhint::tests::test_find_userializationhint_from_string_that_does_not_exist::{{closure}}
FNDA:1,uprotocol_sdk::transport::datamodel::userializationhint::tests::test_find_userializationhint_from_number_that_does_not_exist
FNDA:1,<uprotocol_sdk::transport::datamodel::userializationhint::USerializationHint as core::convert::From<i32>>::from
FNDA:0,<uprotocol_sdk::transport::datamodel::userializationhint::USerializationHint as core::clone::Clone>::clone
FNDA:1,uprotocol_sdk::transport::datamodel::userializationhint::tests::test_find_userializationhint_from_string::{{closure}}
FNDA:0,uprotocol_sdk::transport::datamodel::userializationhint::USerializationHint::all_hints
FNDA:1,uprotocol_sdk::transport::datamodel::userializationhint::tests::test_find_userializationhint_from_number_that_does_not_exist
FNDA:1,uprotocol_sdk::transport::datamodel::userializationhint::tests::test_find_userializationhint_from_number_that_does_not_exist::{{closure}}
FNDA:0,<uprotocol_sdk::transport::datamodel::userializationhint::USerializationHint as core::fmt::Debug>::fmt
FNDA:1,uprotocol_sdk::transport::datamodel::userializationhint::tests::test_find_userializationhint_from_string::{{closure}}
FNDA:0,uprotocol_sdk::transport::datamodel::userializationhint::USerializationHint::mime_type
FNDA:0,<uprotocol_sdk::transport::datamodel::userializationhint::USerializationHint as core::convert::TryFrom<&str>>::try_from
FNDA:1,<uprotocol_sdk::transport::datamodel::userializationhint::USerializationHint as core::cmp::PartialEq>::eq
FNDA:1,<uprotocol_sdk::transport::datamodel::userializationhint::USerializationHint as core::cmp::PartialEq>::eq
FNDA:1,<uprotocol_sdk::transport::datamodel::userializationhint::USerializationHint as core::convert::TryFrom<&str>>::try_from
FNDA:0,uprotocol_sdk::transport::datamodel::userializationhint::USerializationHint::hint_number
FNDA:0,<uprotocol_sdk::transport::datamodel::userializationhint::USerializationHint as core::cmp::Eq>::assert_receiver_is_total_eq
FNDA:1,uprotocol_sdk::transport::datamodel::userializationhint::tests::test_find_userializationhint_from_string
FNDA:0,<uprotocol_sdk::transport::datamodel::userializationhint::USerializationHint as core::convert::TryFrom<&str>>::try_from::{{closure}}
FNDA:1,uprotocol_sdk::transport::datamodel::userializationhint::USerializationHint::mime_type
FNDA:0,<uprotocol_sdk::transport::datamodel::userializationhint::USerializationHint as core::convert::From<i32>>::from::{{closure}}
FNDA:1,uprotocol_sdk::transport::datamodel::userializationhint::tests::test_find_userializationhint_from_number_that_does_not_exist::{{closure}}
FNDA:0,<uprotocol_sdk::transport::datamodel::userializationhint::USerializationHint as core::fmt::Debug>::fmt
FNDA:0,<uprotocol_sdk::transport::datamodel::userializationhint::USerializationHint as core::fmt::Display>::fmt
FNDA:0,<uprotocol_sdk::transport::datamodel::userializationhint::USerializationHint as core::clone::Clone>::clone
FNDA:1,uprotocol_sdk::transport::datamodel::userializationhint::tests::test_find_userializationhint_from_number::{{closure}}
FNDA:1,uprotocol_sdk::transport::datamodel::userializationhint::USerializationHint::hint_number
FNDA:0,<uprotocol_sdk::transport::datamodel::userializationhint::USerializationHint as core::cmp::PartialEq>::eq
FNDA:0,uprotocol_sdk::transport::datamodel::userializationhint::USerializationHint::hint_number
FNDA:1,uprotocol_sdk::transport::datamodel::userializationhint::tests::test_find_userializationhint_from_string_that_does_not_exist::{{closure}}
FNDA:0,<uprotocol_sdk::transport::datamodel::userializationhint::USerializationHint as core::fmt::Debug>::fmt
FNDA:0,<uprotocol_sdk::transport::datamodel::userializationhint::USerializationHint as core::default::Default>::default
FNDA:1,uprotocol_sdk::transport::datamodel::userializationhint::tests::test_find_userializationhint_from_string_that_does_not_exist
FNDA:0,<uprotocol_sdk::transport::datamodel::userializationhint::USerializationHint as core::fmt::Display>::fmt
FNDA:0,<uprotocol_sdk::transport::datamodel::userializationhint::USerializationHint as core::convert::TryFrom<&str>>::try_from
FNDA:0,<uprotocol_sdk::transport::datamodel::userializationhint::USerializationHint as core::clone::Clone>::clone
FNF:68
FNH:36
BRF:0
BRH:0
DA:17,30
DA:20,2
DA:43,40
DA:44,40
DA:45,12
DA:46,10
DA:47,8
DA:48,6
DA:49,4
DA:51,40
DA:53,44
DA:54,44
DA:55,12
DA:56,10
DA:57,8
DA:58,6
DA:59,8
DA:61,44
DA:63,24
DA:64,48
DA:65,24
DA:66,24
DA:67,24
DA:68,24
DA:69,24
DA:71,24
DA:75,4
DA:76,4
DA:77,4
DA:91,12
DA:92,24
DA:94,52
DA:96,12
DA:112,12
DA:113,24
DA:115,52
DA:117,12
DA:125,4
DA:126,2
DA:127,2
DA:128,2
DA:129,2
DA:130,2
DA:131,4
DA:134,4
DA:135,2
DA:136,4
DA:139,4
DA:140,2
DA:141,2
DA:144,2
DA:145,2
DA:148,2
DA:149,2
DA:152,2
DA:153,2
DA:156,2
DA:157,2
DA:160,4
DA:163,4
DA:164,2
DA:165,4
LF:62
LH:62
end_of_record
SF:src/uuid/uuidutils.rs
FN:100,uprotocol_sdk::uuid::uuidutils::UuidUtils::from_bytes
FN:181,uprotocol_sdk::uuid::uuidutils::UuidUtils::get_time
FN:181,uprotocol_sdk::uuid::uuidutils::UuidUtils::get_time
FN:54,uprotocol_sdk::uuid::uuidutils::UuidVersion::from_version
FN:113,uprotocol_sdk::uuid::uuidutils::UuidUtils::from_string
FN:78,uprotocol_sdk::uuid::uuidutils::UuidUtils::to_string
FN:87,uprotocol_sdk::uuid::uuidutils::UuidUtils::to_bytes
FN:140,uprotocol_sdk::uuid::uuidutils::UuidUtils::is_valid_uuid
FN:40,uprotocol_sdk::uuid::uuidutils::UuidVersion::get_version
FN:167,uprotocol_sdk::uuid::uuidutils::UuidUtils::is_v6
FN:153,uprotocol_sdk::uuid::uuidutils::UuidUtils::is_uprotocol
FN:126,uprotocol_sdk::uuid::uuidutils::UuidUtils::get_version
FN:54,uprotocol_sdk::uuid::uuidutils::UuidVersion::from_version
FN:100,uprotocol_sdk::uuid::uuidutils::UuidUtils::from_bytes
FN:87,uprotocol_sdk::uuid::uuidutils::UuidUtils::to_bytes
FN:40,uprotocol_sdk::uuid::uuidutils::UuidVersion::get_version
FN:100,uprotocol_sdk::uuid::uuidutils::UuidUtils::from_bytes
FN:113,uprotocol_sdk::uuid::uuidutils::UuidUtils::from_string
FN:100,uprotocol_sdk::uuid::uuidutils::UuidUtils::from_bytes
FN:113,uprotocol_sdk::uuid::uuidutils::UuidUtils::from_string
FN:167,uprotocol_sdk::uuid::uuidutils::UuidUtils::is_v6
FN:181,uprotocol_sdk::uuid::uuidutils::UuidUtils::get_time
FN:113,uprotocol_sdk::uuid::uuidutils::UuidUtils::from_string
FN:54,uprotocol_sdk::uuid::uuidutils::UuidVersion::from_version
FN:78,uprotocol_sdk::uuid::uuidutils::UuidUtils::to_string
FN:167,uprotocol_sdk::uuid::uuidutils::UuidUtils::is_v6
FN:126,uprotocol_sdk::uuid::uuidutils::UuidUtils::get_version
FN:54,uprotocol_sdk::uuid::uuidutils::UuidVersion::from_version
FN:181,uprotocol_sdk::uuid::uuidutils::UuidUtils::get_time
FN:126,uprotocol_sdk::uuid::uuidutils::UuidUtils::get_version
FN:40,uprotocol_sdk::uuid::uuidutils::UuidVersion::get_version
FN:140,uprotocol_sdk::uuid::uuidutils::UuidUtils::is_valid_uuid
FN:78,uprotocol_sdk::uuid::uuidutils::UuidUtils::to_string
FN:87,uprotocol_sdk::uuid::uuidutils::UuidUtils::to_bytes
FN:153,uprotocol_sdk::uuid::uuidutils::UuidUtils::is_uprotocol
FN:78,uprotocol_sdk::uuid::uuidutils::UuidUtils::to_string
FN:153,uprotocol_sdk::uuid::uuidutils::UuidUtils::is_uprotocol
FN:140,uprotocol_sdk::uuid::uuidutils::UuidUtils::is_valid_uuid
FN:87,uprotocol_sdk::uuid::uuidutils::UuidUtils::to_bytes
FN:126,uprotocol_sdk::uuid::uuidutils::UuidUtils::get_version
FN:40,uprotocol_sdk::uuid::uuidutils::UuidVersion::get_version
FN:167,uprotocol_sdk::uuid::uuidutils::UuidUtils::is_v6
FN:153,uprotocol_sdk::uuid::uuidutils::UuidUtils::is_uprotocol
FN:140,uprotocol_sdk::uuid::uuidutils::UuidUtils::is_valid_uuid
FNDA:0,uprotocol_sdk::uuid::uuidutils::UuidUtils::from_bytes
FNDA:1,uprotocol_sdk::uuid::uuidutils::UuidUtils::get_time
FNDA:0,uprotocol_sdk::uuid::uuidutils::UuidUtils::get_time
FNDA:0,uprotocol_sdk::uuid::uuidutils::UuidVersion::from_version
FNDA:0,uprotocol_sdk::uuid::uuidutils::UuidUtils::from_string
FNDA:0,uprotocol_sdk::uuid::uuidutils::UuidUtils::to_string
FNDA:0,uprotocol_sdk::uuid::uuidutils::UuidUtils::to_bytes
FNDA:1,uprotocol_sdk::uuid::uuidutils::UuidUtils::is_valid_uuid
FNDA:0,uprotocol_sdk::uuid::uuidutils::UuidVersion::get_version
FNDA:1,uprotocol_sdk::uuid::uuidutils::UuidUtils::is_v6
FNDA:1,uprotocol_sdk::uuid::uuidutils::UuidUtils::is_uprotocol
FNDA:0,uprotocol_sdk::uuid::uuidutils::UuidUtils::get_version
FNDA:1,uprotocol_sdk::uuid::uuidutils::UuidVersion::from_version
FNDA:0,uprotocol_sdk::uuid::uuidutils::UuidUtils::from_bytes
FNDA:0,uprotocol_sdk::uuid::uuidutils::UuidUtils::to_bytes
FNDA:0,uprotocol_sdk::uuid::uuidutils::UuidVersion::get_version
FNDA:0,uprotocol_sdk::uuid::uuidutils::UuidUtils::from_bytes
FNDA:0,uprotocol_sdk::uuid::uuidutils::UuidUtils::from_string
FNDA:0,uprotocol_sdk::uuid::uuidutils::UuidUtils::from_bytes
FNDA:0,uprotocol_sdk::uuid::uuidutils::UuidUtils::from_string
FNDA:0,uprotocol_sdk::uuid::uuidutils::UuidUtils::is_v6
FNDA:0,uprotocol_sdk::uuid::uuidutils::UuidUtils::get_time
FNDA:0,uprotocol_sdk::uuid::uuidutils::UuidUtils::from_string
FNDA:0,uprotocol_sdk::uuid::uuidutils::UuidVersion::from_version
FNDA:0,uprotocol_sdk::uuid::uuidutils::UuidUtils::to_string
FNDA:1,uprotocol_sdk::uuid::uuidutils::UuidUtils::is_v6
FNDA:1,uprotocol_sdk::uuid::uuidutils::UuidUtils::get_version
FNDA:1,uprotocol_sdk::uuid::uuidutils::UuidVersion::from_version
FNDA:1,uprotocol_sdk::uuid::uuidutils::UuidUtils::get_time
FNDA:1,uprotocol_sdk::uuid::uuidutils::UuidUtils::get_version
FNDA:0,uprotocol_sdk::uuid::uuidutils::UuidVersion::get_version
FNDA:1,uprotocol_sdk::uuid::uuidutils::UuidUtils::is_valid_uuid
FNDA:0,uprotocol_sdk::uuid::uuidutils::UuidUtils::to_string
FNDA:0,uprotocol_sdk::uuid::uuidutils::UuidUtils::to_bytes
FNDA:0,uprotocol_sdk::uuid::uuidutils::UuidUtils::is_uprotocol
FNDA:0,uprotocol_sdk::uuid::uuidutils::UuidUtils::to_string
FNDA:0,uprotocol_sdk::uuid::uuidutils::UuidUtils::is_uprotocol
FNDA:0,uprotocol_sdk::uuid::uuidutils::UuidUtils::is_valid_uuid
FNDA:0,uprotocol_sdk::uuid::uuidutils::UuidUtils::to_bytes
FNDA:0,uprotocol_sdk::uuid::uuidutils::UuidUtils::get_version
FNDA:0,uprotocol_sdk::uuid::uuidutils::UuidVersion::get_version
FNDA:0,uprotocol_sdk::uuid::uuidutils::UuidUtils::is_v6
FNDA:1,uprotocol_sdk::uuid::uuidutils::UuidUtils::is_uprotocol
FNDA:0,uprotocol_sdk::uuid::uuidutils::UuidUtils::is_valid_uuid
FNF:44
FNH:12
BRF:0
BRH:0
DA:40,0
DA:41,0
DA:42,0
DA:43,0
DA:44,0
DA:45,0
DA:46,0
DA:47,0
DA:48,0
DA:49,0
DA:50,0
DA:52,0
DA:54,16492
DA:55,16492
DA:56,0
DA:57,0
DA:58,0
DA:59,0
DA:60,14
DA:61,0
DA:62,0
DA:63,0
DA:64,16478
DA:65,0
DA:67,16492
DA:78,0
DA:79,0
DA:80,0
DA:87,0
DA:88,0
DA:89,0
DA:100,0
DA:101,0
DA:102,0
DA:113,0
DA:114,0
DA:115,0
DA:126,16492
DA:127,16492
DA:128,16492
DA:129,16492
DA:140,50
DA:141,50
DA:142,50
DA:153,50
DA:154,50
DA:155,50
DA:156,50
DA:167,50
DA:168,50
DA:169,50
DA:170,50
DA:181,16392
DA:182,16392
DA:183,16392
DA:185,0
DA:186,0
DA:187,0
DA:189,16392
DA:191,16392
DA:192,16392
DA:193,16392
DA:194,16392
DA:195,0
DA:197,16392
LF:65
LH:29
end_of_record
SF:src/transport/validator/uattributesvalidator.rs
FN:178,uprotocol_sdk::transport::validator::uattributesvalidator::UAttributesValidator::validate_commstatus
FN:297,<uprotocol_sdk::transport::validator::uattributesvalidator::RequestValidator as uprotocol_sdk::transport::validator::uattributesvalidator::UAttributesValidator>::validate_ttl
FN:578,uprotocol_sdk::transport::validator::uattributesvalidator::tests::test_validating_valid_permission_level_attribute::{{closure}}
FN:41,uprotocol_sdk::transport::validator::uattributesvalidator::UAttributesValidator::validate::{{closure}}
FN:41,uprotocol_sdk::transport::validator::uattributesvalidator::UAttributesValidator::validate::{{closure}}
FN:344,<uprotocol_sdk::transport::validator::uattributesvalidator::ResponseValidator as uprotocol_sdk::transport::validator::uattributesvalidator::UAttributesValidator>::validate_sink
FN:457,uprotocol_sdk::transport::validator::uattributesvalidator::tests::test_validating_publish_invalid_ttl_attribute::{{closure}}
FN:123,uprotocol_sdk::transport::validator::uattributesvalidator::UAttributesValidator::validate_reqid
FN:106,uprotocol_sdk::transport::validator::uattributesvalidator::UAttributesValidator::validate_id
FN:178,uprotocol_sdk::transport::validator::uattributesvalidator::UAttributesValidator::validate_commstatus
FN:477,uprotocol_sdk::transport::validator::uattributesvalidator::tests::test_validating_valid_ttl_attribute::{{closure}}
FN:578,uprotocol_sdk::transport::validator::uattributesvalidator::tests::test_validating_valid_permission_level_attribute
FN:106,uprotocol_sdk::transport::validator::uattributesvalidator::UAttributesValidator::validate_id
FN:651,uprotocol_sdk::transport::validator::uattributesvalidator::tests::test_validating_request_validator_with_wrong_messagetype::{{closure}}
FN:72,uprotocol_sdk::transport::validator::uattributesvalidator::UAttributesValidator::is_expired
FN:557,uprotocol_sdk::transport::validator::uattributesvalidator::tests::test_validating_valid_req_id_attribute::{{closure}}
FN:614,uprotocol_sdk::transport::validator::uattributesvalidator::tests::test_validating_valid_commstatus_attribute::{{closure}}
FN:651,uprotocol_sdk::transport::validator::uattributesvalidator::tests::test_validating_request_validator_with_wrong_messagetype::{{closure}}
FN:224,<uprotocol_sdk::transport::validator::uattributesvalidator::PublishValidator as uprotocol_sdk::transport::validator::uattributesvalidator::UAttributesValidator>::type_name
FN:714,uprotocol_sdk::transport::validator::uattributesvalidator::tests::test_validating_response_validator_with_bad_reqid
FN:538,uprotocol_sdk::transport::validator::uattributesvalidator::tests::test_validating_invalid_req_id_attribute
FN:671,uprotocol_sdk::transport::validator::uattributesvalidator::tests::test_validating_request_validator_with_wrong_bad_ttl::{{closure}}
FN:40,uprotocol_sdk::transport::validator::uattributesvalidator::UAttributesValidator::validate::{{closure}}
FN:40,uprotocol_sdk::transport::validator::uattributesvalidator::UAttributesValidator::validate::{{closure}}
FN:344,<uprotocol_sdk::transport::validator::uattributesvalidator::ResponseValidator as uprotocol_sdk::transport::validator::uattributesvalidator::UAttributesValidator>::validate_sink
FN:72,uprotocol_sdk::transport::validator::uattributesvalidator::UAttributesValidator::is_expired
FN:41,uprotocol_sdk::transport::validator::uattributesvalidator::UAttributesValidator::validate::{{closure}}
FN:30,uprotocol_sdk::transport::validator::uattributesvalidator::UAttributesValidator::validate
FN:106,uprotocol_sdk::transport::validator::uattributesvalidator::UAttributesValidator::validate_id
FN:494,uprotocol_sdk::transport::validator::uattributesvalidator::tests::test_validating_invalid_sink_attribute::{{closure}}
FN:237,<uprotocol_sdk::transport::validator::uattributesvalidator::PublishValidator as uprotocol_sdk::transport::validator::uattributesvalidator::UAttributesValidator>::validate_type
FN:123,uprotocol_sdk::transport::validator::uattributesvalidator::UAttributesValidator::validate_reqid
FN:72,uprotocol_sdk::transport::validator::uattributesvalidator::UAttributesValidator::is_expired
FN:40,uprotocol_sdk::transport::validator::uattributesvalidator::UAttributesValidator::validate::{{closure}}
FN:123,uprotocol_sdk::transport::validator::uattributesvalidator::UAttributesValidator::validate_reqid
FN:692,uprotocol_sdk::transport::validator::uattributesvalidator::tests::test_validating_response_validator_with_wrong_bad_ttl
FN:40,uprotocol_sdk::transport::validator::uattributesvalidator::UAttributesValidator::validate::{{closure}}
FN:754,uprotocol_sdk::transport::validator::uattributesvalidator::tests::test_validating_response_validator_with_wrong_messagetype
FN:144,uprotocol_sdk::transport::validator::uattributesvalidator::UAttributesValidator::validate_ttl
FN:736,uprotocol_sdk::transport::validator::uattributesvalidator::tests::test_validating_publish_validator_with_wrong_messagetype::{{closure}}
FN:72,uprotocol_sdk::transport::validator::uattributesvalidator::UAttributesValidator::is_expired
FN:41,uprotocol_sdk::transport::validator::uattributesvalidator::UAttributesValidator::validate::{{closure}}
FN:361,<uprotocol_sdk::transport::validator::uattributesvalidator::ResponseValidator as uprotocol_sdk::transport::validator::uattributesvalidator::UAttributesValidator>::validate_reqid
FN:106,uprotocol_sdk::transport::validator::uattributesvalidator::UAttributesValidator::validate_id
FN:280,<uprotocol_sdk::transport::validator::uattributesvalidator::RequestValidator as uprotocol_sdk::transport::validator::uattributesvalidator::UAttributesValidator>::validate_sink
FN:361,<uprotocol_sdk::transport::validator::uattributesvalidator::ResponseValidator as uprotocol_sdk::transport::validator::uattributesvalidator::UAttributesValidator>::validate_reqid
FN:72,uprotocol_sdk::transport::validator::uattributesvalidator::UAttributesValidator::is_expired
FN:344,<uprotocol_sdk::transport::validator::uattributesvalidator::ResponseValidator as uprotocol_sdk::transport::validator::uattributesvalidator::UAttributesValidator>::validate_sink
FN:211,uprotocol_sdk::transport::validator::uattributesvalidator::Validators::get_validator
FN:494,uprotocol_sdk::transport::validator::uattributesvalidator::tests::test_validating_invalid_sink_attribute::{{closure}}
FN:432,uprotocol_sdk::transport::validator::uattributesvalidator::tests::test_validating_valid_publish_messagetypes::{{closure}}
FN:178,uprotocol_sdk::transport::validator::uattributesvalidator::UAttributesValidator::validate_commstatus
FN:457,uprotocol_sdk::transport::validator::uattributesvalidator::tests::test_validating_publish_invalid_ttl_attribute
FN:178,uprotocol_sdk::transport::validator::uattributesvalidator::UAttributesValidator::validate_commstatus
FN:736,uprotocol_sdk::transport::validator::uattributesvalidator::tests::test_validating_publish_validator_with_wrong_messagetype
FN:30,uprotocol_sdk::transport::validator::uattributesvalidator::UAttributesValidator::validate
FN:144,uprotocol_sdk::transport::validator::uattributesvalidator::UAttributesValidator::validate_ttl
FN:280,<uprotocol_sdk::transport::validator::uattributesvalidator::RequestValidator as uprotocol_sdk::transport::validator::uattributesvalidator::UAttributesValidator>::validate_sink
FN:595,uprotocol_sdk::transport::validator::uattributesvalidator::tests::test_validating_invalid_commstatus_attribute::{{closure}}
FN:106,uprotocol_sdk::transport::validator::uattributesvalidator::UAttributesValidator::validate_id
FN:297,<uprotocol_sdk::transport::validator::uattributesvalidator::RequestValidator as uprotocol_sdk::transport::validator::uattributesvalidator::UAttributesValidator>::validate_ttl
FN:30,uprotocol_sdk::transport::validator::uattributesvalidator::UAttributesValidator::validate
FN:72,uprotocol_sdk::transport::validator::uattributesvalidator::UAttributesValidator::is_expired
FN:361,<uprotocol_sdk::transport::validator::uattributesvalidator::ResponseValidator as uprotocol_sdk::transport::validator::uattributesvalidator::UAttributesValidator>::validate_reqid
FN:517,uprotocol_sdk::transport::validator::uattributesvalidator::tests::test_validating_valid_sink_attribute::{{closure}}
FN:224,<uprotocol_sdk::transport::validator::uattributesvalidator::PublishValidator as uprotocol_sdk::transport::validator::uattributesvalidator::UAttributesValidator>::type_name
FN:40,uprotocol_sdk::transport::validator::uattributesvalidator::UAttributesValidator::validate::{{closure}}
FN:494,uprotocol_sdk::transport::validator::uattributesvalidator::tests::test_validating_invalid_sink_attribute
FN:631,uprotocol_sdk::transport::validator::uattributesvalidator::tests::test_validating_request_message_types::{{closure}}
FN:578,uprotocol_sdk::transport::validator::uattributesvalidator::tests::test_validating_valid_permission_level_attribute::{{closure}}
FN:211,uprotocol_sdk::transport::validator::uattributesvalidator::Validators::get_validator
FN:178,uprotocol_sdk::transport::validator::uattributesvalidator::UAttributesValidator::validate_commstatus
FN:72,uprotocol_sdk::transport::validator::uattributesvalidator::UAttributesValidator::is_expired
FN:774,uprotocol_sdk::transport::validator::uattributesvalidator::tests::test_validating_request_containing_hint_and_token::{{closure}}
FN:237,<uprotocol_sdk::transport::validator::uattributesvalidator::PublishValidator as uprotocol_sdk::transport::validator::uattributesvalidator::UAttributesValidator>::validate_type
FN:41,uprotocol_sdk::transport::validator::uattributesvalidator::UAttributesValidator::validate::{{closure}}
FN:692,uprotocol_sdk::transport::validator::uattributesvalidator::tests::test_validating_response_validator_with_wrong_bad_ttl::{{closure}}
FN:72,uprotocol_sdk::transport::validator::uattributesvalidator::UAttributesValidator::is_expired
FN:457,uprotocol_sdk::transport::validator::uattributesvalidator::tests::test_validating_publish_invalid_ttl_attribute::{{closure}}
FN:614,uprotocol_sdk::transport::validator::uattributesvalidator::tests::test_validating_valid_commstatus_attribute::{{closure}}
FN:714,uprotocol_sdk::transport::validator::uattributesvalidator::tests::test_validating_response_validator_with_bad_reqid::{{closure}}
FN:692,uprotocol_sdk::transport::validator::uattributesvalidator::tests::test_validating_response_validator_with_wrong_bad_ttl
FN:30,uprotocol_sdk::transport::validator::uattributesvalidator::UAttributesValidator::validate
FN:774,uprotocol_sdk::transport::validator::uattributesvalidator::tests::test_validating_request_containing_hint_and_token
FN:250,<uprotocol_sdk::transport::validator::uattributesvalidator::RequestValidator as uprotocol_sdk::transport::validator::uattributesvalidator::UAttributesValidator>::type_name
FN:327,<uprotocol_sdk::transport::validator::uattributesvalidator::ResponseValidator as uprotocol_sdk::transport::validator::uattributesvalidator::UAttributesValidator>::validate_type
FN:432,uprotocol_sdk::transport::validator::uattributesvalidator::tests::test_validating_valid_publish_messagetypes::{{closure}}
FN:144,uprotocol_sdk::transport::validator::uattributesvalidator::UAttributesValidator::validate_ttl
FN:297,<uprotocol_sdk::transport::validator::uattributesvalidator::RequestValidator as uprotocol_sdk::transport::validator::uattributesvalidator::UAttributesValidator>::validate_ttl
FN:631,uprotocol_sdk::transport::validator::uattributesvalidator::tests::test_validating_request_message_types
FN:614,uprotocol_sdk::transport::validator::uattributesvalidator::tests::test_validating_valid_commstatus_attribute
FN:72,uprotocol_sdk::transport::validator::uattributesvalidator::UAttributesValidator::is_expired
FN:314,<uprotocol_sdk::transport::validator::uattributesvalidator::ResponseValidator as uprotocol_sdk::transport::validator::uattributesvalidator::UAttributesValidator>::type_name
FN:390,uprotocol_sdk::transport::validator::uattributesvalidator::tests::test_fetching_validator_for_valid_types
FN:211,uprotocol_sdk::transport::validator::uattributesvalidator::Validators::get_validator
FN:72,uprotocol_sdk::transport::validator::uattributesvalidator::UAttributesValidator::is_expired
FN:595,uprotocol_sdk::transport::validator::uattributesvalidator::tests::test_validating_invalid_commstatus_attribute
FN:106,uprotocol_sdk::transport::validator::uattributesvalidator::UAttributesValidator::validate_id
FN:40,uprotocol_sdk::transport::validator::uattributesvalidator::UAttributesValidator::validate::{{closure}}
FN:41,uprotocol_sdk::transport::validator::uattributesvalidator::UAttributesValidator::validate::{{closure}}
FN:30,uprotocol_sdk::transport::validator::uattributesvalidator::UAttributesValidator::validate
FN:144,uprotocol_sdk::transport::validator::uattributesvalidator::UAttributesValidator::validate_ttl
FN:494,uprotocol_sdk::transport::validator::uattributesvalidator::tests::test_validating_invalid_sink_attribute
FN:40,uprotocol_sdk::transport::validator::uattributesvalidator::UAttributesValidator::validate::{{closure}}
FN:774,uprotocol_sdk::transport::validator::uattributesvalidator::tests::test_validating_request_containing_hint_and_token::{{closure}}
FN:30,uprotocol_sdk::transport::validator::uattributesvalidator::UAttributesValidator::validate
FN:30,uprotocol_sdk::transport::validator::uattributesvalidator::UAttributesValidator::validate
FN:41,uprotocol_sdk::transport::validator::uattributesvalidator::UAttributesValidator::validate::{{closure}}
FN:162,uprotocol_sdk::transport::validator::uattributesvalidator::UAttributesValidator::validate_sink
FN:557,uprotocol_sdk::transport::validator::uattributesvalidator::tests::test_validating_valid_req_id_attribute
FN:314,<uprotocol_sdk::transport::validator::uattributesvalidator::ResponseValidator as uprotocol_sdk::transport::validator::uattributesvalidator::UAttributesValidator>::type_name
FN:106,uprotocol_sdk::transport::validator::uattributesvalidator::UAttributesValidator::validate_id
FN:263,<uprotocol_sdk::transport::validator::uattributesvalidator::RequestValidator as uprotocol_sdk::transport::validator::uattributesvalidator::UAttributesValidator>::validate_type
FN:250,<uprotocol_sdk::transport::validator::uattributesvalidator::RequestValidator as uprotocol_sdk::transport::validator::uattributesvalidator::UAttributesValidator>::type_name
FN:123,uprotocol_sdk::transport::validator::uattributesvalidator::UAttributesValidator::validate_reqid
FN:178,uprotocol_sdk::transport::validator::uattributesvalidator::UAttributesValidator::validate_commstatus
FN:41,uprotocol_sdk::transport::validator::uattributesvalidator::UAttributesValidator::validate::{{closure}}
FN:123,uprotocol_sdk::transport::validator::uattributesvalidator::UAttributesValidator::validate_reqid
FN:651,uprotocol_sdk::transport::validator::uattributesvalidator::tests::test_validating_request_validator_with_wrong_messagetype
FN:280,<uprotocol_sdk::transport::validator::uattributesvalidator::RequestValidator as uprotocol_sdk::transport::validator::uattributesvalidator::UAttributesValidator>::validate_sink
FN:41,uprotocol_sdk::transport::validator::uattributesvalidator::UAttributesValidator::validate::{{closure}}
FN:754,uprotocol_sdk::transport::validator::uattributesvalidator::tests::test_validating_response_validator_with_wrong_messagetype::{{closure}}
FN:203,uprotocol_sdk::transport::validator::uattributesvalidator::Validators::validator
FN:578,uprotocol_sdk::transport::validator::uattributesvalidator::tests::test_validating_valid_permission_level_attribute
FN:631,uprotocol_sdk::transport::validator::uattributesvalidator::tests::test_validating_request_message_types::{{closure}}
FN:595,uprotocol_sdk::transport::validator::uattributesvalidator::tests::test_validating_invalid_commstatus_attribute
FN:557,uprotocol_sdk::transport::validator::uattributesvalidator::tests::test_validating_valid_req_id_attribute::{{closure}}
FN:40,uprotocol_sdk::transport::validator::uattributesvalidator::UAttributesValidator::validate::{{closure}}
FN:211,uprotocol_sdk::transport::validator::uattributesvalidator::Validators::get_validator
FN:477,uprotocol_sdk::transport::validator::uattributesvalidator::tests::test_validating_valid_ttl_attribute::{{closure}}
FN:671,uprotocol_sdk::transport::validator::uattributesvalidator::tests::test_validating_request_validator_with_wrong_bad_ttl
FN:714,uprotocol_sdk::transport::validator::uattributesvalidator::tests::test_validating_response_validator_with_bad_reqid
FN:263,<uprotocol_sdk::transport::validator::uattributesvalidator::RequestValidator as uprotocol_sdk::transport::validator::uattributesvalidator::UAttributesValidator>::validate_type
FN:477,uprotocol_sdk::transport::validator::uattributesvalidator::tests::test_validating_valid_ttl_attribute
FN:538,uprotocol_sdk::transport::validator::uattributesvalidator::tests::test_validating_invalid_req_id_attribute::{{closure}}
FN:106,uprotocol_sdk::transport::validator::uattributesvalidator::UAttributesValidator::validate_id
FN:41,uprotocol_sdk::transport::validator::uattributesvalidator::UAttributesValidator::validate::{{closure}}
FN:123,uprotocol_sdk::transport::validator::uattributesvalidator::UAttributesValidator::validate_reqid
FN:280,<uprotocol_sdk::transport::validator::uattributesvalidator::RequestValidator as uprotocol_sdk::transport::validator::uattributesvalidator::UAttributesValidator>::validate_sink
FN:692,uprotocol_sdk::transport::validator::uattributesvalidator::tests::test_validating_response_validator_with_wrong_bad_ttl::{{closure}}
FN:106,uprotocol_sdk::transport::validator::uattributesvalidator::UAttributesValidator::validate_id
FN:178,uprotocol_sdk::transport::validator::uattributesvalidator::UAttributesValidator::validate_commstatus
FN:123,uprotocol_sdk::transport::validator::uattributesvalidator::UAttributesValidator::validate_reqid
FN:203,uprotocol_sdk::transport::validator::uattributesvalidator::Validators::validator
FN:178,uprotocol_sdk::transport::validator::uattributesvalidator::UAttributesValidator::validate_commstatus
FN:72,uprotocol_sdk::transport::validator::uattributesvalidator::UAttributesValidator::is_expired
FN:517,uprotocol_sdk::transport::validator::uattributesvalidator::tests::test_validating_valid_sink_attribute::{{closure}}
FN:390,uprotocol_sdk::transport::validator::uattributesvalidator::tests::test_fetching_validator_for_valid_types::{{closure}}
FN:162,uprotocol_sdk::transport::validator::uattributesvalidator::UAttributesValidator::validate_sink
FN:106,uprotocol_sdk::transport::validator::uattributesvalidator::UAttributesValidator::validate_id
FN:297,<uprotocol_sdk::transport::validator::uattributesvalidator::RequestValidator as uprotocol_sdk::transport::validator::uattributesvalidator::UAttributesValidator>::validate_ttl
FN:30,uprotocol_sdk::transport::validator::uattributesvalidator::UAttributesValidator::validate
FN:40,uprotocol_sdk::transport::validator::uattributesvalidator::UAttributesValidator::validate::{{closure}}
FN:250,<uprotocol_sdk::transport::validator::uattributesvalidator::RequestValidator as uprotocol_sdk::transport::validator::uattributesvalidator::UAttributesValidator>::type_name
FN:390,uprotocol_sdk::transport::validator::uattributesvalidator::tests::test_fetching_validator_for_valid_types
FN:41,uprotocol_sdk::transport::validator::uattributesvalidator::UAttributesValidator::validate::{{closure}}
FN:595,uprotocol_sdk::transport::validator::uattributesvalidator::tests::test_validating_invalid_commstatus_attribute::{{closure}}
FN:144,uprotocol_sdk::transport::validator::uattributesvalidator::UAttributesValidator::validate_ttl
FN:162,uprotocol_sdk::transport::validator::uattributesvalidator::UAttributesValidator::validate_sink
FN:224,<uprotocol_sdk::transport::validator::uattributesvalidator::PublishValidator as uprotocol_sdk::transport::validator::uattributesvalidator::UAttributesValidator>::type_name
FN:557,uprotocol_sdk::transport::validator::uattributesvalidator::tests::test_validating_valid_req_id_attribute
FN:30,uprotocol_sdk::transport::validator::uattributesvalidator::UAttributesValidator::validate
FN:538,uprotocol_sdk::transport::validator::uattributesvalidator::tests::test_validating_invalid_req_id_attribute::{{closure}}
FN:250,<uprotocol_sdk::transport::validator::uattributesvalidator::RequestValidator as uprotocol_sdk::transport::validator::uattributesvalidator::UAttributesValidator>::type_name
FN:457,uprotocol_sdk::transport::validator::uattributesvalidator::tests::test_validating_publish_invalid_ttl_attribute
FN:144,uprotocol_sdk::transport::validator::uattributesvalidator::UAttributesValidator::validate_ttl
FN:178,uprotocol_sdk::transport::validator::uattributesvalidator::UAttributesValidator::validate_commstatus
FN:327,<uprotocol_sdk::transport::validator::uattributesvalidator::ResponseValidator as uprotocol_sdk::transport::validator::uattributesvalidator::UAttributesValidator>::validate_type
FN:517,uprotocol_sdk::transport::validator::uattributesvalidator::tests::test_validating_valid_sink_attribute
FN:30,uprotocol_sdk::transport::validator::uattributesvalidator::UAttributesValidator::validate
FN:631,uprotocol_sdk::transport::validator::uattributesvalidator::tests::test_validating_request_message_types
FN:40,uprotocol_sdk::transport::validator::uattributesvalidator::UAttributesValidator::validate::{{closure}}
FN:327,<uprotocol_sdk::transport::validator::uattributesvalidator::ResponseValidator as uprotocol_sdk::transport::validator::uattributesvalidator::UAttributesValidator>::validate_type
FN:671,uprotocol_sdk::transport::validator::uattributesvalidator::tests::test_validating_request_validator_with_wrong_bad_ttl
FN:41,uprotocol_sdk::transport::validator::uattributesvalidator::UAttributesValidator::validate::{{closure}}
FN:736,uprotocol_sdk::transport::validator::uattributesvalidator::tests::test_validating_publish_validator_with_wrong_messagetype::{{closure}}
FN:203,uprotocol_sdk::transport::validator::uattributesvalidator::Validators::validator
FN:123,uprotocol_sdk::transport::validator::uattributesvalidator::UAttributesValidator::validate_reqid
FN:736,uprotocol_sdk::transport::validator::uattributesvalidator::tests::test_validating_publish_validator_with_wrong_messagetype
FN:106,uprotocol_sdk::transport::validator::uattributesvalidator::UAttributesValidator::validate_id
FN:203,uprotocol_sdk::transport::validator::uattributesvalidator::Validators::validator
FN:237,<uprotocol_sdk::transport::validator::uattributesvalidator::PublishValidator as uprotocol_sdk::transport::validator::uattributesvalidator::UAttributesValidator>::validate_type
FN:178,uprotocol_sdk::transport::validator::uattributesvalidator::UAttributesValidator::validate_commstatus
FN:344,<uprotocol_sdk::transport::validator::uattributesvalidator::ResponseValidator as uprotocol_sdk::transport::validator::uattributesvalidator::UAttributesValidator>::validate_sink
FN:432,uprotocol_sdk::transport::validator::uattributesvalidator::tests::test_validating_valid_publish_messagetypes
FN:614,uprotocol_sdk::transport::validator::uattributesvalidator::tests::test_validating_valid_commstatus_attribute
FN:162,uprotocol_sdk::transport::validator::uattributesvalidator::UAttributesValidator::validate_sink
FN:714,uprotocol_sdk::transport::validator::uattributesvalidator::tests::test_validating_response_validator_with_bad_reqid::{{closure}}
FN:432,uprotocol_sdk::transport::validator::uattributesvalidator::tests::test_validating_valid_publish_messagetypes
FN:30,uprotocol_sdk::transport::validator::uattributesvalidator::UAttributesValidator::validate
FN:263,<uprotocol_sdk::transport::validator::uattributesvalidator::RequestValidator as uprotocol_sdk::transport::validator::uattributesvalidator::UAttributesValidator>::validate_type
FN:263,<uprotocol_sdk::transport::validator::uattributesvalidator::RequestValidator as uprotocol_sdk::transport::validator::uattributesvalidator::UAttributesValidator>::validate_type
FN:671,uprotocol_sdk::transport::validator::uattributesvalidator::tests::test_validating_request_validator_with_wrong_bad_ttl::{{closure}}
FN:314,<uprotocol_sdk::transport::validator::uattributesvalidator::ResponseValidator as uprotocol_sdk::transport::validator::uattributesvalidator::UAttributesValidator>::type_name
FN:40,uprotocol_sdk::transport::validator::uattributesvalidator::UAttributesValidator::validate::{{closure}}
FN:651,uprotocol_sdk::transport::validator::uattributesvalidator::tests::test_validating_request_validator_with_wrong_messagetype
FN:361,<uprotocol_sdk::transport::validator::uattributesvalidator::ResponseValidator as uprotocol_sdk::transport::validator::uattributesvalidator::UAttributesValidator>::validate_reqid
FN:477,uprotocol_sdk::transport::validator::uattributesvalidator::tests::test_validating_valid_ttl_attribute
FN:178,uprotocol_sdk::transport::validator::uattributesvalidator::UAttributesValidator::validate_commstatus
FN:538,uprotocol_sdk::transport::validator::uattributesvalidator::tests::test_validating_invalid_req_id_attribute
FN:30,uprotocol_sdk::transport::validator::uattributesvalidator::UAttributesValidator::validate
FN:40,uprotocol_sdk::transport::validator::uattributesvalidator::UAttributesValidator::validate::{{closure}}
FN:327,<uprotocol_sdk::transport::validator::uattributesvalidator::ResponseValidator as uprotocol_sdk::transport::validator::uattributesvalidator::UAttributesValidator>::validate_type
FN:106,uprotocol_sdk::transport::validator::uattributesvalidator::UAttributesValidator::validate_id
FN:144,uprotocol_sdk::transport::validator::uattributesvalidator::UAttributesValidator::validate_ttl
FN:144,uprotocol_sdk::transport::validator::uattributesvalidator::UAttributesValidator::validate_ttl
FN:754,uprotocol_sdk::transport::validator::uattributesvalidator::tests::test_validating_response_validator_with_wrong_messagetype
FN:774,uprotocol_sdk::transport::validator::uattributesvalidator::tests::test_validating_request_containing_hint_and_token
FN:390,uprotocol_sdk::transport::validator::uattributesvalidator::tests::test_fetching_validator_for_valid_types::{{closure}}
FN:517,uprotocol_sdk::transport::validator::uattributesvalidator::tests::test_validating_valid_sink_attribute
FN:224,<uprotocol_sdk::transport::validator::uattributesvalidator::PublishValidator as uprotocol_sdk::transport::validator::uattributesvalidator::UAttributesValidator>::type_name
FN:72,uprotocol_sdk::transport::validator::uattributesvalidator::UAttributesValidator::is_expired
FN:178,uprotocol_sdk::transport::validator::uattributesvalidator::UAttributesValidator::validate_commstatus
FN:237,<uprotocol_sdk::transport::validator::uattributesvalidator::PublishValidator as uprotocol_sdk::transport::validator::uattributesvalidator::UAttributesValidator>::validate_type
FN:754,uprotocol_sdk::transport::validator::uattributesvalidator::tests::test_validating_response_validator_with_wrong_messagetype::{{closure}}
FN:314,<uprotocol_sdk::transport::validator::uattributesvalidator::ResponseValidator as uprotocol_sdk::transport::validator::uattributesvalidator::UAttributesValidator>::type_name
FNDA:0,uprotocol_sdk::transport::validator::uattributesvalidator::UAttributesValidator::validate_commstatus
FNDA:1,<uprotocol_sdk::transport::validator::uattributesvalidator::RequestValidator as uprotocol_sdk::transport::validator::uattributesvalidator::UAttributesValidator>::validate_ttl
FNDA:1,uprotocol_sdk::transport::validator::uattributesvalidator::tests::test_validating_valid_permission_level_attribute::{{closure}}
FNDA:1,uprotocol_sdk::transport::validator::uattributesvalidator::UAttributesValidator::validate::{{closure}}
FNDA:0,uprotocol_sdk::transport::validator::uattributesvalidator::UAttributesValidator::validate::{{closure}}
FNDA:1,<uprotocol_sdk::transport::validator::uattributesvalidator::ResponseValidator as uprotocol_sdk::transport::validator::uattributesvalidator::UAttributesValidator>::validate_sink
FNDA:1,uprotocol_sdk::transport::validator::uattributesvalidator::tests::test_validating_publish_invalid_ttl_attribute::{{closure}}
FNDA:0,uprotocol_sdk::transport::validator::uattributesvalidator::UAttributesValidator::validate_reqid
FNDA:1,uprotocol_sdk::transport::validator::uattributesvalidator::UAttributesValidator::validate_id
FNDA:1,uprotocol_sdk::transport::validator::uattributesvalidator::UAttributesValidator::validate_commstatus
FNDA:1,uprotocol_sdk::transport::validator::uattributesvalidator::tests::test_validating_valid_ttl_attribute::{{closure}}
FNDA:1,uprotocol_sdk::transport::validator::uattributesvalidator::tests::test_validating_valid_permission_level_attribute
FNDA:1,uprotocol_sdk::transport::validator::uattributesvalidator::UAttributesValidator::validate_id
FNDA:1,uprotocol_sdk::transport::validator::uattributesvalidator::tests::test_validating_request_validator_with_wrong_messagetype::{{closure}}
FNDA:0,uprotocol_sdk::transport::validator::uattributesvalidator::UAttributesValidator::is_expired
FNDA:1,uprotocol_sdk::transport::validator::uattributesvalidator::tests::test_validating_valid_req_id_attribute::{{closure}}
FNDA:1,uprotocol_sdk::transport::validator::uattributesvalidator::tests::test_validating_valid_commstatus_attribute::{{closure}}
FNDA:1,uprotocol_sdk::transport::validator::uattributesvalidator::tests::test_validating_request_validator_with_wrong_messagetype::{{closure}}
FNDA:0,<uprotocol_sdk::transport::validator::uattributesvalidator::PublishValidator as uprotocol_sdk::transport::validator::uattributesvalidator::UAttributesValidator>::type_name
FNDA:1,uprotocol_sdk::transport::validator::uattributesvalidator::tests::test_validating_response_validator_with_bad_reqid
FNDA:1,uprotocol_sdk::transport::validator::uattributesvalidator::tests::test_validating_invalid_req_id_attribute
FNDA:1,uprotocol_sdk::transport::validator::uattributesvalidator::tests::test_validating_request_validator_with_wrong_bad_ttl::{{closure}}
FNDA:0,uprotocol_sdk::transport::validator::uattributesvalidator::UAttributesValidator::validate::{{closure}}
FNDA:0,uprotocol_sdk::transport::validator::uattributesvalidator::UAttributesValidator::validate::{{closure}}
FNDA:0,<uprotocol_sdk::transport::validator::uattributesvalidator::ResponseValidator as uprotocol_sdk::transport::validator::uattributesvalidator::UAttributesValidator>::validate_sink
FNDA:0,uprotocol_sdk::transport::validator::uattributesvalidator::UAttributesValidator::is_expired
FNDA:1,uprotocol_sdk::transport::validator::uattributesvalidator::UAttributesValidator::validate::{{closure}}
FNDA:1,uprotocol_sdk::transport::validator::uattributesvalidator::UAttributesValidator::validate
FNDA:1,uprotocol_sdk::transport::validator::uattributesvalidator::UAttributesValidator::validate_id
FNDA:1,uprotocol_sdk::transport::validator::uattributesvalidator::tests::test_validating_invalid_sink_attribute::{{closure}}
FNDA:0,<uprotocol_sdk::transport::validator::uattributesvalidator::PublishValidator as uprotocol_sdk::transport::validator::uattributesvalidator::UAttributesValidator>::validate_type
FNDA:1,uprotocol_sdk::transport::validator::uattributesvalidator::UAttributesValidator::validate_reqid
FNDA:0,uprotocol_sdk::transport::validator::uattributesvalidator::UAttributesValidator::is_expired
FNDA:1,uprotocol_sdk::transport::validator::uattributesvalidator::UAttributesValidator::validate::{{closure}}
FNDA:1,uprotocol_sdk::transport::validator::uattributesvalidator::UAttributesValidator::validate_reqid
FNDA:1,uprotocol_sdk::transport::validator::uattributesvalidator::tests::test_validating_response_validator_with_wrong_bad_ttl
FNDA:0,uprotocol_sdk::transport::validator::uattributesvalidator::UAttributesValidator::validate::{{closure}}
FNDA:1,uprotocol_sdk::transport::validator::uattributesvalidator::tests::test_validating_response_validator_with_wrong_messagetype
FNDA:1,uprotocol_sdk::transport::validator::uattributesvalidator::UAttributesValidator::validate_ttl
FNDA:1,uprotocol_sdk::transport::validator::uattributesvalidator::tests::test_validating_publish_validator_with_wrong_messagetype::{{closure}}
FNDA:0,uprotocol_sdk::transport::validator::uattributesvalidator::UAttributesValidator::is_expired
FNDA:1,uprotocol_sdk::transport::validator::uattributesvalidator::UAttributesValidator::validate::{{closure}}
FNDA:1,<uprotocol_sdk::transport::validator::uattributesvalidator::ResponseValidator as uprotocol_sdk::transport::validator::uattributesvalidator::UAttributesValidator>::validate_reqid
FNDA:0,uprotocol_sdk::transport::validator::uattributesvalidator::UAttributesValidator::validate_id
FNDA:0,<uprotocol_sdk::transport::validator::uattributesvalidator::RequestValidator as uprotocol_sdk::transport::validator::uattributesvalidator::UAttributesValidator>::validate_sink
FNDA:0,<uprotocol_sdk::transport::validator::uattributesvalidator::ResponseValidator as uprotocol_sdk::transport::validator::uattributesvalidator::UAttributesValidator>::validate_reqid
FNDA:0,uprotocol_sdk::transport::validator::uattributesvalidator::UAttributesValidator::is_expired
FNDA:0,<uprotocol_sdk::transport::validator::uattributesvalidator::ResponseValidator as uprotocol_sdk::transport::validator::uattributesvalidator::UAttributesValidator>::validate_sink
FNDA:0,uprotocol_sdk::transport::validator::uattributesvalidator::Validators::get_validator
FNDA:1,uprotocol_sdk::transport::validator::uattributesvalidator::tests::test_validating_invalid_sink_attribute::{{closure}}
FNDA:1,uprotocol_sdk::transport::validator::uattributesvalidator::tests::test_validating_valid_publish_messagetypes::{{closure}}
FNDA:1,uprotocol_sdk::transport::validator::uattributesvalidator::UAttributesValidator::validate_commstatus
FNDA:1,uprotocol_sdk::transport::validator::uattributesvalidator::tests::test_validating_publish_invalid_ttl_attribute
FNDA:1,uprotocol_sdk::transport::validator::uattributesvalidator::UAttributesValidator::validate_commstatus
FNDA:1,uprotocol_sdk::transport::validator::uattributesvalidator::tests::test_validating_publish_validator_with_wrong_messagetype
FNDA:1,uprotocol_sdk::transport::validator::uattributesvalidator::UAttributesValidator::validate
FNDA:1,uprotocol_sdk::transport::validator::uattributesvalidator::UAttributesValidator::validate_ttl
FNDA:1,<uprotocol_sdk::transport::validator::uattributesvalidator::RequestValidator as uprotocol_sdk::transport::validator::uattributesvalidator::UAttributesValidator>::validate_sink
FNDA:1,uprotocol_sdk::transport::validator::uattributesvalidator::tests::test_validating_invalid_commstatus_attribute::{{closure}}
FNDA:0,uprotocol_sdk::transport::validator::uattributesvalidator::UAttributesValidator::validate_id
FNDA:0,<uprotocol_sdk::transport::validator::uattributesvalidator::RequestValidator as uprotocol_sdk::transport::validator::uattributesvalidator::UAttributesValidator>::validate_ttl
FNDA:1,uprotocol_sdk::transport::validator::uattributesvalidator::UAttributesValidator::validate
FNDA:0,uprotocol_sdk::transport::validator::uattributesvalidator::UAttributesValidator::is_expired
FNDA:0,<uprotocol_sdk::transport::validator::uattributesvalidator::ResponseValidator as uprotocol_sdk::transport::validator::uattributesvalidator::UAttributesValidator>::validate_reqid
FNDA:1,uprotocol_sdk::transport::validator::uattributesvalidator::tests::test_validating_valid_sink_attribute::{{closure}}
FNDA:1,<uprotocol_sdk::transport::validator::uattributesvalidator::PublishValidator as uprotocol_sdk::transport::validator::uattributesvalidator::UAttributesValidator>::type_name
FNDA:0,uprotocol_sdk::transport::validator::uattributesvalidator::UAttributesValidator::validate::{{closure}}
FNDA:1,uprotocol_sdk::transport::validator::uattributesvalidator::tests::test_validating_invalid_sink_attribute
FNDA:1,uprotocol_sdk::transport::validator::uattributesvalidator::tests::test_validating_request_message_types::{{closure}}
FNDA:1,uprotocol_sdk::transport::validator::uattributesvalidator::tests::test_validating_valid_permission_level_attribute::{{closure}}
FNDA:1,uprotocol_sdk::transport::validator::uattributesvalidator::Validators::get_validator
FNDA:0,uprotocol_sdk::transport::validator::uattributesvalidator::UAttributesValidator::validate_commstatus
FNDA:0,uprotocol_sdk::transport::validator::uattributesvalidator::UAttributesValidator::is_expired
FNDA:1,uprotocol_sdk::transport::validator::uattributesvalidator::tests::test_validating_request_containing_hint_and_token::{{closure}}
FNDA:0,<uprotocol_sdk::transport::validator::uattributesvalidator::PublishValidator as uprotocol_sdk::transport::validator::uattributesvalidator::UAttributesValidator>::validate_type
FNDA:0,uprotocol_sdk::transport::validator::uattributesvalidator::UAttributesValidator::validate::{{closure}}
FNDA:1,uprotocol_sdk::transport::validator::uattributesvalidator::tests::test_validating_response_validator_with_wrong_bad_ttl::{{closure}}
FNDA:0,uprotocol_sdk::transport::validator::uattributesvalidator::UAttributesValidator::is_expired
FNDA:1,uprotocol_sdk::transport::validator::uattributesvalidator::tests::test_validating_publish_invalid_ttl_attribute::{{closure}}
FNDA:1,uprotocol_sdk::transport::validator::uattributesvalidator::tests::test_validating_valid_commstatus_attribute::{{closure}}
FNDA:1,uprotocol_sdk::transport::validator::uattributesvalidator::tests::test_validating_response_validator_with_bad_reqid::{{closure}}
FNDA:1,uprotocol_sdk::transport::validator::uattributesvalidator::tests::test_validating_response_validator_with_wrong_bad_ttl
FNDA:0,uprotocol_sdk::transport::validator::uattributesvalidator::UAttributesValidator::validate
FNDA:1,uprotocol_sdk::transport::validator::uattributesvalidator::tests::test_validating_request_containing_hint_and_token
FNDA:0,<uprotocol_sdk::transport::validator::uattributesvalidator::RequestValidator as uprotocol_sdk::transport::validator::uattributesvalidator::UAttributesValidator>::type_name
FNDA:0,<uprotocol_sdk::transport::validator::uattributesvalidator::ResponseValidator as uprotocol_sdk::transport::validator::uattributesvalidator::UAttributesValidator>::validate_type
FNDA:1,uprotocol_sdk::transport::validator::uattributesvalidator::tests::test_validating_valid_publish_messagetypes::{{closure}}
FNDA:1,uprotocol_sdk::transport::validator::uattributesvalidator::UAttributesValidator::validate_ttl
FNDA:0,<uprotocol_sdk::transport::validator::uattributesvalidator::RequestValidator as uprotocol_sdk::transport::validator::uattributesvalidator::UAttributesValidator>::validate_ttl
FNDA:1,uprotocol_sdk::transport::validator::uattributesvalidator::tests::test_validating_request_message_types
FNDA:1,uprotocol_sdk::transport::validator::uattributesvalidator::tests::test_validating_valid_commstatus_attribute
FNDA:0,uprotocol_sdk::transport::validator::uattributesvalidator::UAttributesValidator::is_expired
FNDA:1,<uprotocol_sdk::transport::validator::uattributesvalidator::ResponseValidator as uprotocol_sdk::transport::validator::uattributesvalidator::UAttributesValidator>::type_name
FNDA:1,uprotocol_sdk::transport::validator::uattributesvalidator::tests::test_fetching_validator_for_valid_types
FNDA:0,uprotocol_sdk::transport::validator::uattributesvalidator::Validators::get_validator
FNDA:0,uprotocol_sdk::transport::validator::uattributesvalidator::UAttributesValidator::is_expired
FNDA:1,uprotocol_sdk::transport::validator::uattributesvalidator::tests::test_validating_invalid_commstatus_attribute
FNDA:0,uprotocol_sdk::transport::validator::uattributesvalidator::UAttributesValidator::validate_id
FNDA:0,uprotocol_sdk::transport::validator::uattributesvalidator::UAttributesValidator::validate::{{closure}}
FNDA:1,uprotocol_sdk::transport::validator::uattributesvalidator::UAttributesValidator::validate::{{closure}}
FNDA:0,uprotocol_sdk::transport::validator::uattributesvalidator::UAttributesValidator::validate
FNDA:0,uprotocol_sdk::transport::validator::uattributesvalidator::UAttributesValidator::validate_ttl
FNDA:1,uprotocol_sdk::transport::validator::uattributesvalidator::tests::test_validating_invalid_sink_attribute
FNDA:1,uprotocol_sdk::transport::validator::uattributesvalidator::UAttributesValidator::validate::{{closure}}
FNDA:1,uprotocol_sdk::transport::validator::uattributesvalidator::tests::test_validating_request_containing_hint_and_token::{{closure}}
FNDA:0,uprotocol_sdk::transport::validator::uattributesvalidator::UAttributesValidator::validate
FNDA:0,uprotocol_sdk::transport::validator::uattributesvalidator::UAttributesValidator::validate
FNDA:1,uprotocol_sdk::transport::validator::uattributesvalidator::UAttributesValidator::validate::{{closure}}
FNDA:1,uprotocol_sdk::transport::validator::uattributesvalidator::UAttributesValidator::validate_sink
FNDA:1,uprotocol_sdk::transport::validator::uattributesvalidator::tests::test_validating_valid_req_id_attribute
FNDA:0,<uprotocol_sdk::transport::validator::uattributesvalidator::ResponseValidator as uprotocol_sdk::transport::validator::uattributesvalidator::UAttributesValidator>::type_name
FNDA:0,uprotocol_sdk::transport::validator::uattributesvalidator::UAttributesValidator::validate_id
FNDA:1,<uprotocol_sdk::transport::validator::uattributesvalidator::RequestValidator as uprotocol_sdk::transport::validator::uattributesvalidator::UAttributesValidator>::validate_type
FNDA:1,<uprotocol_sdk::transport::validator::uattributesvalidator::RequestValidator as uprotocol_sdk::transport::validator::uattributesvalidator::UAttributesValidator>::type_name
FNDA:0,uprotocol_sdk::transport::validator::uattributesvalidator::UAttributesValidator::validate_reqid
FNDA:1,uprotocol_sdk::transport::validator::uattributesvalidator::UAttributesValidator::validate_commstatus
FNDA:1,uprotocol_sdk::transport::validator::uattributesvalidator::UAttributesValidator::validate::{{closure}}
FNDA:1,uprotocol_sdk::transport::validator::uattributesvalidator::UAttributesValidator::validate_reqid
FNDA:1,uprotocol_sdk::transport::validator::uattributesvalidator::tests::test_validating_request_validator_with_wrong_messagetype
FNDA:1,<uprotocol_sdk::transport::validator::uattributesvalidator::RequestValidator as uprotocol_sdk::transport::validator::uattributesvalidator::UAttributesValidator>::validate_sink
FNDA:0,uprotocol_sdk::transport::validator::uattributesvalidator::UAttributesValidator::validate::{{closure}}
FNDA:1,uprotocol_sdk::transport::validator::uattributesvalidator::tests::test_validating_response_validator_with_wrong_messagetype::{{closure}}
FNDA:1,uprotocol_sdk::transport::validator::uattributesvalidator::Validators::validator
FNDA:1,uprotocol_sdk::transport::validator::uattributesvalidator::tests::test_validating_valid_permission_level_attribute
FNDA:1,uprotocol_sdk::transport::validator::uattributesvalidator::tests::test_validating_request_message_types::{{closure}}
FNDA:1,uprotocol_sdk::transport::validator::uattributesvalidator::tests::test_validating_invalid_commstatus_attribute
FNDA:1,uprotocol_sdk::transport::validator::uattributesvalidator::tests::test_validating_valid_req_id_attribute::{{closure}}
FNDA:1,uprotocol_sdk::transport::validator::uattributesvalidator::UAttributesValidator::validate::{{closure}}
FNDA:1,uprotocol_sdk::transport::validator::uattributesvalidator::Validators::get_validator
FNDA:1,uprotocol_sdk::transport::validator::uattributesvalidator::tests::test_validating_valid_ttl_attribute::{{closure}}
FNDA:1,uprotocol_sdk::transport::validator::uattributesvalidator::tests::test_validating_request_validator_with_wrong_bad_ttl
FNDA:1,uprotocol_sdk::transport::validator::uattributesvalidator::tests::test_validating_response_validator_with_bad_reqid
FNDA:0,<uprotocol_sdk::transport::validator::uattributesvalidator::RequestValidator as uprotocol_sdk::transport::validator::uattributesvalidator::UAttributesValidator>::validate_type
FNDA:1,uprotocol_sdk::transport::validator::uattributesvalidator::tests::test_validating_valid_ttl_attribute
FNDA:1,uprotocol_sdk::transport::validator::uattributesvalidator::tests::test_validating_invalid_req_id_attribute::{{closure}}
FNDA:1,uprotocol_sdk::transport::validator::uattributesvalidator::UAttributesValidator::validate_id
FNDA:0,uprotocol_sdk::transport::validator::uattributesvalidator::UAttributesValidator::validate::{{closure}}
FNDA:0,uprotocol_sdk::transport::validator::uattributesvalidator::UAttributesValidator::validate_reqid
FNDA:0,<uprotocol_sdk::transport::validator::uattributesvalidator::RequestValidator as uprotocol_sdk::transport::validator::uattributesvalidator::UAttributesValidator>::validate_sink
FNDA:1,uprotocol_sdk::transport::validator::uattributesvalidator::tests::test_validating_response_validator_with_wrong_bad_ttl::{{closure}}
FNDA:1,uprotocol_sdk::transport::validator::uattributesvalidator::UAttributesValidator::validate_id
FNDA:0,uprotocol_sdk::transport::validator::uattributesvalidator::UAttributesValidator::validate_commstatus
FNDA:1,uprotocol_sdk::transport::validator::uattributesvalidator::UAttributesValidator::validate_reqid
FNDA:1,uprotocol_sdk::transport::validator::uattributesvalidator::Validators::validator
FNDA:0,uprotocol_sdk::transport::validator::uattributesvalidator::UAttributesValidator::validate_commstatus
FNDA:0,uprotocol_sdk::transport::validator::uattributesvalidator::UAttributesValidator::is_expired
FNDA:1,uprotocol_sdk::transport::validator::uattributesvalidator::tests::test_validating_valid_sink_attribute::{{closure}}
FNDA:1,uprotocol_sdk::transport::validator::uattributesvalidator::tests::test_fetching_validator_for_valid_types::{{closure}}
FNDA:1,uprotocol_sdk::transport::validator::uattributesvalidator::UAttributesValidator::validate_sink
FNDA:1,uprotocol_sdk::transport::validator::uattributesvalidator::UAttributesValidator::validate_id
FNDA:1,<uprotocol_sdk::transport::validator::uattributesvalidator::RequestValidator as uprotocol_sdk::transport::validator::uattributesvalidator::UAttributesValidator>::validate_ttl
FNDA:1,uprotocol_sdk::transport::validator::uattributesvalidator::UAttributesValidator::validate
FNDA:1,uprotocol_sdk::transport::validator::uattributesvalidator::UAttributesValidator::validate::{{closure}}
FNDA:1,<uprotocol_sdk::transport::validator::uattributesvalidator::RequestValidator as uprotocol_sdk::transport::validator::uattributesvalidator::UAttributesValidator>::type_name
FNDA:1,uprotocol_sdk::transport::validator::uattributesvalidator::tests::test_fetching_validator_for_valid_types
FNDA:0,uprotocol_sdk::transport::validator::uattributesvalidator::UAttributesValidator::validate::{{closure}}
FNDA:1,uprotocol_sdk::transport::validator::uattributesvalidator::tests::test_validating_invalid_commstatus_attribute::{{closure}}
FNDA:0,uprotocol_sdk::transport::validator::uattributesvalidator::UAttributesValidator::validate_ttl
FNDA:0,uprotocol_sdk::transport::validator::uattributesvalidator::UAttributesValidator::validate_sink
FNDA:0,<uprotocol_sdk::transport::validator::uattributesvalidator::PublishValidator as uprotocol_sdk::transport::validator::uattributesvalidator::UAttributesValidator>::type_name
FNDA:1,uprotocol_sdk::transport::validator::uattributesvalidator::tests::test_validating_valid_req_id_attribute
FNDA:0,uprotocol_sdk::transport::validator::uattributesvalidator::UAttributesValidator::validate
FNDA:1,uprotocol_sdk::transport::validator::uattributesvalidator::tests::test_validating_invalid_req_id_attribute::{{closure}}
FNDA:0,<uprotocol_sdk::transport::validator::uattributesvalidator::RequestValidator as uprotocol_sdk::transport::validator::uattributesvalidator::UAttributesValidator>::type_name
FNDA:1,uprotocol_sdk::transport::validator::uattributesvalidator::tests::test_validating_publish_invalid_ttl_attribute
FNDA:1,uprotocol_sdk::transport::validator::uattributesvalidator::UAttributesValidator::validate_ttl
FNDA:0,uprotocol_sdk::transport::validator::uattributesvalidator::UAttributesValidator::validate_commstatus
FNDA:1,<uprotocol_sdk::transport::validator::uattributesvalidator::ResponseValidator as uprotocol_sdk::transport::validator::uattributesvalidator::UAttributesValidator>::validate_type
FNDA:1,uprotocol_sdk::transport::validator::uattributesvalidator::tests::test_validating_valid_sink_attribute
FNDA:1,uprotocol_sdk::transport::validator::uattributesvalidator::UAttributesValidator::validate
FNDA:1,uprotocol_sdk::transport::validator::uattributesvalidator::tests::test_validating_request_message_types
FNDA:1,uprotocol_sdk::transport::validator::uattributesvalidator::UAttributesValidator::validate::{{closure}}
FNDA:0,<uprotocol_sdk::transport::validator::uattributesvalidator::ResponseValidator as uprotocol_sdk::transport::validator::uattributesvalidator::UAttributesValidator>::validate_type
FNDA:1,uprotocol_sdk::transport::validator::uattributesvalidator::tests::test_validating_request_validator_with_wrong_bad_ttl
FNDA:0,uprotocol_sdk::transport::validator::uattributesvalidator::UAttributesValidator::validate::{{closure}}
FNDA:1,uprotocol_sdk::transport::validator::uattributesvalidator::tests::test_validating_publish_validator_with_wrong_messagetype::{{closure}}
FNDA:0,uprotocol_sdk::transport::validator::uattributesvalidator::Validators::validator
FNDA:0,uprotocol_sdk::transport::validator::uattributesvalidator::UAttributesValidator::validate_reqid
FNDA:1,uprotocol_sdk::transport::validator::uattributesvalidator::tests::test_validating_publish_validator_with_wrong_messagetype
FNDA:0,uprotocol_sdk::transport::validator::uattributesvalidator::UAttributesValidator::validate_id
FNDA:0,uprotocol_sdk::transport::validator::uattributesvalidator::Validators::validator
FNDA:1,<uprotocol_sdk::transport::validator::uattributesvalidator::PublishValidator as uprotocol_sdk::transport::validator::uattributesvalidator::UAttributesValidator>::validate_type
FNDA:1,uprotocol_sdk::transport::validator::uattributesvalidator::UAttributesValidator::validate_commstatus
FNDA:1,<uprotocol_sdk::transport::validator::uattributesvalidator::ResponseValidator as uprotocol_sdk::transport::validator::uattributesvalidator::UAttributesValidator>::validate_sink
FNDA:1,uprotocol_sdk::transport::validator::uattributesvalidator::tests::test_validating_valid_publish_messagetypes
FNDA:1,uprotocol_sdk::transport::validator::uattributesvalidator::tests::test_validating_valid_commstatus_attribute
FNDA:0,uprotocol_sdk::transport::validator::uattributesvalidator::UAttributesValidator::validate_sink
FNDA:1,uprotocol_sdk::transport::validator::uattributesvalidator::tests::test_validating_response_validator_with_bad_reqid::{{closure}}
FNDA:1,uprotocol_sdk::transport::validator::uattributesvalidator::tests::test_validating_valid_publish_messagetypes
FNDA:1,uprotocol_sdk::transport::validator::uattributesvalidator::UAttributesValidator::validate
FNDA:0,<uprotocol_sdk::transport::validator::uattributesvalidator::RequestValidator as uprotocol_sdk::transport::validator::uattributesvalidator::UAttributesValidator>::validate_type
FNDA:1,<uprotocol_sdk::transport::validator::uattributesvalidator::RequestValidator as uprotocol_sdk::transport::validator::uattributesvalidator::UAttributesValidator>::validate_type
FNDA:1,uprotocol_sdk::transport::validator::uattributesvalidator::tests::test_validating_request_validator_with_wrong_bad_ttl::{{closure}}
FNDA:1,<uprotocol_sdk::transport::validator::uattributesvalidator::ResponseValidator as uprotocol_sdk::transport::validator::uattributesvalidator::UAttributesValidator>::type_name
FNDA:0,uprotocol_sdk::transport::validator::uattributesvalidator::UAttributesValidator::validate::{{closure}}
FNDA:1,uprotocol_sdk::transport::validator::uattributesvalidator::tests::test_validating_request_validator_with_wrong_messagetype
FNDA:1,<uprotocol_sdk::transport::validator::uattributesvalidator::ResponseValidator as uprotocol_sdk::transport::validator::uattributesvalidator::UAttributesValidator>::validate_reqid
FNDA:1,uprotocol_sdk::transport::validator::uattributesvalidator::tests::test_validating_valid_ttl_attribute
FNDA:0,uprotocol_sdk::transport::validator::uattributesvalidator::UAttributesValidator::validate_commstatus
FNDA:1,uprotocol_sdk::transport::validator::uattributesvalidator::tests::test_validating_invalid_req_id_attribute
FNDA:0,uprotocol_sdk::transport::validator::uattributesvalidator::UAttributesValidator::validate
FNDA:1,uprotocol_sdk::transport::validator::uattributesvalidator::UAttributesValidator::validate::{{closure}}
FNDA:1,<uprotocol_sdk::transport::validator::uattributesvalidator::ResponseValidator as uprotocol_sdk::transport::validator::uattributesvalidator::UAttributesValidator>::validate_type
FNDA:0,uprotocol_sdk::transport::validator::uattributesvalidator::UAttributesValidator::validate_id
FNDA:0,uprotocol_sdk::transport::validator::uattributesvalidator::UAttributesValidator::validate_ttl
FNDA:0,uprotocol_sdk::transport::validator::uattributesvalidator::UAttributesValidator::validate_ttl
FNDA:1,uprotocol_sdk::transport::validator::uattributesvalidator::tests::test_validating_response_validator_with_wrong_messagetype
FNDA:1,uprotocol_sdk::transport::validator::uattributesvalidator::tests::test_validating_request_containing_hint_and_token
FNDA:1,uprotocol_sdk::transport::validator::uattributesvalidator::tests::test_fetching_validator_for_valid_types::{{closure}}
FNDA:1,uprotocol_sdk::transport::validator::uattributesvalidator::tests::test_validating_valid_sink_attribute
FNDA:1,<uprotocol_sdk::transport::validator::uattributesvalidator::PublishValidator as uprotocol_sdk::transport::validator::uattributesvalidator::UAttributesValidator>::type_name
FNDA:0,uprotocol_sdk::transport::validator::uattributesvalidator::UAttributesValidator::is_expired
FNDA:1,uprotocol_sdk::transport::validator::uattributesvalidator::UAttributesValidator::validate_commstatus
FNDA:1,<uprotocol_sdk::transport::validator::uattributesvalidator::PublishValidator as uprotocol_sdk::transport::validator::uattributesvalidator::UAttributesValidator>::validate_type
FNDA:1,uprotocol_sdk::transport::validator::uattributesvalidator::tests::test_validating_response_validator_with_wrong_messagetype::{{closure}}
FNDA:0,<uprotocol_sdk::transport::validator::uattributesvalidator::ResponseValidator as uprotocol_sdk::transport::validator::uattributesvalidator::UAttributesValidator>::type_name
FNF:216
FNH:140
BRF:0
BRH:0
DA:30,20
DA:31,40
DA:32,20
DA:33,20
DA:34,20
DA:35,20
DA:36,20
DA:37,20
DA:40,120
DA:41,20
DA:44,20
DA:45,20
DA:46,8
DA:48,12
DA:50,20
DA:72,0
DA:73,0
DA:74,0
DA:75,0
DA:76,0
DA:78,0
DA:79,0
DA:85,0
DA:86,0
DA:88,0
DA:92,0
DA:95,0
DA:106,20
DA:107,20
DA:108,20
DA:110,0
DA:112,20
DA:123,18
DA:124,18
DA:125,4
DA:126,2
DA:128,2
DA:132,16
DA:133,18
DA:144,18
DA:145,18
DA:146,8
DA:147,4
DA:150,14
DA:151,18
DA:162,12
DA:163,12
DA:164,4
DA:166,8
DA:167,12
DA:178,24
DA:179,24
DA:180,4
DA:181,2
DA:183,2
DA:187,22
DA:188,24
DA:203,12
DA:204,24
DA:205,2
DA:206,4
DA:207,6
DA:209,12
DA:211,30
DA:212,60
DA:213,2
DA:214,4
DA:215,24
DA:217,30
DA:224,2
DA:226,2
DA:237,8
DA:238,8
DA:239,6
DA:241,2
DA:243,8
DA:250,2
DA:252,2
DA:263,6
DA:264,6
DA:265,4
DA:267,2
DA:269,6
DA:280,6
DA:281,6
DA:282,4
DA:284,2
DA:286,6
DA:297,6
DA:298,6
DA:299,4
DA:300,2
DA:302,2
DA:305,2
DA:307,6
DA:314,2
DA:316,2
DA:327,6
DA:328,6
DA:329,4
DA:331,2
DA:333,6
DA:344,6
DA:345,6
DA:346,4
DA:348,2
DA:350,6
DA:361,6
DA:362,6
DA:363,4
DA:364,2
DA:366,2
DA:368,2
DA:372,2
DA:374,6
DA:390,4
DA:392,2
DA:393,2
DA:394,2
DA:395,2
DA:398,2
DA:400,2
DA:401,2
DA:404,2
DA:405,2
DA:406,2
DA:407,2
DA:410,2
DA:411,2
DA:412,2
DA:415,2
DA:416,2
DA:417,2
DA:418,2
DA:421,2
DA:422,2
DA:423,2
DA:424,4
DA:432,4
DA:433,2
DA:434,2
DA:435,2
DA:436,2
DA:439,2
DA:441,2
DA:443,2
DA:444,2
DA:445,2
DA:446,4
DA:457,4
DA:458,2
DA:459,2
DA:460,2
DA:461,2
DA:466,2
DA:468,2
DA:470,2
DA:471,2
DA:472,2
DA:473,2
DA:474,4
DA:477,4
DA:478,2
DA:479,2
DA:480,2
DA:481,2
DA:485,2
DA:487,2
DA:489,2
DA:490,2
DA:491,4
DA:494,4
DA:495,2
DA:498,3
DA:499,2
DA:500,2
DA:501,2
DA:503,1
DA:505,2
DA:507,2
DA:510,2
DA:511,2
DA:512,2
DA:513,2
DA:514,4
DA:517,4
DA:518,2
DA:521,3
DA:522,2
DA:523,2
DA:524,2
DA:526,1
DA:528,2
DA:530,2
DA:533,2
DA:534,2
DA:535,4
DA:538,4
DA:539,4
DA:540,2
DA:541,2
DA:542,2
DA:544,2
DA:546,2
DA:548,2
DA:549,2
DA:551,2
DA:552,2
DA:553,2
DA:554,4
DA:557,4
DA:558,4
DA:559,2
DA:560,2
DA:561,2
DA:563,2
DA:565,2
DA:567,2
DA:568,2
DA:570,2
DA:571,4
DA:578,4
DA:579,2
DA:580,2
DA:581,2
DA:582,2
DA:586,2
DA:588,2
DA:589,2
DA:591,2
DA:592,4
DA:595,4
DA:596,2
DA:597,2
DA:598,2
DA:599,2
DA:603,2
DA:605,2
DA:606,2
DA:608,2
DA:609,2
DA:610,2
DA:611,4
DA:614,4
DA:615,2
DA:616,2
DA:617,2
DA:618,2
DA:622,2
DA:624,2
DA:625,2
DA:627,2
DA:628,4
DA:631,4
DA:632,2
DA:633,3
DA:634,2
DA:635,2
DA:636,2
DA:638,1
DA:641,2
DA:643,2
DA:644,2
DA:646,2
DA:647,2
DA:648,4
DA:651,4
DA:652,2
DA:653,2
DA:654,2
DA:655,2
DA:658,2
DA:660,2
DA:661,2
DA:663,2
DA:664,2
DA:665,2
DA:666,2
DA:667,2
DA:668,4
DA:671,4
DA:672,2
DA:673,3
DA:674,2
DA:675,2
DA:676,2
DA:678,1
DA:681,2
DA:683,2
DA:684,2
DA:686,2
DA:687,2
DA:688,2
DA:689,4
DA:692,4
DA:693,2
DA:694,5
DA:695,2
DA:696,2
DA:697,2
DA:699,1
DA:701,2
DA:703,2
DA:705,2
DA:706,2
DA:708,2
DA:709,2
DA:710,2
DA:711,4
DA:714,4
DA:715,2
DA:716,5
DA:717,2
DA:718,2
DA:719,2
DA:721,1
DA:723,2
DA:725,2
DA:727,2
DA:728,2
DA:730,2
DA:731,2
DA:732,2
DA:733,4
DA:736,4
DA:737,2
DA:738,2
DA:739,2
DA:740,2
[...]
FNDA:1,uprotocol_sdk::uri::serializer::longuriserializer::tests::test_build_protocol_uri_from_uri_when_uri_has_empty_use::{{closure}}
FNDA:1,uprotocol_sdk::uri::serializer::longuriserializer::tests::test_parse_protocol_uri_with_local_service_with_version_with_resource_with_instance_and_message
FNDA:1,uprotocol_sdk::uri::serializer::longuriserializer::tests::test_parse_protocol_rpc_uri_with_remote_service_no_version
FNDA:1,uprotocol_sdk::uri::serializer::longuriserializer::tests::test_parse_protocol_rpc_uri_with_local_service_with_version
FNDA:1,uprotocol_sdk::uri::serializer::longuriserializer::tests::test_parse_protocol_uri_with_schema_and_6_slash_and_something::{{closure}}
FNDA:1,uprotocol_sdk::uri::serializer::longuriserializer::tests::test_parse_protocol_uri_with_local_service_with_version_with_resource_with_message
FNDA:1,uprotocol_sdk::uri::serializer::longuriserializer::tests::test_parse_protocol_uri_with_remote_service_only_device_and_domain
FNDA:1,uprotocol_sdk::uri::serializer::longuriserializer::tests::test_parse_protocol_uri_with_local_service_with_version::{{closure}}
FNDA:1,uprotocol_sdk::uri::serializer::longuriserializer::tests::test_build_protocol_uri_from_uri_when_uri_has_local_authority_service_no_version_with_resource
FNDA:1,uprotocol_sdk::uri::serializer::longuriserializer::tests::test_parse_protocol_uri_with_remote_service_only_device_no_domain
FNDA:1,uprotocol_sdk::uri::serializer::longuriserializer::tests::test_build_protocol_uri_from_parts_when_uri_has_remote_authority_service_and_version_with_resource::{{closure}}
FNDA:1,uprotocol_sdk::uri::serializer::longuriserializer::tests::test_parse_protocol_uri_with_remote_service_no_version_with_resource_name_only::{{closure}}
FNDA:1,uprotocol_sdk::uri::serializer::longuriserializer::tests::test_parse_protocol_uri_with_remote_cloud_service_with_version
FNDA:1,uprotocol_sdk::uri::serializer::longuriserializer::tests::test_parse_protocol_uri_with_remote_service_no_domain_with_version_with_resource_and_instance_no_message
FNDA:1,uprotocol_sdk::uri::serializer::longuriserializer::tests::test_parse_uprotocol_uri_when_is_null
FNDA:1,uprotocol_sdk::uri::serializer::longuriserializer::tests::test_build_protocol_uri_from_uri_when_uri_is_empty
FNDA:1,<uprotocol_sdk::uri::serializer::longuriserializer::LongUriSerializer as uprotocol_sdk::uri::serializer::uriserializer::UriSerializer<alloc::string::String>>::serialize
FNDA:1,uprotocol_sdk::uri::serializer::longuriserializer::tests::test_parse_protocol_uri_with_remote_service_no_version
FNDA:1,uprotocol_sdk::uri::serializer::longuriserializer::tests::test_parse_protocol_uri_with_local_service_with_version_with_resource_with_message::{{closure}}
FNDA:1,uprotocol_sdk::uri::serializer::longuriserializer::tests::test_parse_protocol_uri_when_is_empty_string::{{closure}}
FNDA:1,uprotocol_sdk::uri::serializer::longuriserializer::tests::test_parse_protocol_rpc_uri_with_remote_service_no_version::{{closure}}
FNDA:1,uprotocol_sdk::uri::serializer::longuriserializer::tests::test_parse_remote_protocol_uri_with_custom_scheme
FNDA:1,uprotocol_sdk::uri::serializer::longuriserializer::tests::test_build_protocol_uri_from_uri_when_uri_has_local_authority_service_no_version_with_resource_with_instance_no_message
FNDA:0,uprotocol_sdk::uri::serializer::longuriserializer::LongUriSerializer::build_entity_part_of_uri
FNDA:1,uprotocol_sdk::uri::serializer::longuriserializer::tests::test_build_protocol_uri_from_uri_when_uri_has_empty_use::{{closure}}
FNDA:1,uprotocol_sdk::uri::serializer::longuriserializer::tests::test_build_protocol_uri_from_uri_when_uri_has_remote_authority_service_and_version::{{closure}}
FNDA:1,uprotocol_sdk::uri::serializer::longuriserializer::tests::test_parse_protocol_rpc_uri_with_remote_service_with_version
FNDA:1,uprotocol_sdk::uri::serializer::longuriserializer::tests::test_build_protocol_uri_from_parts_when_they_are_none::{{closure}}
FNDA:1,uprotocol_sdk::uri::serializer::longuriserializer::tests::test_parse_protocol_rpc_uri_with_local_service_no_version
FNDA:1,uprotocol_sdk::uri::serializer::longuriserializer::tests::test_parse_protocol_rpc_uri_with_remote_service_no_version
FNDA:1,uprotocol_sdk::uri::serializer::longuriserializer::tests::test_parse_protocol_uri_with_local_service_no_version
FNDA:1,uprotocol_sdk::uri::serializer::longuriserializer::tests::test_custom_scheme_no_scheme_empty
FNDA:0,uprotocol_sdk::uri::serializer::longuriserializer::LongUriSerializer::java_split
FNDA:1,uprotocol_sdk::uri::serializer::longuriserializer::tests::test_parse_protocol_uri_with_remote_service_with_version_with_resource_name_only::{{closure}}
FNDA:1,uprotocol_sdk::uri::serializer::longuriserializer::tests::test_build_protocol_uri_from_uri_when_uri_has_local_authority_service_no_version_with_resource_with_instance_no_message::{{closure}}
FNDA:1,uprotocol_sdk::uri::serializer::longuriserializer::LongUriSerializer::build_entity_part_of_uri
FNDA:1,uprotocol_sdk::uri::serializer::longuriserializer::tests::test_parse_protocol_uri_with_remote_service_only_device_and_cloud_domain
FNDA:1,uprotocol_sdk::uri::serializer::longuriserializer::tests::test_build_protocol_uri_from_uri_when_uri_has_remote_authority_service_no_version_with_resource_with_instance_no_message::{{closure}}
FNDA:1,uprotocol_sdk::uri::serializer::longuriserializer::tests::test_parse_protocol_uri_with_remote_cloud_service_no_version::{{closure}}
FNDA:1,uprotocol_sdk::uri::serializer::longuriserializer::tests::test_build_protocol_uri_for_source_part_of_rpc_request_where_source_is_remote
FNDA:1,uprotocol_sdk::uri::serializer::longuriserializer::tests::test_build_protocol_uri_from_uri_when_uri_has_remote_authority_service_and_version::{{closure}}
FNDA:1,uprotocol_sdk::uri::serializer::longuriserializer::tests::test_build_protocol_uri_from_uri_when_uri_has_local_authority_service_and_version_with_resource_with_instance_no_message::{{closure}}
FNDA:1,uprotocol_sdk::uri::serializer::longuriserializer::tests::test_build_protocol_uri_from_uri_when_uri_has_remote_authority_service_no_version_with_resource_with_instance_no_message
FNDA:1,uprotocol_sdk::uri::serializer::longuriserializer::tests::test_parse_protocol_uri_with_remote_cloud_service_with_version::{{closure}}
FNDA:1,uprotocol_sdk::uri::serializer::longuriserializer::tests::test_build_protocol_uri_from_uri_when_uri_has_remote_authority_service_no_version_with_resource
FNDA:1,uprotocol_sdk::uri::serializer::longuriserializer::tests::test_build_protocol_uri_from_uri_when_uri_has_remote_cloud_authority_service_and_version::{{closure}}
FNDA:1,uprotocol_sdk::uri::serializer::longuriserializer::tests::test_parse_protocol_uri_with_local_service_no_version::{{closure}}
FNDA:1,uprotocol_sdk::uri::serializer::longuriserializer::LongUriSerializer::java_split::{{closure}}
FNDA:1,uprotocol_sdk::uri::serializer::longuriserializer::tests::test_build_protocol_uri_from_uri_when_uri_has_remote_authority_service_no_version_with_resource_with_instance_no_message
FNDA:1,uprotocol_sdk::uri::serializer::longuriserializer::tests::test_build_protocol_uri_from_uri_when_uri_has_remote_cloud_authority_service_and_version::{{closure}}
FNDA:1,uprotocol_sdk::uri::serializer::longuriserializer::tests::test_parse_protocol_uri_with_remote_service_no_version_with_resource_and_instance_and_message::{{closure}}
FNDA:1,uprotocol_sdk::uri::serializer::longuriserializer::tests::test_build_protocol_uri_from_uri_when_uri_has_remote_authority_service_no_version_with_resource_with_instance_and_message::{{closure}}
FNDA:1,uprotocol_sdk::uri::serializer::longuriserializer::tests::test_parse_protocol_uri_with_remote_service_no_domain_with_version_with_resource_and_instance_no_message::{{closure}}
FNDA:1,uprotocol_sdk::uri::serializer::longuriserializer::tests::test_parse_protocol_uri_with_schema_and_3_slash_and_something::{{closure}}
FNDA:1,uprotocol_sdk::uri::serializer::longuriserializer::tests::test_parse_protocol_uri_with_local_service_no_version_with_resource_with_instance::{{closure}}
FNDA:1,uprotocol_sdk::uri::serializer::longuriserializer::tests::test_parse_protocol_uri_with_remote_service_with_version_with_resource_and_instance_no_message::{{closure}}
FNDA:1,uprotocol_sdk::uri::serializer::longuriserializer::tests::test_build_protocol_uri_from_uri_when_uri_has_local_authority_service_no_version::{{closure}}
FNDA:1,uprotocol_sdk::uri::serializer::longuriserializer::tests::test_parse_protocol_uri_with_schema_and_4_slash_and_something::{{closure}}
FNDA:1,uprotocol_sdk::uri::serializer::longuriserializer::tests::test_parse_protocol_uri_with_remote_service_only_device_and_cloud_domain::{{closure}}
FNDA:1,uprotocol_sdk::uri::serializer::longuriserializer::tests::test_parse_protocol_uri_with_schema_and_4_slash_and_something
FNDA:0,<uprotocol_sdk::uri::serializer::longuriserializer::LongUriSerializer as uprotocol_sdk::uri::serializer::uriserializer::UriSerializer<alloc::string::String>>::serialize
FNDA:1,uprotocol_sdk::uri::serializer::longuriserializer::tests::test_build_protocol_uri_from_uri_when_uri_has_remote_authority_service_and_version_with_resource
FNDA:1,uprotocol_sdk::uri::serializer::longuriserializer::tests::test_build_protocol_uri_for_source_part_of_rpc_request_where_source_is_local
FNF:300
FNH:284
BRF:0
BRH:0
DA:27,228
DA:28,228
DA:29,4
DA:32,224
DA:33,224
DA:35,224
DA:36,34
DA:39,224
DA:40,2
DA:42,222
DA:43,222
DA:45,222
DA:46,222
DA:48,222
DA:49,228
DA:61,250
DA:62,250
DA:63,6
DA:66,244
DA:68,244
DA:69,8
DA:72,244
DA:74,244
DA:75,244
DA:77,244
DA:78,24
DA:79,14
DA:81,10
DA:82,10
DA:83,10
DA:84,10
DA:86,3
DA:87,3
DA:90,155
DA:92,155
DA:93,65
DA:94,155
DA:95,112
DA:96,47
DA:97,112
DA:98,50
DA:99,24
DA:100,71
DA:101,46
DA:103,24
DA:104,127
DA:105,108
DA:106,108
DA:107,41
DA:108,149
DA:109,138
DA:111,149
DA:112,35
DA:113,108
DA:114,139
DA:116,51
DA:117,48
DA:118,10
DA:119,13
DA:120,3
DA:121,3
DA:122,101
DA:123,63
DA:125,136
DA:126,103
DA:128,146
DA:129,32
DA:130,145
DA:131,186
DA:132,145
DA:133,207
DA:134,62
DA:135,237
DA:136,62
DA:138,75
DA:149,150
DA:150,150
DA:151,6
DA:152,72
DA:153,72
DA:154,150
DA:155,144
DA:157,210
DA:158,125
DA:159,59
DA:160,66
DA:161,201
DA:162,100
DA:163,43
DA:164,66
DA:165,43
DA:166,187
DA:167,150
DA:169,66
DA:170,72
DA:179,150
DA:180,150
DA:181,150
DA:182,72
DA:183,222
DA:184,88
DA:186,72
DA:187,166
DA:188,150
DA:190,72
DA:191,72
DA:201,151
DA:202,151
DA:203,134
DA:204,73
DA:205,73
DA:206,73
DA:208,17
DA:209,33
DA:211,33
DA:212,32
DA:214,16
DA:215,33
DA:216,17
DA:218,17
DA:219,34
DA:220,151
DA:222,17
DA:223,185
DA:224,112
DA:225,112
DA:226,163
DA:227,163
DA:228,163
DA:229,142
DA:230,51
DA:231,72
DA:232,44
DA:233,112
DA:234,35
DA:236,135
DA:237,8
DA:239,155
DA:241,112
DA:242,163
DA:243,163
DA:244,51
DA:245,51
DA:246,163
DA:249,51
DA:250,172
DA:251,172
DA:252,968
DA:253,72
DA:254,72
DA:255,611
DA:256,193
DA:257,35
DA:258,83
DA:259,79
DA:260,11
DA:262,172
DA:263,172
DA:265,72
DA:266,72
DA:271,2
DA:272,1
DA:273,1
DA:274,4
DA:275,1
DA:276,1
DA:277,4
DA:278,1
DA:279,1
DA:280,4
DA:281,1
DA:282,1
DA:283,4
DA:284,1
DA:285,1
DA:286,3
DA:287,2
DA:288,3
DA:289,1
DA:290,1
DA:291,4
DA:292,1
DA:293,1
DA:294,3
DA:295,2
DA:296,3
DA:297,1
DA:298,1
DA:299,4
DA:300,1
DA:301,1
DA:302,3
DA:303,2
DA:304,2
DA:305,2
DA:306,2
DA:307,3
DA:308,1
DA:309,1
DA:310,4
DA:311,1
DA:312,1
DA:313,3
DA:314,2
DA:315,2
DA:316,2
DA:317,2
DA:318,2
DA:319,3
DA:320,1
DA:321,1
DA:322,4
DA:323,1
DA:324,1
DA:325,3
DA:326,2
DA:327,2
DA:328,2
DA:329,2
DA:330,2
DA:331,2
DA:332,3
DA:333,1
DA:334,1
DA:335,4
DA:336,1
DA:337,1
DA:338,3
DA:339,2
DA:340,2
DA:341,3
DA:342,1
DA:343,1
DA:344,4
DA:345,1
DA:346,1
DA:347,3
DA:348,2
DA:349,2
DA:350,2
DA:351,2
DA:352,3
DA:353,1
DA:354,1
DA:355,4
DA:356,1
DA:357,1
DA:358,3
DA:359,2
DA:360,2
DA:361,2
DA:362,2
DA:363,2
DA:364,3
DA:365,1
DA:366,1
DA:367,4
DA:368,1
DA:369,1
DA:370,3
DA:371,2
DA:372,2
DA:373,2
DA:374,2
DA:375,2
DA:376,2
DA:377,3
DA:378,1
DA:379,1
DA:380,4
DA:381,1
DA:382,1
DA:383,3
DA:384,2
DA:385,2
DA:386,2
DA:387,2
DA:388,2
DA:389,2
DA:390,3
DA:391,1
DA:392,1
DA:393,4
DA:394,1
DA:395,1
DA:396,3
DA:397,2
DA:398,2
DA:399,2
DA:400,2
DA:401,2
DA:402,2
DA:403,2
DA:404,3
DA:405,1
DA:406,1
DA:407,4
DA:408,1
DA:409,1
DA:410,3
DA:411,2
DA:412,2
DA:413,2
DA:414,2
DA:415,2
DA:416,2
DA:417,2
DA:418,3
DA:419,1
DA:420,1
DA:421,5
DA:422,1
DA:423,1
DA:424,4
DA:425,2
DA:426,2
DA:427,2
DA:428,2
DA:429,2
DA:430,2
DA:431,2
DA:432,2
DA:433,2
DA:434,3
DA:435,1
DA:436,1
DA:437,5
DA:438,1
DA:439,1
DA:440,4
DA:441,2
DA:442,2
DA:443,2
DA:444,2
DA:445,2
DA:446,2
DA:447,2
DA:448,2
DA:449,2
DA:450,3
DA:451,1
DA:452,1
DA:453,4
DA:454,1
DA:455,1
DA:456,3
DA:457,2
DA:458,2
DA:459,2
DA:460,2
DA:461,2
DA:462,2
DA:463,2
DA:464,3
DA:465,1
DA:466,1
DA:467,4
DA:468,1
DA:469,1
DA:470,3
DA:471,2
DA:472,2
DA:473,2
DA:474,2
DA:475,2
DA:476,2
DA:477,2
DA:478,3
DA:479,1
DA:480,1
DA:481,4
DA:482,1
DA:483,1
DA:484,3
DA:485,2
DA:486,2
DA:487,2
DA:488,2
DA:489,2
DA:490,3
DA:491,1
DA:492,1
DA:493,4
DA:494,1
DA:495,1
DA:496,3
DA:497,2
DA:498,2
DA:499,2
DA:500,2
DA:501,2
DA:502,2
DA:503,3
DA:504,1
DA:505,1
DA:506,4
DA:507,1
DA:508,1
DA:509,3
DA:510,2
DA:511,2
DA:512,2
DA:513,2
DA:514,2
DA:515,2
DA:516,3
DA:517,1
DA:518,1
DA:519,4
DA:520,1
DA:521,1
DA:522,3
DA:523,2
DA:524,2
DA:525,2
DA:526,2
DA:527,2
DA:528,2
DA:529,2
DA:530,3
DA:531,1
DA:532,1
DA:533,4
DA:534,1
DA:535,1
DA:536,3
DA:537,2
DA:538,2
DA:539,2
DA:540,2
DA:541,2
DA:542,2
DA:543,2
DA:544,3
DA:545,1
DA:546,1
DA:547,4
DA:548,1
DA:549,1
DA:550,3
DA:551,2
DA:552,2
DA:553,2
DA:554,2
DA:555,2
DA:556,2
DA:557,2
DA:558,2
DA:559,3
DA:560,1
DA:561,1
DA:562,4
DA:563,1
DA:564,1
DA:565,3
DA:566,2
DA:567,2
DA:568,2
DA:569,2
DA:570,2
DA:571,2
DA:572,2
DA:573,2
DA:574,3
DA:575,1
DA:576,1
DA:577,4
DA:578,1
DA:579,1
DA:580,3
DA:581,2
DA:582,2
DA:583,2
DA:584,2
DA:585,2
DA:586,2
DA:587,2
DA:588,2
DA:589,2
DA:590,3
DA:591,1
DA:592,1
DA:593,4
DA:594,1
DA:595,1
DA:596,3
DA:597,2
DA:598,2
DA:599,2
DA:600,2
DA:601,2
DA:602,2
DA:603,2
DA:604,2
DA:605,2
DA:606,3
DA:607,1
DA:608,1
DA:609,4
DA:610,1
DA:611,1
DA:612,3
DA:613,2
DA:614,2
DA:615,2
DA:616,2
DA:617,2
DA:618,2
DA:619,2
DA:620,2
DA:621,2
DA:622,3
DA:623,1
DA:624,1
DA:625,4
DA:626,1
DA:627,1
DA:628,3
DA:629,2
DA:630,2
DA:631,2
DA:632,2
DA:633,2
DA:634,2
DA:635,2
DA:636,2
DA:637,2
DA:638,3
DA:639,1
DA:640,1
DA:641,5
DA:642,1
DA:643,1
DA:644,4
DA:645,2
DA:646,2
DA:647,2
DA:648,2
DA:649,2
DA:650,2
DA:651,2
DA:652,2
DA:653,2
DA:654,2
DA:655,2
DA:656,3
DA:657,1
DA:658,1
DA:659,5
DA:660,1
DA:661,1
DA:662,4
DA:663,2
DA:664,2
DA:665,2
DA:666,2
DA:667,2
DA:668,2
DA:669,2
DA:670,2
DA:671,2
DA:672,2
DA:673,2
DA:674,2
DA:675,3
DA:676,1
DA:677,1
DA:678,5
DA:679,1
DA:680,1
DA:681,4
DA:682,2
DA:683,2
DA:684,2
DA:685,2
DA:686,2
DA:687,2
DA:688,2
DA:689,2
DA:690,2
DA:691,2
DA:692,2
DA:693,2
DA:694,3
DA:695,1
DA:696,1
DA:697,5
DA:698,1
DA:699,1
DA:700,4
DA:701,2
DA:702,2
DA:703,2
DA:704,2
DA:705,2
DA:706,2
DA:707,2
DA:708,2
DA:709,2
DA:710,2
DA:711,2
DA:712,2
DA:713,3
DA:714,1
DA:715,1
DA:716,5
DA:717,1
DA:718,1
DA:719,4
DA:720,2
DA:721,2
DA:722,2
DA:723,2
DA:724,2
DA:725,2
DA:726,2
DA:727,2
DA:728,2
DA:729,2
DA:730,2
DA:731,2
DA:732,2
DA:733,3
DA:734,1
DA:735,1
DA:736,5
DA:737,1
DA:738,1
DA:739,4
DA:740,2
DA:741,2
DA:742,2
DA:743,2
DA:744,2
DA:745,2
DA:746,2
DA:747,2
DA:748,2
DA:749,2
DA:750,2
DA:751,2
DA:752,2
DA:753,3
DA:754,1
DA:755,1
DA:756,5
DA:757,1
DA:758,1
DA:759,4
DA:760,2
DA:761,2
DA:762,2
DA:763,2
DA:764,2
DA:765,2
DA:766,2
DA:767,2
DA:768,2
DA:769,2
DA:770,2
DA:771,3
DA:772,1
DA:773,1
DA:774,4
DA:775,1
DA:776,1
DA:777,3
DA:778,2
DA:779,2
DA:780,2
DA:781,2
DA:782,2
DA:783,2
DA:784,2
DA:785,2
DA:786,2
DA:787,2
DA:788,3
DA:789,1
DA:790,1
DA:791,4
DA:792,1
DA:793,1
DA:794,3
DA:795,2
DA:796,2
DA:797,2
DA:798,2
DA:799,2
DA:800,2
DA:801,2
DA:802,2
DA:803,2
DA:804,2
DA:805,2
DA:806,3
DA:807,1
DA:808,1
DA:809,4
DA:810,1
DA:812,2
DA:813,1
DA:816,1
DA:817,2
DA:819,1
DA:820,4
DA:821,1
DA:822,1
DA:823,3
DA:824,2
DA:825,1
DA:826,2
DA:827,2
DA:828,2
DA:829,1
DA:830,1
DA:831,4
DA:832,1
DA:833,1
DA:834,3
DA:835,2
DA:836,3
DA:837,1
DA:838,1
DA:839,4
DA:840,1
DA:841,1
DA:842,3
DA:843,2
DA:844,1
DA:845,1
DA:846,2
DA:847,1
DA:848,1
DA:849,3
DA:850,1
DA:851,1
DA:852,5
DA:853,1
DA:854,1
DA:855,4
DA:856,2
DA:857,2
DA:858,2
DA:859,3
DA:860,1
DA:861,1
DA:862,5
DA:863,1
DA:864,1
DA:865,4
DA:866,2
DA:867,2
DA:868,1
DA:869,1
DA:870,2
DA:871,1
DA:872,1
DA:873,2
DA:874,3
DA:875,1
DA:876,1
DA:877,5
DA:878,1
DA:879,1
DA:880,4
DA:881,2
DA:882,2
DA:883,2
DA:884,1
DA:885,2
DA:886,2
DA:887,1
DA:888,3
DA:889,1
DA:890,1
DA:891,5
DA:892,1
DA:893,1
DA:894,4
DA:895,2
DA:896,2
DA:897,1
DA:898,1
DA:899,2
DA:900,1
DA:901,1
DA:902,2
DA:903,1
DA:904,2
DA:905,2
DA:906,1
DA:907,3
DA:908,1
DA:909,1
DA:910,5
DA:911,1
DA:912,1
DA:913,4
DA:914,2
DA:915,2
DA:916,2
DA:917,2
DA:918,1
DA:919,1
DA:920,2
DA:921,1
DA:922,1
DA:923,3
DA:924,1
DA:925,1
DA:926,5
DA:927,1
DA:928,1
DA:929,4
DA:930,2
DA:931,2
DA:932,1
DA:933,1
DA:934,2
DA:935,1
DA:936,1
DA:937,2
DA:938,2
DA:939,1
DA:940,1
DA:941,2
DA:942,1
DA:943,1
DA:944,3
DA:945,1
DA:946,1
DA:947,4
DA:948,1
DA:949,1
DA:950,3
DA:951,2
DA:952,1
DA:953,3
DA:954,1
DA:955,1
DA:956,4
DA:957,3
DA:958,1
DA:959,1
DA:960,5
DA:961,2
DA:962,2
DA:963,2
DA:964,4
DA:965,1
DA:966,1
DA:967,3
DA:968,3
DA:969,1
DA:970,1
DA:971,3
DA:972,1
DA:973,1
DA:974,2
DA:975,3
DA:976,1
DA:977,1
DA:978,1
DA:979,3
DA:980,2
DA:981,1
DA:982,3
DA:983,2
DA:984,3
DA:985,1
DA:986,1
DA:987,2
DA:988,1
DA:989,1
DA:990,2
DA:991,2
DA:992,1
DA:993,1
DA:994,1
DA:995,1
DA:996,1
DA:997,2
DA:998,1
DA:999,1
DA:1000,4
DA:1001,1
DA:1002,1
DA:1003,1
DA:1004,3
DA:1005,1
DA:1007,3
DA:1008,2
DA:1009,2
DA:1010,2
DA:1011,2
DA:1012,2
DA:1013,2
DA:1016,4
DA:1017,2
DA:1018,2
DA:1019,2
DA:1020,2
DA:1021,3
DA:1022,1
DA:1023,1
DA:1024,5
DA:1025,1
DA:1026,1
DA:1027,3
DA:1028,2
DA:1029,2
DA:1030,2
DA:1031,2
DA:1032,2
DA:1033,2
DA:1035,1
DA:1036,4
DA:1037,2
DA:1038,2
DA:1039,2
DA:1040,1
DA:1041,2
DA:1042,1
DA:1043,1
DA:1045,1
DA:1046,1
DA:1047,3
DA:1048,1
DA:1049,1
DA:1050,3
DA:1051,2
DA:1052,2
DA:1053,2
DA:1054,1
DA:1055,1
DA:1057,2
DA:1059,1
DA:1060,4
DA:1061,2
DA:1062,2
DA:1063,2
DA:1064,1
DA:1065,2
DA:1066,1
DA:1067,1
DA:1068,1
DA:1069,1
DA:1070,1
DA:1071,2
DA:1072,1
DA:1073,1
DA:1074,4
DA:1075,2
DA:1076,1
DA:1077,2
DA:1078,2
DA:1079,2
DA:1080,1
DA:1081,1
DA:1083,3
DA:1084,1
DA:1085,1
DA:1086,3
DA:1087,1
DA:1088,1
DA:1089,2
DA:1090,1
DA:1091,1
DA:1092,4
DA:1093,2
DA:1094,2
DA:1095,1
DA:1096,2
DA:1097,2
DA:1098,1
DA:1100,1
DA:1101,1
DA:1102,3
DA:1103,1
DA:1104,1
DA:1105,4
DA:1106,1
DA:1107,1
DA:1108,2
DA:1109,2
DA:1110,2
DA:1114,3
DA:1115,1
DA:1116,1
DA:1117,4
DA:1118,2
DA:1119,2
DA:1120,1
DA:1121,1
DA:1122,2
DA:1123,2
DA:1124,2
DA:1125,1
DA:1128,3
DA:1129,1
DA:1130,1
DA:1131,3
DA:1132,1
DA:1133,1
DA:1134,2
DA:1135,1
DA:1136,1
DA:1137,3
DA:1138,2
DA:1139,2
DA:1140,1
DA:1141,1
DA:1143,2
DA:1144,3
DA:1145,1
DA:1147,2
DA:1149,3
DA:1150,1
DA:1152,3
DA:1153,2
DA:1154,1
DA:1156,1
DA:1157,2
DA:1158,1
DA:1159,2
DA:1160,2
DA:1161,1
DA:1162,3
DA:1163,2
DA:1164,2
DA:1165,2
DA:1166,1
DA:1167,3
DA:1169,1
DA:1170,4
DA:1171,1
DA:1172,1
DA:1173,1
DA:1174,3
DA:1176,1
DA:1177,3
DA:1178,2
DA:1179,2
DA:1180,1
DA:1181,1
DA:1182,2
DA:1183,2
DA:1184,3
DA:1185,1
DA:1186,2
DA:1187,3
DA:1188,1
DA:1189,3
DA:1190,2
DA:1191,2
DA:1192,1
DA:1193,2
DA:1194,2
DA:1195,3
DA:1196,1
DA:1198,2
DA:1199,2
DA:1200,2
DA:1201,2
DA:1202,1
DA:1203,3
DA:1204,1
DA:1205,1
DA:1206,3
DA:1207,1
DA:1208,1
DA:1209,2
DA:1210,2
DA:1211,2
DA:1212,3
DA:1213,2
DA:1215,2
DA:1216,3
DA:1217,2
DA:1218,2
DA:1220,1
DA:1221,2
DA:1222,2
DA:1223,1
DA:1225,1
DA:1226,2
DA:1227,2
DA:1228,1
DA:1229,1
DA:1230,3
DA:1231,1
DA:1232,1
DA:1233,3
DA:1234,2
DA:1235,2
DA:1236,2
DA:1238,1
DA:1239,3
DA:1240,1
DA:1241,1
DA:1242,2
DA:1243,1
DA:1244,1
DA:1245,1
DA:1246,1
DA:1247,1
DA:1248,1
DA:1249,2
DA:1250,2
DA:1251,2
DA:1252,1
DA:1253,2
DA:1254,1
DA:1255,1
DA:1256,3
DA:1257,1
DA:1258,1
DA:1259,2
DA:1260,1
DA:1261,1
DA:1262,2
DA:1263,2
DA:1264,1
DA:1266,1
DA:1267,2
DA:1268,3
DA:1271,1
DA:1272,1
DA:1273,1
DA:1276,1
DA:1277,1
DA:1278,1
DA:1279,1
DA:1280,1
DA:1281,1
DA:1284,1
DA:1285,2
LF:1138
LH:1138
end_of_record
