TN:
SF:src/transport/datamodel/userializationhint.rs
FN:43,uprotocol_sdk::transport::datamodel::userializationhint::USerializationHint::hint_number
FN:17,<uprotocol_sdk::transport::datamodel::userializationhint::USerializationHint as core::cmp::PartialEq>::eq
FN:43,uprotocol_sdk::transport::datamodel::userializationhint::USerializationHint::hint_number
FN:17,<uprotocol_sdk::transport::datamodel::userializationhint::USerializationHint as core::default::Default>::default
FN:43,uprotocol_sdk::transport::datamodel::userializationhint::USerializationHint::hint_number
FN:75,<uprotocol_sdk::transport::datamodel::userializationhint::USerializationHint as core::fmt::Display>::fmt
FN:17,<uprotocol_sdk::transport::datamodel::userializationhint::USerializationHint as core::fmt::Debug>::fmt
FN:91,<uprotocol_sdk::transport::datamodel::userializationhint::USerializationHint as core::convert::From<i32>>::from
FN:17,<uprotocol_sdk::transport::datamodel::userializationhint::USerializationHint as core::fmt::Debug>::fmt
FN:63,uprotocol_sdk::transport::datamodel::userializationhint::USerializationHint::all_hints
FN:17,<uprotocol_sdk::transport::datamodel::userializationhint::USerializationHint as core::default::Default>::default
FN:125,uprotocol_sdk::transport::datamodel::userializationhint::tests::test_find_userializationhint_from_number
FN:94,<uprotocol_sdk::transport::datamodel::userializationhint::USerializationHint as core::convert::From<i32>>::from::{{closure}}
FN:91,<uprotocol_sdk::transport::datamodel::userializationhint::USerializationHint as core::convert::From<i32>>::from
FN:125,uprotocol_sdk::transport::datamodel::userializationhint::tests::test_find_userializationhint_from_number::{{closure}}
FN:94,<uprotocol_sdk::transport::datamodel::userializationhint::USerializationHint as core::convert::From<i32>>::from::{{closure}}
FN:139,uprotocol_sdk::transport::datamodel::userializationhint::tests::test_find_userializationhint_from_string
FN:91,<uprotocol_sdk::transport::datamodel::userializationhint::USerializationHint as core::convert::From<i32>>::from
FN:115,<uprotocol_sdk::transport::datamodel::userializationhint::USerializationHint as core::convert::TryFrom<&str>>::try_from::{{closure}}
FN:112,<uprotocol_sdk::transport::datamodel::userializationhint::USerializationHint as core::convert::TryFrom<&str>>::try_from
FN:17,<uprotocol_sdk::transport::datamodel::userializationhint::USerializationHint as core::cmp::Eq>::assert_receiver_is_total_eq
FN:139,uprotocol_sdk::transport::datamodel::userializationhint::tests::test_find_userializationhint_from_string
FN:63,uprotocol_sdk::transport::datamodel::userializationhint::USerializationHint::all_hints
FN:53,uprotocol_sdk::transport::datamodel::userializationhint::USerializationHint::mime_type
FN:91,<uprotocol_sdk::transport::datamodel::userializationhint::USerializationHint as core::convert::From<i32>>::from
FN:17,<uprotocol_sdk::transport::datamodel::userializationhint::USerializationHint as core::cmp::PartialEq>::eq
FN:17,<uprotocol_sdk::transport::datamodel::userializationhint::USerializationHint as core::clone::Clone>::clone
FN:63,uprotocol_sdk::transport::datamodel::userializationhint::USerializationHint::all_hints
FN:134,uprotocol_sdk::transport::datamodel::userializationhint::tests::test_find_userializationhint_from_number_that_does_not_exist
FN:53,uprotocol_sdk::transport::datamodel::userializationhint::USerializationHint::mime_type
FN:134,uprotocol_sdk::transport::datamodel::userializationhint::tests::test_find_userializationhint_from_number_that_does_not_exist
FN:115,<uprotocol_sdk::transport::datamodel::userializationhint::USerializationHint as core::convert::TryFrom<&str>>::try_from::{{closure}}
FN:94,<uprotocol_sdk::transport::datamodel::userializationhint::USerializationHint as core::convert::From<i32>>::from::{{closure}}
FN:139,uprotocol_sdk::transport::datamodel::userializationhint::tests::test_find_userializationhint_from_string::{{closure}}
FN:17,<uprotocol_sdk::transport::datamodel::userializationhint::USerializationHint as core::cmp::Eq>::assert_receiver_is_total_eq
FN:134,uprotocol_sdk::transport::datamodel::userializationhint::tests::test_find_userializationhint_from_number_that_does_not_exist::{{closure}}
FN:17,<uprotocol_sdk::transport::datamodel::userializationhint::USerializationHint as core::fmt::Debug>::fmt
FN:163,uprotocol_sdk::transport::datamodel::userializationhint::tests::test_find_userializationhint_from_string_that_does_not_exist
FN:115,<uprotocol_sdk::transport::datamodel::userializationhint::USerializationHint as core::convert::TryFrom<&str>>::try_from::{{closure}}
FN:112,<uprotocol_sdk::transport::datamodel::userializationhint::USerializationHint as core::convert::TryFrom<&str>>::try_from
FN:17,<uprotocol_sdk::transport::datamodel::userializationhint::USerializationHint as core::cmp::PartialEq>::eq
FN:125,uprotocol_sdk::transport::datamodel::userializationhint::tests::test_find_userializationhint_from_number::{{closure}}
FN:63,uprotocol_sdk::transport::datamodel::userializationhint::USerializationHint::all_hints
FN:17,<uprotocol_sdk::transport::datamodel::userializationhint::USerializationHint as core::cmp::Eq>::assert_receiver_is_total_eq
FN:17,<uprotocol_sdk::transport::datamodel::userializationhint::USerializationHint as core::cmp::Eq>::assert_receiver_is_total_eq
FN:115,<uprotocol_sdk::transport::datamodel::userializationhint::USerializationHint as core::convert::TryFrom<&str>>::try_from::{{closure}}
FN:53,uprotocol_sdk::transport::datamodel::userializationhint::USerializationHint::mime_type
FN:134,uprotocol_sdk::transport::datamodel::userializationhint::tests::test_find_userializationhint_from_number_that_does_not_exist::{{closure}}
FN:125,uprotocol_sdk::transport::datamodel::userializationhint::tests::test_find_userializationhint_from_number
FN:75,<uprotocol_sdk::transport::datamodel::userializationhint::USerializationHint as core::fmt::Display>::fmt
FN:17,<uprotocol_sdk::transport::datamodel::userializationhint::USerializationHint as core::fmt::Debug>::fmt
FN:94,<uprotocol_sdk::transport::datamodel::userializationhint::USerializationHint as core::convert::From<i32>>::from::{{closure}}
FN:75,<uprotocol_sdk::transport::datamodel::userializationhint::USerializationHint as core::fmt::Display>::fmt
FN:17,<uprotocol_sdk::transport::datamodel::userializationhint::USerializationHint as core::clone::Clone>::clone
FN:17,<uprotocol_sdk::transport::datamodel::userializationhint::USerializationHint as core::clone::Clone>::clone
FN:75,<uprotocol_sdk::transport::datamodel::userializationhint::USerializationHint as core::fmt::Display>::fmt
FN:112,<uprotocol_sdk::transport::datamodel::userializationhint::USerializationHint as core::convert::TryFrom<&str>>::try_from
FN:17,<uprotocol_sdk::transport::datamodel::userializationhint::USerializationHint as core::cmp::PartialEq>::eq
FN:139,uprotocol_sdk::transport::datamodel::userializationhint::tests::test_find_userializationhint_from_string::{{closure}}
FN:43,uprotocol_sdk::transport::datamodel::userializationhint::USerializationHint::hint_number
FN:163,uprotocol_sdk::transport::datamodel::userializationhint::tests::test_find_userializationhint_from_string_that_does_not_exist::{{closure}}
FN:17,<uprotocol_sdk::transport::datamodel::userializationhint::USerializationHint as core::default::Default>::default
FN:163,uprotocol_sdk::transport::datamodel::userializationhint::tests::test_find_userializationhint_from_string_that_does_not_exist::{{closure}}
FN:53,uprotocol_sdk::transport::datamodel::userializationhint::USerializationHint::mime_type
FN:163,uprotocol_sdk::transport::datamodel::userializationhint::tests::test_find_userializationhint_from_string_that_does_not_exist
FN:17,<uprotocol_sdk::transport::datamodel::userializationhint::USerializationHint as core::default::Default>::default
FN:112,<uprotocol_sdk::transport::datamodel::userializationhint::USerializationHint as core::convert::TryFrom<&str>>::try_from
FN:17,<uprotocol_sdk::transport::datamodel::userializationhint::USerializationHint as core::clone::Clone>::clone
FNDA:1,uprotocol_sdk::transport::datamodel::userializationhint::USerializationHint::hint_number
FNDA:1,<uprotocol_sdk::transport::datamodel::userializationhint::USerializationHint as core::cmp::PartialEq>::eq
FNDA:0,uprotocol_sdk::transport::datamodel::userializationhint::USerializationHint::hint_number
FNDA:1,<uprotocol_sdk::transport::datamodel::userializationhint::USerializationHint as core::default::Default>::default
FNDA:1,uprotocol_sdk::transport::datamodel::userializationhint::USerializationHint::hint_number
FNDA:1,<uprotocol_sdk::transport::datamodel::userializationhint::USerializationHint as core::fmt::Display>::fmt
FNDA:0,<uprotocol_sdk::transport::datamodel::userializationhint::USerializationHint as core::fmt::Debug>::fmt
FNDA:0,<uprotocol_sdk::transport::datamodel::userializationhint::USerializationHint as core::convert::From<i32>>::from
FNDA:0,<uprotocol_sdk::transport::datamodel::userializationhint::USerializationHint as core::fmt::Debug>::fmt
FNDA:1,uprotocol_sdk::transport::datamodel::userializationhint::USerializationHint::all_hints
FNDA:0,<uprotocol_sdk::transport::datamodel::userializationhint::USerializationHint as core::default::Default>::default
FNDA:1,uprotocol_sdk::transport::datamodel::userializationhint::tests::test_find_userializationhint_from_number
FNDA:0,<uprotocol_sdk::transport::datamodel::userializationhint::USerializationHint as core::convert::From<i32>>::from::{{closure}}
FNDA:1,<uprotocol_sdk::transport::datamodel::userializationhint::USerializationHint as core::convert::From<i32>>::from
FNDA:1,uprotocol_sdk::transport::datamodel::userializationhint::tests::test_find_userializationhint_from_number::{{closure}}
FNDA:1,<uprotocol_sdk::transport::datamodel::userializationhint::USerializationHint as core::convert::From<i32>>::from::{{closure}}
FNDA:1,uprotocol_sdk::transport::datamodel::userializationhint::tests::test_find_userializationhint_from_string
FNDA:0,<uprotocol_sdk::transport::datamodel::userializationhint::USerializationHint as core::convert::From<i32>>::from
FNDA:1,<uprotocol_sdk::transport::datamodel::userializationhint::USerializationHint as core::convert::TryFrom<&str>>::try_from::{{closure}}
FNDA:1,<uprotocol_sdk::transport::datamodel::userializationhint::USerializationHint as core::convert::TryFrom<&str>>::try_from
FNDA:0,<uprotocol_sdk::transport::datamodel::userializationhint::USerializationHint as core::cmp::Eq>::assert_receiver_is_total_eq
FNDA:1,uprotocol_sdk::transport::datamodel::userializationhint::tests::test_find_userializationhint_from_string
FNDA:0,uprotocol_sdk::transport::datamodel::userializationhint::USerializationHint::all_hints
FNDA:0,uprotocol_sdk::transport::datamodel::userializationhint::USerializationHint::mime_type
FNDA:1,<uprotocol_sdk::transport::datamodel::userializationhint::USerializationHint as core::convert::From<i32>>::from
FNDA:0,<uprotocol_sdk::transport::datamodel::userializationhint::USerializationHint as core::cmp::PartialEq>::eq
FNDA:0,<uprotocol_sdk::transport::datamodel::userializationhint::USerializationHint as core::clone::Clone>::clone
FNDA:1,uprotocol_sdk::transport::datamodel::userializationhint::USerializationHint::all_hints
FNDA:1,uprotocol_sdk::transport::datamodel::userializationhint::tests::test_find_userializationhint_from_number_that_does_not_exist
FNDA:0,uprotocol_sdk::transport::datamodel::userializationhint::USerializationHint::mime_type
FNDA:1,uprotocol_sdk::transport::datamodel::userializationhint::tests::test_find_userializationhint_from_number_that_does_not_exist
FNDA:1,<uprotocol_sdk::transport::datamodel::userializationhint::USerializationHint as core::convert::TryFrom<&str>>::try_from::{{closure}}
FNDA:1,<uprotocol_sdk::transport::datamodel::userializationhint::USerializationHint as core::convert::From<i32>>::from::{{closure}}
FNDA:1,uprotocol_sdk::transport::datamodel::userializationhint::tests::test_find_userializationhint_from_string::{{closure}}
FNDA:0,<uprotocol_sdk::transport::datamodel::userializationhint::USerializationHint as core::cmp::Eq>::assert_receiver_is_total_eq
FNDA:1,uprotocol_sdk::transport::datamodel::userializationhint::tests::test_find_userializationhint_from_number_that_does_not_exist::{{closure}}
FNDA:0,<uprotocol_sdk::transport::datamodel::userializationhint::USerializationHint as core::fmt::Debug>::fmt
FNDA:1,uprotocol_sdk::transport::datamodel::userializationhint::tests::test_find_userializationhint_from_string_that_does_not_exist
FNDA:0,<uprotocol_sdk::transport::datamodel::userializationhint::USerializationHint as core::convert::TryFrom<&str>>::try_from::{{closure}}
FNDA:0,<uprotocol_sdk::transport::datamodel::userializationhint::USerializationHint as core::convert::TryFrom<&str>>::try_from
FNDA:1,<uprotocol_sdk::transport::datamodel::userializationhint::USerializationHint as core::cmp::PartialEq>::eq
FNDA:1,uprotocol_sdk::transport::datamodel::userializationhint::tests::test_find_userializationhint_from_number::{{closure}}
FNDA:0,uprotocol_sdk::transport::datamodel::userializationhint::USerializationHint::all_hints
FNDA:0,<uprotocol_sdk::transport::datamodel::userializationhint::USerializationHint as core::cmp::Eq>::assert_receiver_is_total_eq
FNDA:0,<uprotocol_sdk::transport::datamodel::userializationhint::USerializationHint as core::cmp::Eq>::assert_receiver_is_total_eq
FNDA:0,<uprotocol_sdk::transport::datamodel::userializationhint::USerializationHint as core::convert::TryFrom<&str>>::try_from::{{closure}}
FNDA:1,uprotocol_sdk::transport::datamodel::userializationhint::USerializationHint::mime_type
FNDA:1,uprotocol_sdk::transport::datamodel::userializationhint::tests::test_find_userializationhint_from_number_that_does_not_exist::{{closure}}
FNDA:1,uprotocol_sdk::transport::datamodel::userializationhint::tests::test_find_userializationhint_from_number
FNDA:0,<uprotocol_sdk::transport::datamodel::userializationhint::USerializationHint as core::fmt::Display>::fmt
FNDA:0,<uprotocol_sdk::transport::datamodel::userializationhint::USerializationHint as core::fmt::Debug>::fmt
FNDA:0,<uprotocol_sdk::transport::datamodel::userializationhint::USerializationHint as core::convert::From<i32>>::from::{{closure}}
FNDA:0,<uprotocol_sdk::transport::datamodel::userializationhint::USerializationHint as core::fmt::Display>::fmt
FNDA:0,<uprotocol_sdk::transport::datamodel::userializationhint::USerializationHint as core::clone::Clone>::clone
FNDA:0,<uprotocol_sdk::transport::datamodel::userializationhint::USerializationHint as core::clone::Clone>::clone
FNDA:1,<uprotocol_sdk::transport::datamodel::userializationhint::USerializationHint as core::fmt::Display>::fmt
FNDA:1,<uprotocol_sdk::transport::datamodel::userializationhint::USerializationHint as core::convert::TryFrom<&str>>::try_from
FNDA:0,<uprotocol_sdk::transport::datamodel::userializationhint::USerializationHint as core::cmp::PartialEq>::eq
FNDA:1,uprotocol_sdk::transport::datamodel::userializationhint::tests::test_find_userializationhint_from_string::{{closure}}
FNDA:0,uprotocol_sdk::transport::datamodel::userializationhint::USerializationHint::hint_number
FNDA:1,uprotocol_sdk::transport::datamodel::userializationhint::tests::test_find_userializationhint_from_string_that_does_not_exist::{{closure}}
FNDA:0,<uprotocol_sdk::transport::datamodel::userializationhint::USerializationHint as core::default::Default>::default
FNDA:1,uprotocol_sdk::transport::datamodel::userializationhint::tests::test_find_userializationhint_from_string_that_does_not_exist::{{closure}}
FNDA:1,uprotocol_sdk::transport::datamodel::userializationhint::USerializationHint::mime_type
FNDA:1,uprotocol_sdk::transport::datamodel::userializationhint::tests::test_find_userializationhint_from_string_that_does_not_exist
FNDA:1,<uprotocol_sdk::transport::datamodel::userializationhint::USerializationHint as core::default::Default>::default
FNDA:0,<uprotocol_sdk::transport::datamodel::userializationhint::USerializationHint as core::convert::TryFrom<&str>>::try_from
FNDA:0,<uprotocol_sdk::transport::datamodel::userializationhint::USerializationHint as core::clone::Clone>::clone
FNF:68
FNH:36
BRF:0
BRH:0
DA:17,30
DA:20,2
DA:43,40
DA:44,40
DA:45,12
DA:46,10
DA:47,8
DA:48,6
DA:49,4
DA:51,40
DA:53,44
DA:54,44
DA:55,12
DA:56,10
DA:57,8
DA:58,6
DA:59,8
DA:61,44
DA:63,24
DA:64,48
DA:65,24
DA:66,24
DA:67,24
DA:68,24
DA:69,24
DA:71,24
DA:75,4
DA:76,4
DA:77,4
DA:91,12
DA:92,24
DA:94,52
DA:96,12
DA:112,12
DA:113,24
DA:115,52
DA:117,12
DA:125,4
DA:126,2
DA:127,2
DA:128,2
DA:129,2
DA:130,2
DA:131,4
DA:134,4
DA:135,2
DA:136,4
DA:139,4
DA:140,2
DA:141,2
DA:144,2
DA:145,2
DA:148,2
DA:149,2
DA:152,2
DA:153,2
DA:156,2
DA:157,2
DA:160,4
DA:163,4
DA:164,2
DA:165,4
LF:62
LH:62
end_of_record
SF:src/uuid/uuidutils.rs
FN:153,uprotocol_sdk::uuid::uuidutils::UuidUtils::is_uprotocol
FN:181,uprotocol_sdk::uuid::uuidutils::UuidUtils::get_time
FN:54,uprotocol_sdk::uuid::uuidutils::UuidVersion::from_version
FN:140,uprotocol_sdk::uuid::uuidutils::UuidUtils::is_valid_uuid
FN:40,uprotocol_sdk::uuid::uuidutils::UuidVersion::get_version
FN:167,uprotocol_sdk::uuid::uuidutils::UuidUtils::is_v6
FN:153,uprotocol_sdk::uuid::uuidutils::UuidUtils::is_uprotocol
FN:140,uprotocol_sdk::uuid::uuidutils::UuidUtils::is_valid_uuid
FN:126,uprotocol_sdk::uuid::uuidutils::UuidUtils::get_version
FN:140,uprotocol_sdk::uuid::uuidutils::UuidUtils::is_valid_uuid
FN:113,uprotocol_sdk::uuid::uuidutils::UuidUtils::from_string
FN:87,uprotocol_sdk::uuid::uuidutils::UuidUtils::to_bytes
FN:153,uprotocol_sdk::uuid::uuidutils::UuidUtils::is_uprotocol
FN:40,uprotocol_sdk::uuid::uuidutils::UuidVersion::get_version
FN:100,uprotocol_sdk::uuid::uuidutils::UuidUtils::from_bytes
FN:181,uprotocol_sdk::uuid::uuidutils::UuidUtils::get_time
FN:40,uprotocol_sdk::uuid::uuidutils::UuidVersion::get_version
FN:113,uprotocol_sdk::uuid::uuidutils::UuidUtils::from_string
FN:113,uprotocol_sdk::uuid::uuidutils::UuidUtils::from_string
FN:78,uprotocol_sdk::uuid::uuidutils::UuidUtils::to_string
FN:113,uprotocol_sdk::uuid::uuidutils::UuidUtils::from_string
FN:181,uprotocol_sdk::uuid::uuidutils::UuidUtils::get_time
FN:54,uprotocol_sdk::uuid::uuidutils::UuidVersion::from_version
FN:181,uprotocol_sdk::uuid::uuidutils::UuidUtils::get_time
FN:126,uprotocol_sdk::uuid::uuidutils::UuidUtils::get_version
FN:87,uprotocol_sdk::uuid::uuidutils::UuidUtils::to_bytes
FN:126,uprotocol_sdk::uuid::uuidutils::UuidUtils::get_version
FN:78,uprotocol_sdk::uuid::uuidutils::UuidUtils::to_string
FN:126,uprotocol_sdk::uuid::uuidutils::UuidUtils::get_version
FN:40,uprotocol_sdk::uuid::uuidutils::UuidVersion::get_version
FN:54,uprotocol_sdk::uuid::uuidutils::UuidVersion::from_version
FN:78,uprotocol_sdk::uuid::uuidutils::UuidUtils::to_string
FN:87,uprotocol_sdk::uuid::uuidutils::UuidUtils::to_bytes
FN:153,uprotocol_sdk::uuid::uuidutils::UuidUtils::is_uprotocol
FN:78,uprotocol_sdk::uuid::uuidutils::UuidUtils::to_string
FN:140,uprotocol_sdk::uuid::uuidutils::UuidUtils::is_valid_uuid
FN:100,uprotocol_sdk::uuid::uuidutils::UuidUtils::from_bytes
FN:87,uprotocol_sdk::uuid::uuidutils::UuidUtils::to_bytes
FN:54,uprotocol_sdk::uuid::uuidutils::UuidVersion::from_version
FN:167,uprotocol_sdk::uuid::uuidutils::UuidUtils::is_v6
FN:100,uprotocol_sdk::uuid::uuidutils::UuidUtils::from_bytes
FN:167,uprotocol_sdk::uuid::uuidutils::UuidUtils::is_v6
FN:167,uprotocol_sdk::uuid::uuidutils::UuidUtils::is_v6
FN:100,uprotocol_sdk::uuid::uuidutils::UuidUtils::from_bytes
FNDA:1,uprotocol_sdk::uuid::uuidutils::UuidUtils::is_uprotocol
FNDA:0,uprotocol_sdk::uuid::uuidutils::UuidUtils::get_time
FNDA:0,uprotocol_sdk::uuid::uuidutils::UuidVersion::from_version
FNDA:1,uprotocol_sdk::uuid::uuidutils::UuidUtils::is_valid_uuid
FNDA:0,uprotocol_sdk::uuid::uuidutils::UuidVersion::get_version
FNDA:1,uprotocol_sdk::uuid::uuidutils::UuidUtils::is_v6
FNDA:1,uprotocol_sdk::uuid::uuidutils::UuidUtils::is_uprotocol
FNDA:0,uprotocol_sdk::uuid::uuidutils::UuidUtils::is_valid_uuid
FNDA:0,uprotocol_sdk::uuid::uuidutils::UuidUtils::get_version
FNDA:1,uprotocol_sdk::uuid::uuidutils::UuidUtils::is_valid_uuid
FNDA:0,uprotocol_sdk::uuid::uuidutils::UuidUtils::from_string
FNDA:0,uprotocol_sdk::uuid::uuidutils::UuidUtils::to_bytes
FNDA:0,uprotocol_sdk::uuid::uuidutils::UuidUtils::is_uprotocol
FNDA:0,uprotocol_sdk::uuid::uuidutils::UuidVersion::get_version
FNDA:0,uprotocol_sdk::uuid::uuidutils::UuidUtils::from_bytes
FNDA:0,uprotocol_sdk::uuid::uuidutils::UuidUtils::get_time
FNDA:0,uprotocol_sdk::uuid::uuidutils::UuidVersion::get_version
FNDA:0,uprotocol_sdk::uuid::uuidutils::UuidUtils::from_string
FNDA:0,uprotocol_sdk::uuid::uuidutils::UuidUtils::from_string
FNDA:0,uprotocol_sdk::uuid::uuidutils::UuidUtils::to_string
FNDA:0,uprotocol_sdk::uuid::uuidutils::UuidUtils::from_string
FNDA:1,uprotocol_sdk::uuid::uuidutils::UuidUtils::get_time
FNDA:1,uprotocol_sdk::uuid::uuidutils::UuidVersion::from_version
FNDA:1,uprotocol_sdk::uuid::uuidutils::UuidUtils::get_time
FNDA:0,uprotocol_sdk::uuid::uuidutils::UuidUtils::get_version
FNDA:0,uprotocol_sdk::uuid::uuidutils::UuidUtils::to_bytes
FNDA:1,uprotocol_sdk::uuid::uuidutils::UuidUtils::get_version
FNDA:0,uprotocol_sdk::uuid::uuidutils::UuidUtils::to_string
FNDA:1,uprotocol_sdk::uuid::uuidutils::UuidUtils::get_version
FNDA:0,uprotocol_sdk::uuid::uuidutils::UuidVersion::get_version
FNDA:0,uprotocol_sdk::uuid::uuidutils::UuidVersion::from_version
FNDA:0,uprotocol_sdk::uuid::uuidutils::UuidUtils::to_string
FNDA:0,uprotocol_sdk::uuid::uuidutils::UuidUtils::to_bytes
FNDA:0,uprotocol_sdk::uuid::uuidutils::UuidUtils::is_uprotocol
FNDA:0,uprotocol_sdk::uuid::uuidutils::UuidUtils::to_string
FNDA:0,uprotocol_sdk::uuid::uuidutils::UuidUtils::is_valid_uuid
FNDA:0,uprotocol_sdk::uuid::uuidutils::UuidUtils::from_bytes
FNDA:0,uprotocol_sdk::uuid::uuidutils::UuidUtils::to_bytes
FNDA:1,uprotocol_sdk::uuid::uuidutils::UuidVersion::from_version
FNDA:0,uprotocol_sdk::uuid::uuidutils::UuidUtils::is_v6
FNDA:0,uprotocol_sdk::uuid::uuidutils::UuidUtils::from_bytes
FNDA:1,uprotocol_sdk::uuid::uuidutils::UuidUtils::is_v6
FNDA:0,uprotocol_sdk::uuid::uuidutils::UuidUtils::is_v6
FNDA:0,uprotocol_sdk::uuid::uuidutils::UuidUtils::from_bytes
FNF:44
FNH:12
BRF:0
BRH:0
DA:40,0
DA:41,0
DA:42,0
DA:43,0
DA:44,0
DA:45,0
DA:46,0
DA:47,0
DA:48,0
DA:49,0
DA:50,0
DA:52,0
DA:54,16456
DA:55,16456
DA:56,0
DA:57,0
DA:58,0
DA:59,0
DA:60,12
DA:61,0
DA:62,0
DA:63,0
DA:64,16444
DA:65,0
DA:67,16456
DA:78,0
DA:79,0
DA:80,0
DA:87,0
DA:88,0
DA:89,0
DA:100,0
DA:101,0
DA:102,0
DA:113,0
DA:114,0
DA:115,0
DA:126,16456
DA:127,16456
DA:128,16456
DA:129,16456
DA:140,32
DA:141,32
DA:142,32
DA:153,32
DA:154,32
DA:155,32
DA:156,32
DA:167,32
DA:168,32
DA:169,32
DA:170,32
DA:181,16392
DA:182,16392
DA:183,16392
DA:185,0
DA:186,0
DA:187,0
DA:189,16392
DA:191,16392
DA:192,16392
DA:193,16392
DA:194,16392
DA:195,0
DA:197,16392
LF:65
LH:29
end_of_record
SF:src/transport/validator/uattributesvalidator.rs
FN:106,uprotocol_sdk::transport::validator::uattributesvalidator::UAttributesValidator::validate_id
FN:41,uprotocol_sdk::transport::validator::uattributesvalidator::UAttributesValidator::validate::{{closure}}
FN:263,<uprotocol_sdk::transport::validator::uattributesvalidator::RequestValidator as uprotocol_sdk::transport::validator::uattributesvalidator::UAttributesValidator>::validate_type
FN:106,uprotocol_sdk::transport::validator::uattributesvalidator::UAttributesValidator::validate_id
FN:178,uprotocol_sdk::transport::validator::uattributesvalidator::UAttributesValidator::validate_commstatus
FN:123,uprotocol_sdk::transport::validator::uattributesvalidator::UAttributesValidator::validate_reqid
FN:578,uprotocol_sdk::transport::validator::uattributesvalidator::tests::test_validating_valid_permission_level_attribute
FN:595,uprotocol_sdk::transport::validator::uattributesvalidator::tests::test_validating_invalid_commstatus_attribute::{{closure}}
FN:651,uprotocol_sdk::transport::validator::uattributesvalidator::tests::test_validating_request_validator_with_wrong_messagetype::{{closure}}
FN:72,uprotocol_sdk::transport::validator::uattributesvalidator::UAttributesValidator::is_expired
FN:344,<uprotocol_sdk::transport::validator::uattributesvalidator::ResponseValidator as uprotocol_sdk::transport::validator::uattributesvalidator::UAttributesValidator>::validate_sink
FN:538,uprotocol_sdk::transport::validator::uattributesvalidator::tests::test_validating_invalid_req_id_attribute
FN:263,<uprotocol_sdk::transport::validator::uattributesvalidator::RequestValidator as uprotocol_sdk::transport::validator::uattributesvalidator::UAttributesValidator>::validate_type
FN:40,uprotocol_sdk::transport::validator::uattributesvalidator::UAttributesValidator::validate::{{closure}}
FN:477,uprotocol_sdk::transport::validator::uattributesvalidator::tests::test_validating_valid_ttl_attribute
FN:494,uprotocol_sdk::transport::validator::uattributesvalidator::tests::test_validating_invalid_sink_attribute::{{closure}}
FN:40,uprotocol_sdk::transport::validator::uattributesvalidator::UAttributesValidator::validate::{{closure}}
FN:41,uprotocol_sdk::transport::validator::uattributesvalidator::UAttributesValidator::validate::{{closure}}
FN:30,uprotocol_sdk::transport::validator::uattributesvalidator::UAttributesValidator::validate
FN:237,<uprotocol_sdk::transport::validator::uattributesvalidator::PublishValidator as uprotocol_sdk::transport::validator::uattributesvalidator::UAttributesValidator>::validate_type
FN:494,uprotocol_sdk::transport::validator::uattributesvalidator::tests::test_validating_invalid_sink_attribute::{{closure}}
FN:774,uprotocol_sdk::transport::validator::uattributesvalidator::tests::test_validating_request_containing_hint_and_token
FN:123,uprotocol_sdk::transport::validator::uattributesvalidator::UAttributesValidator::validate_reqid
FN:72,uprotocol_sdk::transport::validator::uattributesvalidator::UAttributesValidator::is_expired
FN:692,uprotocol_sdk::transport::validator::uattributesvalidator::tests::test_validating_response_validator_with_wrong_bad_ttl
FN:144,uprotocol_sdk::transport::validator::uattributesvalidator::UAttributesValidator::validate_ttl
FN:41,uprotocol_sdk::transport::validator::uattributesvalidator::UAttributesValidator::validate::{{closure}}
FN:692,uprotocol_sdk::transport::validator::uattributesvalidator::tests::test_validating_response_validator_with_wrong_bad_ttl::{{closure}}
FN:41,uprotocol_sdk::transport::validator::uattributesvalidator::UAttributesValidator::validate::{{closure}}
FN:361,<uprotocol_sdk::transport::validator::uattributesvalidator::ResponseValidator as uprotocol_sdk::transport::validator::uattributesvalidator::UAttributesValidator>::validate_reqid
FN:72,uprotocol_sdk::transport::validator::uattributesvalidator::UAttributesValidator::is_expired
FN:361,<uprotocol_sdk::transport::validator::uattributesvalidator::ResponseValidator as uprotocol_sdk::transport::validator::uattributesvalidator::UAttributesValidator>::validate_reqid
FN:72,uprotocol_sdk::transport::validator::uattributesvalidator::UAttributesValidator::is_expired
FN:344,<uprotocol_sdk::transport::validator::uattributesvalidator::ResponseValidator as uprotocol_sdk::transport::validator::uattributesvalidator::UAttributesValidator>::validate_sink
FN:40,uprotocol_sdk::transport::validator::uattributesvalidator::UAttributesValidator::validate::{{closure}}
FN:162,uprotocol_sdk::transport::validator::uattributesvalidator::UAttributesValidator::validate_sink
FN:432,uprotocol_sdk::transport::validator::uattributesvalidator::tests::test_validating_valid_publish_messagetypes::{{closure}}
FN:178,uprotocol_sdk::transport::validator::uattributesvalidator::UAttributesValidator::validate_commstatus
FN:457,uprotocol_sdk::transport::validator::uattributesvalidator::tests::test_validating_publish_invalid_ttl_attribute
FN:123,uprotocol_sdk::transport::validator::uattributesvalidator::UAttributesValidator::validate_reqid
FN:224,<uprotocol_sdk::transport::validator::uattributesvalidator::PublishValidator as uprotocol_sdk::transport::validator::uattributesvalidator::UAttributesValidator>::type_name
FN:432,uprotocol_sdk::transport::validator::uattributesvalidator::tests::test_validating_valid_publish_messagetypes
FN:631,uprotocol_sdk::transport::validator::uattributesvalidator::tests::test_validating_request_message_types::{{closure}}
FN:631,uprotocol_sdk::transport::validator::uattributesvalidator::tests::test_validating_request_message_types
FN:280,<uprotocol_sdk::transport::validator::uattributesvalidator::RequestValidator as uprotocol_sdk::transport::validator::uattributesvalidator::UAttributesValidator>::validate_sink
FN:30,uprotocol_sdk::transport::validator::uattributesvalidator::UAttributesValidator::validate
FN:538,uprotocol_sdk::transport::validator::uattributesvalidator::tests::test_validating_invalid_req_id_attribute
FN:361,<uprotocol_sdk::transport::validator::uattributesvalidator::ResponseValidator as uprotocol_sdk::transport::validator::uattributesvalidator::UAttributesValidator>::validate_reqid
FN:106,uprotocol_sdk::transport::validator::uattributesvalidator::UAttributesValidator::validate_id
FN:297,<uprotocol_sdk::transport::validator::uattributesvalidator::RequestValidator as uprotocol_sdk::transport::validator::uattributesvalidator::UAttributesValidator>::validate_ttl
FN:30,uprotocol_sdk::transport::validator::uattributesvalidator::UAttributesValidator::validate
FN:651,uprotocol_sdk::transport::validator::uattributesvalidator::tests::test_validating_request_validator_with_wrong_messagetype
FN:72,uprotocol_sdk::transport::validator::uattributesvalidator::UAttributesValidator::is_expired
FN:517,uprotocol_sdk::transport::validator::uattributesvalidator::tests::test_validating_valid_sink_attribute::{{closure}}
FN:754,uprotocol_sdk::transport::validator::uattributesvalidator::tests::test_validating_response_validator_with_wrong_messagetype::{{closure}}
FN:30,uprotocol_sdk::transport::validator::uattributesvalidator::UAttributesValidator::validate
FN:40,uprotocol_sdk::transport::validator::uattributesvalidator::UAttributesValidator::validate::{{closure}}
FN:477,uprotocol_sdk::transport::validator::uattributesvalidator::tests::test_validating_valid_ttl_attribute::{{closure}}
FN:494,uprotocol_sdk::transport::validator::uattributesvalidator::tests::test_validating_invalid_sink_attribute
FN:631,uprotocol_sdk::transport::validator::uattributesvalidator::tests::test_validating_request_message_types::{{closure}}
FN:41,uprotocol_sdk::transport::validator::uattributesvalidator::UAttributesValidator::validate::{{closure}}
FN:578,uprotocol_sdk::transport::validator::uattributesvalidator::tests::test_validating_valid_permission_level_attribute::{{closure}}
FN:390,uprotocol_sdk::transport::validator::uattributesvalidator::tests::test_fetching_validator_for_valid_types::{{closure}}
FN:211,uprotocol_sdk::transport::validator::uattributesvalidator::Validators::get_validator
FN:178,uprotocol_sdk::transport::validator::uattributesvalidator::UAttributesValidator::validate_commstatus
FN:72,uprotocol_sdk::transport::validator::uattributesvalidator::UAttributesValidator::is_expired
FN:774,uprotocol_sdk::transport::validator::uattributesvalidator::tests::test_validating_request_containing_hint_and_token::{{closure}}
FN:237,<uprotocol_sdk::transport::validator::uattributesvalidator::PublishValidator as uprotocol_sdk::transport::validator::uattributesvalidator::UAttributesValidator>::validate_type
FN:41,uprotocol_sdk::transport::validator::uattributesvalidator::UAttributesValidator::validate::{{closure}}
FN:692,uprotocol_sdk::transport::validator::uattributesvalidator::tests::test_validating_response_validator_with_wrong_bad_ttl::{{closure}}
FN:106,uprotocol_sdk::transport::validator::uattributesvalidator::UAttributesValidator::validate_id
FN:457,uprotocol_sdk::transport::validator::uattributesvalidator::tests::test_validating_publish_invalid_ttl_attribute::{{closure}}
FN:614,uprotocol_sdk::transport::validator::uattributesvalidator::tests::test_validating_valid_commstatus_attribute::{{closure}}
FN:714,uprotocol_sdk::transport::validator::uattributesvalidator::tests::test_validating_response_validator_with_bad_reqid::{{closure}}
FN:203,uprotocol_sdk::transport::validator::uattributesvalidator::Validators::validator
FN:774,uprotocol_sdk::transport::validator::uattributesvalidator::tests::test_validating_request_containing_hint_and_token::{{closure}}
FN:774,uprotocol_sdk::transport::validator::uattributesvalidator::tests::test_validating_request_containing_hint_and_token
FN:517,uprotocol_sdk::transport::validator::uattributesvalidator::tests::test_validating_valid_sink_attribute::{{closure}}
FN:40,uprotocol_sdk::transport::validator::uattributesvalidator::UAttributesValidator::validate::{{closure}}
FN:327,<uprotocol_sdk::transport::validator::uattributesvalidator::ResponseValidator as uprotocol_sdk::transport::validator::uattributesvalidator::UAttributesValidator>::validate_type
FN:457,uprotocol_sdk::transport::validator::uattributesvalidator::tests::test_validating_publish_invalid_ttl_attribute::{{closure}}
FN:457,uprotocol_sdk::transport::validator::uattributesvalidator::tests::test_validating_publish_invalid_ttl_attribute
FN:144,uprotocol_sdk::transport::validator::uattributesvalidator::UAttributesValidator::validate_ttl
FN:314,<uprotocol_sdk::transport::validator::uattributesvalidator::ResponseValidator as uprotocol_sdk::transport::validator::uattributesvalidator::UAttributesValidator>::type_name
FN:237,<uprotocol_sdk::transport::validator::uattributesvalidator::PublishValidator as uprotocol_sdk::transport::validator::uattributesvalidator::UAttributesValidator>::validate_type
FN:614,uprotocol_sdk::transport::validator::uattributesvalidator::tests::test_validating_valid_commstatus_attribute
FN:72,uprotocol_sdk::transport::validator::uattributesvalidator::UAttributesValidator::is_expired
FN:432,uprotocol_sdk::transport::validator::uattributesvalidator::tests::test_validating_valid_publish_messagetypes::{{closure}}
FN:211,uprotocol_sdk::transport::validator::uattributesvalidator::Validators::get_validator
FN:595,uprotocol_sdk::transport::validator::uattributesvalidator::tests::test_validating_invalid_commstatus_attribute
FN:106,uprotocol_sdk::transport::validator::uattributesvalidator::UAttributesValidator::validate_id
FN:557,uprotocol_sdk::transport::validator::uattributesvalidator::tests::test_validating_valid_req_id_attribute
FN:30,uprotocol_sdk::transport::validator::uattributesvalidator::UAttributesValidator::validate
FN:224,<uprotocol_sdk::transport::validator::uattributesvalidator::PublishValidator as uprotocol_sdk::transport::validator::uattributesvalidator::UAttributesValidator>::type_name
FN:144,uprotocol_sdk::transport::validator::uattributesvalidator::UAttributesValidator::validate_ttl
FN:517,uprotocol_sdk::transport::validator::uattributesvalidator::tests::test_validating_valid_sink_attribute
FN:30,uprotocol_sdk::transport::validator::uattributesvalidator::UAttributesValidator::validate
FN:736,uprotocol_sdk::transport::validator::uattributesvalidator::tests::test_validating_publish_validator_with_wrong_messagetype
FN:144,uprotocol_sdk::transport::validator::uattributesvalidator::UAttributesValidator::validate_ttl
FN:250,<uprotocol_sdk::transport::validator::uattributesvalidator::RequestValidator as uprotocol_sdk::transport::validator::uattributesvalidator::UAttributesValidator>::type_name
FN:297,<uprotocol_sdk::transport::validator::uattributesvalidator::RequestValidator as uprotocol_sdk::transport::validator::uattributesvalidator::UAttributesValidator>::validate_ttl
FN:327,<uprotocol_sdk::transport::validator::uattributesvalidator::ResponseValidator as uprotocol_sdk::transport::validator::uattributesvalidator::UAttributesValidator>::validate_type
FN:30,uprotocol_sdk::transport::validator::uattributesvalidator::UAttributesValidator::validate
FN:162,uprotocol_sdk::transport::validator::uattributesvalidator::UAttributesValidator::validate_sink
FN:123,uprotocol_sdk::transport::validator::uattributesvalidator::UAttributesValidator::validate_reqid
FN:557,uprotocol_sdk::transport::validator::uattributesvalidator::tests::test_validating_valid_req_id_attribute
FN:106,uprotocol_sdk::transport::validator::uattributesvalidator::UAttributesValidator::validate_id
FN:30,uprotocol_sdk::transport::validator::uattributesvalidator::UAttributesValidator::validate
FN:162,uprotocol_sdk::transport::validator::uattributesvalidator::UAttributesValidator::validate_sink
FN:736,uprotocol_sdk::transport::validator::uattributesvalidator::tests::test_validating_publish_validator_with_wrong_messagetype::{{closure}}
FN:250,<uprotocol_sdk::transport::validator::uattributesvalidator::RequestValidator as uprotocol_sdk::transport::validator::uattributesvalidator::UAttributesValidator>::type_name
FN:41,uprotocol_sdk::transport::validator::uattributesvalidator::UAttributesValidator::validate::{{closure}}
FN:123,uprotocol_sdk::transport::validator::uattributesvalidator::UAttributesValidator::validate_reqid
FN:651,uprotocol_sdk::transport::validator::uattributesvalidator::tests::test_validating_request_validator_with_wrong_messagetype
FN:280,<uprotocol_sdk::transport::validator::uattributesvalidator::RequestValidator as uprotocol_sdk::transport::validator::uattributesvalidator::UAttributesValidator>::validate_sink
FN:211,uprotocol_sdk::transport::validator::uattributesvalidator::Validators::get_validator
FN:754,uprotocol_sdk::transport::validator::uattributesvalidator::tests::test_validating_response_validator_with_wrong_messagetype::{{closure}}
FN:144,uprotocol_sdk::transport::validator::uattributesvalidator::UAttributesValidator::validate_ttl
FN:40,uprotocol_sdk::transport::validator::uattributesvalidator::UAttributesValidator::validate::{{closure}}
FN:344,<uprotocol_sdk::transport::validator::uattributesvalidator::ResponseValidator as uprotocol_sdk::transport::validator::uattributesvalidator::UAttributesValidator>::validate_sink
FN:203,uprotocol_sdk::transport::validator::uattributesvalidator::Validators::validator
FN:557,uprotocol_sdk::transport::validator::uattributesvalidator::tests::test_validating_valid_req_id_attribute::{{closure}}
FN:178,uprotocol_sdk::transport::validator::uattributesvalidator::UAttributesValidator::validate_commstatus
FN:477,uprotocol_sdk::transport::validator::uattributesvalidator::tests::test_validating_valid_ttl_attribute::{{closure}}
FN:671,uprotocol_sdk::transport::validator::uattributesvalidator::tests::test_validating_request_validator_with_wrong_bad_ttl
FN:714,uprotocol_sdk::transport::validator::uattributesvalidator::tests::test_validating_response_validator_with_bad_reqid
FN:263,<uprotocol_sdk::transport::validator::uattributesvalidator::RequestValidator as uprotocol_sdk::transport::validator::uattributesvalidator::UAttributesValidator>::validate_type
FN:714,uprotocol_sdk::transport::validator::uattributesvalidator::tests::test_validating_response_validator_with_bad_reqid
FN:538,uprotocol_sdk::transport::validator::uattributesvalidator::tests::test_validating_invalid_req_id_attribute::{{closure}}
FN:106,uprotocol_sdk::transport::validator::uattributesvalidator::UAttributesValidator::validate_id
FN:41,uprotocol_sdk::transport::validator::uattributesvalidator::UAttributesValidator::validate::{{closure}}
FN:692,uprotocol_sdk::transport::validator::uattributesvalidator::tests::test_validating_response_validator_with_wrong_bad_ttl
FN:40,uprotocol_sdk::transport::validator::uattributesvalidator::UAttributesValidator::validate::{{closure}}
FN:72,uprotocol_sdk::transport::validator::uattributesvalidator::UAttributesValidator::is_expired
FN:211,uprotocol_sdk::transport::validator::uattributesvalidator::Validators::get_validator
FN:280,<uprotocol_sdk::transport::validator::uattributesvalidator::RequestValidator as uprotocol_sdk::transport::validator::uattributesvalidator::UAttributesValidator>::validate_sink
FN:178,uprotocol_sdk::transport::validator::uattributesvalidator::UAttributesValidator::validate_commstatus
FN:203,uprotocol_sdk::transport::validator::uattributesvalidator::Validators::validator
FN:178,uprotocol_sdk::transport::validator::uattributesvalidator::UAttributesValidator::validate_commstatus
FN:72,uprotocol_sdk::transport::validator::uattributesvalidator::UAttributesValidator::is_expired
FN:41,uprotocol_sdk::transport::validator::uattributesvalidator::UAttributesValidator::validate::{{closure}}
FN:106,uprotocol_sdk::transport::validator::uattributesvalidator::UAttributesValidator::validate_id
FN:178,uprotocol_sdk::transport::validator::uattributesvalidator::UAttributesValidator::validate_commstatus
FN:106,uprotocol_sdk::transport::validator::uattributesvalidator::UAttributesValidator::validate_id
FN:41,uprotocol_sdk::transport::validator::uattributesvalidator::UAttributesValidator::validate::{{closure}}
FN:297,<uprotocol_sdk::transport::validator::uattributesvalidator::RequestValidator as uprotocol_sdk::transport::validator::uattributesvalidator::UAttributesValidator>::validate_ttl
FN:30,uprotocol_sdk::transport::validator::uattributesvalidator::UAttributesValidator::validate
FN:72,uprotocol_sdk::transport::validator::uattributesvalidator::UAttributesValidator::is_expired
FN:40,uprotocol_sdk::transport::validator::uattributesvalidator::UAttributesValidator::validate::{{closure}}
FN:250,<uprotocol_sdk::transport::validator::uattributesvalidator::RequestValidator as uprotocol_sdk::transport::validator::uattributesvalidator::UAttributesValidator>::type_name
FN:390,uprotocol_sdk::transport::validator::uattributesvalidator::tests::test_fetching_validator_for_valid_types
FN:30,uprotocol_sdk::transport::validator::uattributesvalidator::UAttributesValidator::validate
FN:595,uprotocol_sdk::transport::validator::uattributesvalidator::tests::test_validating_invalid_commstatus_attribute::{{closure}}
FN:178,uprotocol_sdk::transport::validator::uattributesvalidator::UAttributesValidator::validate_commstatus
FN:224,<uprotocol_sdk::transport::validator::uattributesvalidator::PublishValidator as uprotocol_sdk::transport::validator::uattributesvalidator::UAttributesValidator>::type_name
FN:595,uprotocol_sdk::transport::validator::uattributesvalidator::tests::test_validating_invalid_commstatus_attribute
FN:538,uprotocol_sdk::transport::validator::uattributesvalidator::tests::test_validating_invalid_req_id_attribute::{{closure}}
FN:178,uprotocol_sdk::transport::validator::uattributesvalidator::UAttributesValidator::validate_commstatus
FN:651,uprotocol_sdk::transport::validator::uattributesvalidator::tests::test_validating_request_validator_with_wrong_messagetype::{{closure}}
FN:250,<uprotocol_sdk::transport::validator::uattributesvalidator::RequestValidator as uprotocol_sdk::transport::validator::uattributesvalidator::UAttributesValidator>::type_name
FN:314,<uprotocol_sdk::transport::validator::uattributesvalidator::ResponseValidator as uprotocol_sdk::transport::validator::uattributesvalidator::UAttributesValidator>::type_name
FN:671,uprotocol_sdk::transport::validator::uattributesvalidator::tests::test_validating_request_validator_with_wrong_bad_ttl
FN:72,uprotocol_sdk::transport::validator::uattributesvalidator::UAttributesValidator::is_expired
FN:178,uprotocol_sdk::transport::validator::uattributesvalidator::UAttributesValidator::validate_commstatus
FN:557,uprotocol_sdk::transport::validator::uattributesvalidator::tests::test_validating_valid_req_id_attribute::{{closure}}
FN:614,uprotocol_sdk::transport::validator::uattributesvalidator::tests::test_validating_valid_commstatus_attribute::{{closure}}
FN:578,uprotocol_sdk::transport::validator::uattributesvalidator::tests::test_validating_valid_permission_level_attribute::{{closure}}
FN:106,uprotocol_sdk::transport::validator::uattributesvalidator::UAttributesValidator::validate_id
FN:517,uprotocol_sdk::transport::validator::uattributesvalidator::tests::test_validating_valid_sink_attribute
FN:280,<uprotocol_sdk::transport::validator::uattributesvalidator::RequestValidator as uprotocol_sdk::transport::validator::uattributesvalidator::UAttributesValidator>::validate_sink
FN:30,uprotocol_sdk::transport::validator::uattributesvalidator::UAttributesValidator::validate
FN:631,uprotocol_sdk::transport::validator::uattributesvalidator::tests::test_validating_request_message_types
FN:40,uprotocol_sdk::transport::validator::uattributesvalidator::UAttributesValidator::validate::{{closure}}
FN:297,<uprotocol_sdk::transport::validator::uattributesvalidator::RequestValidator as uprotocol_sdk::transport::validator::uattributesvalidator::UAttributesValidator>::validate_ttl
FN:123,uprotocol_sdk::transport::validator::uattributesvalidator::UAttributesValidator::validate_reqid
FN:41,uprotocol_sdk::transport::validator::uattributesvalidator::UAttributesValidator::validate::{{closure}}
FN:178,uprotocol_sdk::transport::validator::uattributesvalidator::UAttributesValidator::validate_commstatus
FN:736,uprotocol_sdk::transport::validator::uattributesvalidator::tests::test_validating_publish_validator_with_wrong_messagetype::{{closure}}
FN:41,uprotocol_sdk::transport::validator::uattributesvalidator::UAttributesValidator::validate::{{closure}}
FN:106,uprotocol_sdk::transport::validator::uattributesvalidator::UAttributesValidator::validate_id
FN:123,uprotocol_sdk::transport::validator::uattributesvalidator::UAttributesValidator::validate_reqid
FN:736,uprotocol_sdk::transport::validator::uattributesvalidator::tests::test_validating_publish_validator_with_wrong_messagetype
FN:106,uprotocol_sdk::transport::validator::uattributesvalidator::UAttributesValidator::validate_id
FN:203,uprotocol_sdk::transport::validator::uattributesvalidator::Validators::validator
FN:237,<uprotocol_sdk::transport::validator::uattributesvalidator::PublishValidator as uprotocol_sdk::transport::validator::uattributesvalidator::UAttributesValidator>::validate_type
FN:178,uprotocol_sdk::transport::validator::uattributesvalidator::UAttributesValidator::validate_commstatus
FN:344,<uprotocol_sdk::transport::validator::uattributesvalidator::ResponseValidator as uprotocol_sdk::transport::validator::uattributesvalidator::UAttributesValidator>::validate_sink
FN:432,uprotocol_sdk::transport::validator::uattributesvalidator::tests::test_validating_valid_publish_messagetypes
FN:494,uprotocol_sdk::transport::validator::uattributesvalidator::tests::test_validating_invalid_sink_attribute
FN:162,uprotocol_sdk::transport::validator::uattributesvalidator::UAttributesValidator::validate_sink
FN:714,uprotocol_sdk::transport::validator::uattributesvalidator::tests::test_validating_response_validator_with_bad_reqid::{{closure}}
FN:361,<uprotocol_sdk::transport::validator::uattributesvalidator::ResponseValidator as uprotocol_sdk::transport::validator::uattributesvalidator::UAttributesValidator>::validate_reqid
FN:40,uprotocol_sdk::transport::validator::uattributesvalidator::UAttributesValidator::validate::{{closure}}
FN:754,uprotocol_sdk::transport::validator::uattributesvalidator::tests::test_validating_response_validator_with_wrong_messagetype
FN:40,uprotocol_sdk::transport::validator::uattributesvalidator::UAttributesValidator::validate::{{closure}}
FN:263,<uprotocol_sdk::transport::validator::uattributesvalidator::RequestValidator as uprotocol_sdk::transport::validator::uattributesvalidator::UAttributesValidator>::validate_type
FN:671,uprotocol_sdk::transport::validator::uattributesvalidator::tests::test_validating_request_validator_with_wrong_bad_ttl::{{closure}}
FN:314,<uprotocol_sdk::transport::validator::uattributesvalidator::ResponseValidator as uprotocol_sdk::transport::validator::uattributesvalidator::UAttributesValidator>::type_name
FN:327,<uprotocol_sdk::transport::validator::uattributesvalidator::ResponseValidator as uprotocol_sdk::transport::validator::uattributesvalidator::UAttributesValidator>::validate_type
FN:390,uprotocol_sdk::transport::validator::uattributesvalidator::tests::test_fetching_validator_for_valid_types
FN:671,uprotocol_sdk::transport::validator::uattributesvalidator::tests::test_validating_request_validator_with_wrong_bad_ttl::{{closure}}
FN:477,uprotocol_sdk::transport::validator::uattributesvalidator::tests::test_validating_valid_ttl_attribute
FN:30,uprotocol_sdk::transport::validator::uattributesvalidator::UAttributesValidator::validate
FN:40,uprotocol_sdk::transport::validator::uattributesvalidator::UAttributesValidator::validate::{{closure}}
FN:327,<uprotocol_sdk::transport::validator::uattributesvalidator::ResponseValidator as uprotocol_sdk::transport::validator::uattributesvalidator::UAttributesValidator>::validate_type
FN:144,uprotocol_sdk::transport::validator::uattributesvalidator::UAttributesValidator::validate_ttl
FN:144,uprotocol_sdk::transport::validator::uattributesvalidator::UAttributesValidator::validate_ttl
FN:144,uprotocol_sdk::transport::validator::uattributesvalidator::UAttributesValidator::validate_ttl
FN:754,uprotocol_sdk::transport::validator::uattributesvalidator::tests::test_validating_response_validator_with_wrong_messagetype
FN:123,uprotocol_sdk::transport::validator::uattributesvalidator::UAttributesValidator::validate_reqid
FN:390,uprotocol_sdk::transport::validator::uattributesvalidator::tests::test_fetching_validator_for_valid_types::{{closure}}
FN:578,uprotocol_sdk::transport::validator::uattributesvalidator::tests::test_validating_valid_permission_level_attribute
FN:224,<uprotocol_sdk::transport::validator::uattributesvalidator::PublishValidator as uprotocol_sdk::transport::validator::uattributesvalidator::UAttributesValidator>::type_name
FN:72,uprotocol_sdk::transport::validator::uattributesvalidator::UAttributesValidator::is_expired
FN:614,uprotocol_sdk::transport::validator::uattributesvalidator::tests::test_validating_valid_commstatus_attribute
FN:314,<uprotocol_sdk::transport::validator::uattributesvalidator::ResponseValidator as uprotocol_sdk::transport::validator::uattributesvalidator::UAttributesValidator>::type_name
FNDA:0,uprotocol_sdk::transport::validator::uattributesvalidator::UAttributesValidator::validate_id
FNDA:0,uprotocol_sdk::transport::validator::uattributesvalidator::UAttributesValidator::validate::{{closure}}
FNDA:0,<uprotocol_sdk::transport::validator::uattributesvalidator::RequestValidator as uprotocol_sdk::transport::validator::uattributesvalidator::UAttributesValidator>::validate_type
FNDA:1,uprotocol_sdk::transport::validator::uattributesvalidator::UAttributesValidator::validate_id
FNDA:1,uprotocol_sdk::transport::validator::uattributesvalidator::UAttributesValidator::validate_commstatus
FNDA:0,uprotocol_sdk::transport::validator::uattributesvalidator::UAttributesValidator::validate_reqid
FNDA:1,uprotocol_sdk::transport::validator::uattributesvalidator::tests::test_validating_valid_permission_level_attribute
FNDA:1,uprotocol_sdk::transport::validator::uattributesvalidator::tests::test_validating_invalid_commstatus_attribute::{{closure}}
FNDA:1,uprotocol_sdk::transport::validator::uattributesvalidator::tests::test_validating_request_validator_with_wrong_messagetype::{{closure}}
FNDA:0,uprotocol_sdk::transport::validator::uattributesvalidator::UAttributesValidator::is_expired
FNDA:0,<uprotocol_sdk::transport::validator::uattributesvalidator::ResponseValidator as uprotocol_sdk::transport::validator::uattributesvalidator::UAttributesValidator>::validate_sink
FNDA:1,uprotocol_sdk::transport::validator::uattributesvalidator::tests::test_validating_invalid_req_id_attribute
FNDA:1,<uprotocol_sdk::transport::validator::uattributesvalidator::RequestValidator as uprotocol_sdk::transport::validator::uattributesvalidator::UAttributesValidator>::validate_type
FNDA:0,uprotocol_sdk::transport::validator::uattributesvalidator::UAttributesValidator::validate::{{closure}}
FNDA:1,uprotocol_sdk::transport::validator::uattributesvalidator::tests::test_validating_valid_ttl_attribute
FNDA:1,uprotocol_sdk::transport::validator::uattributesvalidator::tests::test_validating_invalid_sink_attribute::{{closure}}
FNDA:0,uprotocol_sdk::transport::validator::uattributesvalidator::UAttributesValidator::validate::{{closure}}
FNDA:1,uprotocol_sdk::transport::validator::uattributesvalidator::UAttributesValidator::validate::{{closure}}
FNDA:1,uprotocol_sdk::transport::validator::uattributesvalidator::UAttributesValidator::validate
FNDA:0,<uprotocol_sdk::transport::validator::uattributesvalidator::PublishValidator as uprotocol_sdk::transport::validator::uattributesvalidator::UAttributesValidator>::validate_type
FNDA:1,uprotocol_sdk::transport::validator::uattributesvalidator::tests::test_validating_invalid_sink_attribute::{{closure}}
FNDA:1,uprotocol_sdk::transport::validator::uattributesvalidator::tests::test_validating_request_containing_hint_and_token
FNDA:1,uprotocol_sdk::transport::validator::uattributesvalidator::UAttributesValidator::validate_reqid
FNDA:0,uprotocol_sdk::transport::validator::uattributesvalidator::UAttributesValidator::is_expired
FNDA:1,uprotocol_sdk::transport::validator::uattributesvalidator::tests::test_validating_response_validator_with_wrong_bad_ttl
FNDA:1,uprotocol_sdk::transport::validator::uattributesvalidator::UAttributesValidator::validate_ttl
FNDA:0,uprotocol_sdk::transport::validator::uattributesvalidator::UAttributesValidator::validate::{{closure}}
FNDA:1,uprotocol_sdk::transport::validator::uattributesvalidator::tests::test_validating_response_validator_with_wrong_bad_ttl::{{closure}}
FNDA:1,uprotocol_sdk::transport::validator::uattributesvalidator::UAttributesValidator::validate::{{closure}}
FNDA:1,<uprotocol_sdk::transport::validator::uattributesvalidator::ResponseValidator as uprotocol_sdk::transport::validator::uattributesvalidator::UAttributesValidator>::validate_reqid
FNDA:0,uprotocol_sdk::transport::validator::uattributesvalidator::UAttributesValidator::is_expired
FNDA:0,<uprotocol_sdk::transport::validator::uattributesvalidator::ResponseValidator as uprotocol_sdk::transport::validator::uattributesvalidator::UAttributesValidator>::validate_reqid
FNDA:0,uprotocol_sdk::transport::validator::uattributesvalidator::UAttributesValidator::is_expired
FNDA:0,<uprotocol_sdk::transport::validator::uattributesvalidator::ResponseValidator as uprotocol_sdk::transport::validator::uattributesvalidator::UAttributesValidator>::validate_sink
FNDA:1,uprotocol_sdk::transport::validator::uattributesvalidator::UAttributesValidator::validate::{{closure}}
FNDA:0,uprotocol_sdk::transport::validator::uattributesvalidator::UAttributesValidator::validate_sink
FNDA:1,uprotocol_sdk::transport::validator::uattributesvalidator::tests::test_validating_valid_publish_messagetypes::{{closure}}
FNDA:1,uprotocol_sdk::transport::validator::uattributesvalidator::UAttributesValidator::validate_commstatus
FNDA:1,uprotocol_sdk::transport::validator::uattributesvalidator::tests::test_validating_publish_invalid_ttl_attribute
FNDA:0,uprotocol_sdk::transport::validator::uattributesvalidator::UAttributesValidator::validate_reqid
FNDA:1,<uprotocol_sdk::transport::validator::uattributesvalidator::PublishValidator as uprotocol_sdk::transport::validator::uattributesvalidator::UAttributesValidator>::type_name
FNDA:1,uprotocol_sdk::transport::validator::uattributesvalidator::tests::test_validating_valid_publish_messagetypes
FNDA:1,uprotocol_sdk::transport::validator::uattributesvalidator::tests::test_validating_request_message_types::{{closure}}
FNDA:1,uprotocol_sdk::transport::validator::uattributesvalidator::tests::test_validating_request_message_types
FNDA:1,<uprotocol_sdk::transport::validator::uattributesvalidator::RequestValidator as uprotocol_sdk::transport::validator::uattributesvalidator::UAttributesValidator>::validate_sink
FNDA:0,uprotocol_sdk::transport::validator::uattributesvalidator::UAttributesValidator::validate
FNDA:1,uprotocol_sdk::transport::validator::uattributesvalidator::tests::test_validating_invalid_req_id_attribute
FNDA:1,<uprotocol_sdk::transport::validator::uattributesvalidator::ResponseValidator as uprotocol_sdk::transport::validator::uattributesvalidator::UAttributesValidator>::validate_reqid
FNDA:0,uprotocol_sdk::transport::validator::uattributesvalidator::UAttributesValidator::validate_id
FNDA:0,<uprotocol_sdk::transport::validator::uattributesvalidator::RequestValidator as uprotocol_sdk::transport::validator::uattributesvalidator::UAttributesValidator>::validate_ttl
FNDA:1,uprotocol_sdk::transport::validator::uattributesvalidator::UAttributesValidator::validate
FNDA:1,uprotocol_sdk::transport::validator::uattributesvalidator::tests::test_validating_request_validator_with_wrong_messagetype
FNDA:0,uprotocol_sdk::transport::validator::uattributesvalidator::UAttributesValidator::is_expired
FNDA:1,uprotocol_sdk::transport::validator::uattributesvalidator::tests::test_validating_valid_sink_attribute::{{closure}}
FNDA:1,uprotocol_sdk::transport::validator::uattributesvalidator::tests::test_validating_response_validator_with_wrong_messagetype::{{closure}}
FNDA:0,uprotocol_sdk::transport::validator::uattributesvalidator::UAttributesValidator::validate
FNDA:0,uprotocol_sdk::transport::validator::uattributesvalidator::UAttributesValidator::validate::{{closure}}
FNDA:1,uprotocol_sdk::transport::validator::uattributesvalidator::tests::test_validating_valid_ttl_attribute::{{closure}}
FNDA:1,uprotocol_sdk::transport::validator::uattributesvalidator::tests::test_validating_invalid_sink_attribute
FNDA:1,uprotocol_sdk::transport::validator::uattributesvalidator::tests::test_validating_request_message_types::{{closure}}
FNDA:0,uprotocol_sdk::transport::validator::uattributesvalidator::UAttributesValidator::validate::{{closure}}
FNDA:1,uprotocol_sdk::transport::validator::uattributesvalidator::tests::test_validating_valid_permission_level_attribute::{{closure}}
FNDA:1,uprotocol_sdk::transport::validator::uattributesvalidator::tests::test_fetching_validator_for_valid_types::{{closure}}
FNDA:1,uprotocol_sdk::transport::validator::uattributesvalidator::Validators::get_validator
FNDA:0,uprotocol_sdk::transport::validator::uattributesvalidator::UAttributesValidator::validate_commstatus
FNDA:0,uprotocol_sdk::transport::validator::uattributesvalidator::UAttributesValidator::is_expired
FNDA:1,uprotocol_sdk::transport::validator::uattributesvalidator::tests::test_validating_request_containing_hint_and_token::{{closure}}
FNDA:0,<uprotocol_sdk::transport::validator::uattributesvalidator::PublishValidator as uprotocol_sdk::transport::validator::uattributesvalidator::UAttributesValidator>::validate_type
FNDA:0,uprotocol_sdk::transport::validator::uattributesvalidator::UAttributesValidator::validate::{{closure}}
FNDA:1,uprotocol_sdk::transport::validator::uattributesvalidator::tests::test_validating_response_validator_with_wrong_bad_ttl::{{closure}}
FNDA:1,uprotocol_sdk::transport::validator::uattributesvalidator::UAttributesValidator::validate_id
FNDA:1,uprotocol_sdk::transport::validator::uattributesvalidator::tests::test_validating_publish_invalid_ttl_attribute::{{closure}}
FNDA:1,uprotocol_sdk::transport::validator::uattributesvalidator::tests::test_validating_valid_commstatus_attribute::{{closure}}
FNDA:1,uprotocol_sdk::transport::validator::uattributesvalidator::tests::test_validating_response_validator_with_bad_reqid::{{closure}}
FNDA:1,uprotocol_sdk::transport::validator::uattributesvalidator::Validators::validator
FNDA:1,uprotocol_sdk::transport::validator::uattributesvalidator::tests::test_validating_request_containing_hint_and_token::{{closure}}
FNDA:1,uprotocol_sdk::transport::validator::uattributesvalidator::tests::test_validating_request_containing_hint_and_token
FNDA:1,uprotocol_sdk::transport::validator::uattributesvalidator::tests::test_validating_valid_sink_attribute::{{closure}}
FNDA:0,uprotocol_sdk::transport::validator::uattributesvalidator::UAttributesValidator::validate::{{closure}}
FNDA:0,<uprotocol_sdk::transport::validator::uattributesvalidator::ResponseValidator as uprotocol_sdk::transport::validator::uattributesvalidator::UAttributesValidator>::validate_type
FNDA:1,uprotocol_sdk::transport::validator::uattributesvalidator::tests::test_validating_publish_invalid_ttl_attribute::{{closure}}
FNDA:1,uprotocol_sdk::transport::validator::uattributesvalidator::tests::test_validating_publish_invalid_ttl_attribute
FNDA:1,uprotocol_sdk::transport::validator::uattributesvalidator::UAttributesValidator::validate_ttl
FNDA:0,<uprotocol_sdk::transport::validator::uattributesvalidator::ResponseValidator as uprotocol_sdk::transport::validator::uattributesvalidator::UAttributesValidator>::type_name
FNDA:1,<uprotocol_sdk::transport::validator::uattributesvalidator::PublishValidator as uprotocol_sdk::transport::validator::uattributesvalidator::UAttributesValidator>::validate_type
FNDA:1,uprotocol_sdk::transport::validator::uattributesvalidator::tests::test_validating_valid_commstatus_attribute
FNDA:0,uprotocol_sdk::transport::validator::uattributesvalidator::UAttributesValidator::is_expired
FNDA:1,uprotocol_sdk::transport::validator::uattributesvalidator::tests::test_validating_valid_publish_messagetypes::{{closure}}
FNDA:0,uprotocol_sdk::transport::validator::uattributesvalidator::Validators::get_validator
FNDA:1,uprotocol_sdk::transport::validator::uattributesvalidator::tests::test_validating_invalid_commstatus_attribute
FNDA:0,uprotocol_sdk::transport::validator::uattributesvalidator::UAttributesValidator::validate_id
FNDA:1,uprotocol_sdk::transport::validator::uattributesvalidator::tests::test_validating_valid_req_id_attribute
FNDA:0,uprotocol_sdk::transport::validator::uattributesvalidator::UAttributesValidator::validate
FNDA:0,<uprotocol_sdk::transport::validator::uattributesvalidator::PublishValidator as uprotocol_sdk::transport::validator::uattributesvalidator::UAttributesValidator>::type_name
FNDA:0,uprotocol_sdk::transport::validator::uattributesvalidator::UAttributesValidator::validate_ttl
FNDA:1,uprotocol_sdk::transport::validator::uattributesvalidator::tests::test_validating_valid_sink_attribute
FNDA:0,uprotocol_sdk::transport::validator::uattributesvalidator::UAttributesValidator::validate
FNDA:1,uprotocol_sdk::transport::validator::uattributesvalidator::tests::test_validating_publish_validator_with_wrong_messagetype
FNDA:1,uprotocol_sdk::transport::validator::uattributesvalidator::UAttributesValidator::validate_ttl
FNDA:0,<uprotocol_sdk::transport::validator::uattributesvalidator::RequestValidator as uprotocol_sdk::transport::validator::uattributesvalidator::UAttributesValidator>::type_name
FNDA:0,<uprotocol_sdk::transport::validator::uattributesvalidator::RequestValidator as uprotocol_sdk::transport::validator::uattributesvalidator::UAttributesValidator>::validate_ttl
FNDA:0,<uprotocol_sdk::transport::validator::uattributesvalidator::ResponseValidator as uprotocol_sdk::transport::validator::uattributesvalidator::UAttributesValidator>::validate_type
FNDA:0,uprotocol_sdk::transport::validator::uattributesvalidator::UAttributesValidator::validate
FNDA:1,uprotocol_sdk::transport::validator::uattributesvalidator::UAttributesValidator::validate_sink
FNDA:1,uprotocol_sdk::transport::validator::uattributesvalidator::UAttributesValidator::validate_reqid
FNDA:1,uprotocol_sdk::transport::validator::uattributesvalidator::tests::test_validating_valid_req_id_attribute
FNDA:0,uprotocol_sdk::transport::validator::uattributesvalidator::UAttributesValidator::validate_id
FNDA:1,uprotocol_sdk::transport::validator::uattributesvalidator::UAttributesValidator::validate
FNDA:1,uprotocol_sdk::transport::validator::uattributesvalidator::UAttributesValidator::validate_sink
FNDA:1,uprotocol_sdk::transport::validator::uattributesvalidator::tests::test_validating_publish_validator_with_wrong_messagetype::{{closure}}
FNDA:1,<uprotocol_sdk::transport::validator::uattributesvalidator::RequestValidator as uprotocol_sdk::transport::validator::uattributesvalidator::UAttributesValidator>::type_name
FNDA:1,uprotocol_sdk::transport::validator::uattributesvalidator::UAttributesValidator::validate::{{closure}}
FNDA:1,uprotocol_sdk::transport::validator::uattributesvalidator::UAttributesValidator::validate_reqid
FNDA:1,uprotocol_sdk::transport::validator::uattributesvalidator::tests::test_validating_request_validator_with_wrong_messagetype
FNDA:0,<uprotocol_sdk::transport::validator::uattributesvalidator::RequestValidator as uprotocol_sdk::transport::validator::uattributesvalidator::UAttributesValidator>::validate_sink
FNDA:1,uprotocol_sdk::transport::validator::uattributesvalidator::Validators::get_validator
FNDA:1,uprotocol_sdk::transport::validator::uattributesvalidator::tests::test_validating_response_validator_with_wrong_messagetype::{{closure}}
FNDA:1,uprotocol_sdk::transport::validator::uattributesvalidator::UAttributesValidator::validate_ttl
FNDA:1,uprotocol_sdk::transport::validator::uattributesvalidator::UAttributesValidator::validate::{{closure}}
FNDA:1,<uprotocol_sdk::transport::validator::uattributesvalidator::ResponseValidator as uprotocol_sdk::transport::validator::uattributesvalidator::UAttributesValidator>::validate_sink
FNDA:0,uprotocol_sdk::transport::validator::uattributesvalidator::Validators::validator
FNDA:1,uprotocol_sdk::transport::validator::uattributesvalidator::tests::test_validating_valid_req_id_attribute::{{closure}}
FNDA:1,uprotocol_sdk::transport::validator::uattributesvalidator::UAttributesValidator::validate_commstatus
FNDA:1,uprotocol_sdk::transport::validator::uattributesvalidator::tests::test_validating_valid_ttl_attribute::{{closure}}
FNDA:1,uprotocol_sdk::transport::validator::uattributesvalidator::tests::test_validating_request_validator_with_wrong_bad_ttl
FNDA:1,uprotocol_sdk::transport::validator::uattributesvalidator::tests::test_validating_response_validator_with_bad_reqid
FNDA:0,<uprotocol_sdk::transport::validator::uattributesvalidator::RequestValidator as uprotocol_sdk::transport::validator::uattributesvalidator::UAttributesValidator>::validate_type
FNDA:1,uprotocol_sdk::transport::validator::uattributesvalidator::tests::test_validating_response_validator_with_bad_reqid
FNDA:1,uprotocol_sdk::transport::validator::uattributesvalidator::tests::test_validating_invalid_req_id_attribute::{{closure}}
FNDA:1,uprotocol_sdk::transport::validator::uattributesvalidator::UAttributesValidator::validate_id
FNDA:0,uprotocol_sdk::transport::validator::uattributesvalidator::UAttributesValidator::validate::{{closure}}
FNDA:1,uprotocol_sdk::transport::validator::uattributesvalidator::tests::test_validating_response_validator_with_wrong_bad_ttl
FNDA:0,uprotocol_sdk::transport::validator::uattributesvalidator::UAttributesValidator::validate::{{closure}}
FNDA:0,uprotocol_sdk::transport::validator::uattributesvalidator::UAttributesValidator::is_expired
FNDA:0,uprotocol_sdk::transport::validator::uattributesvalidator::Validators::get_validator
FNDA:0,<uprotocol_sdk::transport::validator::uattributesvalidator::RequestValidator as uprotocol_sdk::transport::validator::uattributesvalidator::UAttributesValidator>::validate_sink
FNDA:0,uprotocol_sdk::transport::validator::uattributesvalidator::UAttributesValidator::validate_commstatus
FNDA:1,uprotocol_sdk::transport::validator::uattributesvalidator::Validators::validator
FNDA:0,uprotocol_sdk::transport::validator::uattributesvalidator::UAttributesValidator::validate_commstatus
FNDA:0,uprotocol_sdk::transport::validator::uattributesvalidator::UAttributesValidator::is_expired
FNDA:1,uprotocol_sdk::transport::validator::uattributesvalidator::UAttributesValidator::validate::{{closure}}
FNDA:1,uprotocol_sdk::transport::validator::uattributesvalidator::UAttributesValidator::validate_id
FNDA:1,uprotocol_sdk::transport::validator::uattributesvalidator::UAttributesValidator::validate_commstatus
FNDA:1,uprotocol_sdk::transport::validator::uattributesvalidator::UAttributesValidator::validate_id
FNDA:1,uprotocol_sdk::transport::validator::uattributesvalidator::UAttributesValidator::validate::{{closure}}
FNDA:1,<uprotocol_sdk::transport::validator::uattributesvalidator::RequestValidator as uprotocol_sdk::transport::validator::uattributesvalidator::UAttributesValidator>::validate_ttl
FNDA:1,uprotocol_sdk::transport::validator::uattributesvalidator::UAttributesValidator::validate
FNDA:0,uprotocol_sdk::transport::validator::uattributesvalidator::UAttributesValidator::is_expired
FNDA:1,uprotocol_sdk::transport::validator::uattributesvalidator::UAttributesValidator::validate::{{closure}}
FNDA:1,<uprotocol_sdk::transport::validator::uattributesvalidator::RequestValidator as uprotocol_sdk::transport::validator::uattributesvalidator::UAttributesValidator>::type_name
FNDA:1,uprotocol_sdk::transport::validator::uattributesvalidator::tests::test_fetching_validator_for_valid_types
FNDA:1,uprotocol_sdk::transport::validator::uattributesvalidator::UAttributesValidator::validate
FNDA:1,uprotocol_sdk::transport::validator::uattributesvalidator::tests::test_validating_invalid_commstatus_attribute::{{closure}}
FNDA:0,uprotocol_sdk::transport::validator::uattributesvalidator::UAttributesValidator::validate_commstatus
FNDA:0,<uprotocol_sdk::transport::validator::uattributesvalidator::PublishValidator as uprotocol_sdk::transport::validator::uattributesvalidator::UAttributesValidator>::type_name
FNDA:1,uprotocol_sdk::transport::validator::uattributesvalidator::tests::test_validating_invalid_commstatus_attribute
FNDA:1,uprotocol_sdk::transport::validator::uattributesvalidator::tests::test_validating_invalid_req_id_attribute::{{closure}}
FNDA:0,uprotocol_sdk::transport::validator::uattributesvalidator::UAttributesValidator::validate_commstatus
FNDA:1,uprotocol_sdk::transport::validator::uattributesvalidator::tests::test_validating_request_validator_with_wrong_messagetype::{{closure}}
FNDA:0,<uprotocol_sdk::transport::validator::uattributesvalidator::RequestValidator as uprotocol_sdk::transport::validator::uattributesvalidator::UAttributesValidator>::type_name
FNDA:1,<uprotocol_sdk::transport::validator::uattributesvalidator::ResponseValidator as uprotocol_sdk::transport::validator::uattributesvalidator::UAttributesValidator>::type_name
FNDA:1,uprotocol_sdk::transport::validator::uattributesvalidator::tests::test_validating_request_validator_with_wrong_bad_ttl
FNDA:0,uprotocol_sdk::transport::validator::uattributesvalidator::UAttributesValidator::is_expired
FNDA:1,uprotocol_sdk::transport::validator::uattributesvalidator::UAttributesValidator::validate_commstatus
FNDA:1,uprotocol_sdk::transport::validator::uattributesvalidator::tests::test_validating_valid_req_id_attribute::{{closure}}
FNDA:1,uprotocol_sdk::transport::validator::uattributesvalidator::tests::test_validating_valid_commstatus_attribute::{{closure}}
FNDA:1,uprotocol_sdk::transport::validator::uattributesvalidator::tests::test_validating_valid_permission_level_attribute::{{closure}}
FNDA:1,uprotocol_sdk::transport::validator::uattributesvalidator::UAttributesValidator::validate_id
FNDA:1,uprotocol_sdk::transport::validator::uattributesvalidator::tests::test_validating_valid_sink_attribute
FNDA:1,<uprotocol_sdk::transport::validator::uattributesvalidator::RequestValidator as uprotocol_sdk::transport::validator::uattributesvalidator::UAttributesValidator>::validate_sink
FNDA:1,uprotocol_sdk::transport::validator::uattributesvalidator::UAttributesValidator::validate
FNDA:1,uprotocol_sdk::transport::validator::uattributesvalidator::tests::test_validating_request_message_types
FNDA:1,uprotocol_sdk::transport::validator::uattributesvalidator::UAttributesValidator::validate::{{closure}}
FNDA:1,<uprotocol_sdk::transport::validator::uattributesvalidator::RequestValidator as uprotocol_sdk::transport::validator::uattributesvalidator::UAttributesValidator>::validate_ttl
FNDA:0,uprotocol_sdk::transport::validator::uattributesvalidator::UAttributesValidator::validate_reqid
FNDA:1,uprotocol_sdk::transport::validator::uattributesvalidator::UAttributesValidator::validate::{{closure}}
FNDA:0,uprotocol_sdk::transport::validator::uattributesvalidator::UAttributesValidator::validate_commstatus
FNDA:1,uprotocol_sdk::transport::validator::uattributesvalidator::tests::test_validating_publish_validator_with_wrong_messagetype::{{closure}}
FNDA:0,uprotocol_sdk::transport::validator::uattributesvalidator::UAttributesValidator::validate::{{closure}}
FNDA:0,uprotocol_sdk::transport::validator::uattributesvalidator::UAttributesValidator::validate_id
FNDA:0,uprotocol_sdk::transport::validator::uattributesvalidator::UAttributesValidator::validate_reqid
FNDA:1,uprotocol_sdk::transport::validator::uattributesvalidator::tests::test_validating_publish_validator_with_wrong_messagetype
FNDA:0,uprotocol_sdk::transport::validator::uattributesvalidator::UAttributesValidator::validate_id
FNDA:0,uprotocol_sdk::transport::validator::uattributesvalidator::Validators::validator
FNDA:1,<uprotocol_sdk::transport::validator::uattributesvalidator::PublishValidator as uprotocol_sdk::transport::validator::uattributesvalidator::UAttributesValidator>::validate_type
FNDA:1,uprotocol_sdk::transport::validator::uattributesvalidator::UAttributesValidator::validate_commstatus
FNDA:1,<uprotocol_sdk::transport::validator::uattributesvalidator::ResponseValidator as uprotocol_sdk::transport::validator::uattributesvalidator::UAttributesValidator>::validate_sink
FNDA:1,uprotocol_sdk::transport::validator::uattributesvalidator::tests::test_validating_valid_publish_messagetypes
FNDA:1,uprotocol_sdk::transport::validator::uattributesvalidator::tests::test_validating_invalid_sink_attribute
FNDA:0,uprotocol_sdk::transport::validator::uattributesvalidator::UAttributesValidator::validate_sink
FNDA:1,uprotocol_sdk::transport::validator::uattributesvalidator::tests::test_validating_response_validator_with_bad_reqid::{{closure}}
FNDA:0,<uprotocol_sdk::transport::validator::uattributesvalidator::ResponseValidator as uprotocol_sdk::transport::validator::uattributesvalidator::UAttributesValidator>::validate_reqid
FNDA:1,uprotocol_sdk::transport::validator::uattributesvalidator::UAttributesValidator::validate::{{closure}}
FNDA:1,uprotocol_sdk::transport::validator::uattributesvalidator::tests::test_validating_response_validator_with_wrong_messagetype
FNDA:0,uprotocol_sdk::transport::validator::uattributesvalidator::UAttributesValidator::validate::{{closure}}
FNDA:1,<uprotocol_sdk::transport::validator::uattributesvalidator::RequestValidator as uprotocol_sdk::transport::validator::uattributesvalidator::UAttributesValidator>::validate_type
FNDA:1,uprotocol_sdk::transport::validator::uattributesvalidator::tests::test_validating_request_validator_with_wrong_bad_ttl::{{closure}}
FNDA:1,<uprotocol_sdk::transport::validator::uattributesvalidator::ResponseValidator as uprotocol_sdk::transport::validator::uattributesvalidator::UAttributesValidator>::type_name
FNDA:1,<uprotocol_sdk::transport::validator::uattributesvalidator::ResponseValidator as uprotocol_sdk::transport::validator::uattributesvalidator::UAttributesValidator>::validate_type
FNDA:1,uprotocol_sdk::transport::validator::uattributesvalidator::tests::test_fetching_validator_for_valid_types
FNDA:1,uprotocol_sdk::transport::validator::uattributesvalidator::tests::test_validating_request_validator_with_wrong_bad_ttl::{{closure}}
FNDA:1,uprotocol_sdk::transport::validator::uattributesvalidator::tests::test_validating_valid_ttl_attribute
FNDA:0,uprotocol_sdk::transport::validator::uattributesvalidator::UAttributesValidator::validate
FNDA:1,uprotocol_sdk::transport::validator::uattributesvalidator::UAttributesValidator::validate::{{closure}}
FNDA:1,<uprotocol_sdk::transport::validator::uattributesvalidator::ResponseValidator as uprotocol_sdk::transport::validator::uattributesvalidator::UAttributesValidator>::validate_type
FNDA:0,uprotocol_sdk::transport::validator::uattributesvalidator::UAttributesValidator::validate_ttl
FNDA:0,uprotocol_sdk::transport::validator::uattributesvalidator::UAttributesValidator::validate_ttl
FNDA:0,uprotocol_sdk::transport::validator::uattributesvalidator::UAttributesValidator::validate_ttl
FNDA:1,uprotocol_sdk::transport::validator::uattributesvalidator::tests::test_validating_response_validator_with_wrong_messagetype
FNDA:1,uprotocol_sdk::transport::validator::uattributesvalidator::UAttributesValidator::validate_reqid
FNDA:1,uprotocol_sdk::transport::validator::uattributesvalidator::tests::test_fetching_validator_for_valid_types::{{closure}}
FNDA:1,uprotocol_sdk::transport::validator::uattributesvalidator::tests::test_validating_valid_permission_level_attribute
FNDA:1,<uprotocol_sdk::transport::validator::uattributesvalidator::PublishValidator as uprotocol_sdk::transport::validator::uattributesvalidator::UAttributesValidator>::type_name
FNDA:0,uprotocol_sdk::transport::validator::uattributesvalidator::UAttributesValidator::is_expired
FNDA:1,uprotocol_sdk::transport::validator::uattributesvalidator::tests::test_validating_valid_commstatus_attribute
FNDA:0,<uprotocol_sdk::transport::validator::uattributesvalidator::ResponseValidator as uprotocol_sdk::transport::validator::uattributesvalidator::UAttributesValidator>::type_name
FNF:216
FNH:140
BRF:0
BRH:0
DA:30,20
DA:31,40
DA:32,20
DA:33,20
DA:34,20
DA:35,20
DA:36,20
DA:37,20
DA:40,120
DA:41,20
DA:44,20
DA:45,20
DA:46,8
DA:48,12
DA:50,20
DA:72,0
DA:73,0
DA:74,0
DA:75,0
DA:76,0
DA:78,0
DA:79,0
DA:85,0
DA:86,0
DA:88,0
DA:92,0
DA:95,0
DA:106,20
DA:107,20
DA:108,20
DA:110,0
DA:112,20
DA:123,18
DA:124,18
DA:125,4
DA:126,2
DA:128,2
DA:132,16
DA:133,18
DA:144,18
DA:145,18
DA:146,8
DA:147,4
DA:150,14
DA:151,18
DA:162,12
DA:163,12
DA:164,4
DA:166,8
DA:167,12
DA:178,24
DA:179,24
DA:180,4
DA:181,2
DA:183,2
DA:187,22
DA:188,24
DA:203,12
DA:204,24
DA:205,2
DA:206,4
DA:207,6
DA:209,12
DA:211,30
DA:212,60
DA:213,2
DA:214,4
DA:215,24
DA:217,30
DA:224,2
DA:226,2
DA:237,8
DA:238,8
DA:239,6
DA:241,2
DA:243,8
DA:250,2
DA:252,2
DA:263,6
DA:264,6
DA:265,4
DA:267,2
DA:269,6
DA:280,6
DA:281,6
DA:282,4
DA:284,2
DA:286,6
DA:297,6
DA:298,6
DA:299,4
DA:300,2
DA:302,2
DA:305,2
DA:307,6
DA:314,2
DA:316,2
DA:327,6
DA:328,6
DA:329,4
DA:331,2
DA:333,6
DA:344,6
DA:345,6
DA:346,4
DA:348,2
DA:350,6
DA:361,6
DA:362,6
DA:363,4
DA:364,2
DA:366,2
DA:368,2
DA:372,2
DA:374,6
DA:390,4
DA:392,2
DA:393,2
DA:394,2
DA:395,2
DA:398,2
DA:400,2
DA:401,2
DA:404,2
DA:405,2
DA:406,2
DA:407,2
DA:410,2
DA:411,2
DA:412,2
DA:415,2
DA:416,2
DA:417,2
DA:418,2
DA:421,2
DA:422,2
DA:423,2
DA:424,4
DA:432,4
DA:433,2
DA:434,2
DA:435,2
DA:436,2
DA:439,2
DA:441,2
DA:443,2
DA:444,2
DA:445,2
DA:446,4
DA:457,4
DA:458,2
DA:459,2
DA:460,2
DA:461,2
DA:466,2
DA:468,2
DA:470,2
DA:471,2
DA:472,2
DA:473,2
DA:474,4
DA:477,4
DA:478,2
DA:479,2
DA:480,2
DA:481,2
DA:485,2
DA:487,2
DA:489,2
DA:490,2
DA:491,4
DA:494,4
DA:495,2
DA:498,4
DA:499,2
DA:500,2
DA:501,2
DA:503,2
DA:505,2
DA:507,2
DA:510,2
DA:511,2
DA:512,2
DA:513,2
DA:514,4
DA:517,4
DA:518,2
DA:521,4
DA:522,2
DA:523,2
DA:524,2
DA:526,2
DA:528,2
DA:530,2
DA:533,2
DA:534,2
DA:535,4
DA:538,4
DA:539,4
DA:540,2
DA:541,2
DA:542,2
DA:544,2
DA:546,2
DA:548,2
DA:549,2
DA:551,2
DA:552,2
DA:553,2
DA:554,4
DA:557,4
DA:558,4
DA:559,2
DA:560,2
DA:561,2
DA:563,2
DA:565,2
DA:567,2
DA:568,2
DA:570,2
DA:571,4
DA:578,4
DA:579,2
DA:580,2
DA:581,2
DA:582,2
DA:586,2
DA:588,2
DA:589,2
DA:591,2
DA:592,4
DA:595,4
DA:596,2
DA:597,2
DA:598,2
DA:599,2
DA:603,2
DA:605,2
DA:606,2
DA:608,2
DA:609,2
DA:610,2
DA:611,4
DA:614,4
DA:615,2
DA:616,2
DA:617,2
DA:618,2
DA:622,2
DA:624,2
DA:625,2
DA:627,2
DA:628,4
DA:631,4
DA:632,2
DA:633,4
DA:634,2
DA:635,2
DA:636,2
DA:638,2
DA:641,2
DA:643,2
DA:644,2
DA:646,2
DA:647,2
DA:648,4
DA:651,4
DA:652,2
DA:653,2
DA:654,2
DA:655,2
DA:658,2
DA:660,2
DA:661,2
DA:663,2
DA:664,2
DA:665,2
DA:666,2
DA:667,2
DA:668,4
DA:671,4
DA:672,2
DA:673,4
DA:674,2
DA:675,2
DA:676,2
DA:678,2
DA:681,2
DA:683,2
DA:684,2
DA:686,2
DA:687,2
DA:688,2
DA:689,4
DA:692,4
DA:693,2
DA:694,6
DA:695,2
DA:696,2
DA:697,2
DA:699,2
DA:701,2
DA:703,2
DA:705,2
DA:706,2
DA:708,2
DA:709,2
DA:710,2
DA:711,4
DA:714,4
DA:715,2
DA:716,6
DA:717,2
DA:718,2
DA:719,2
DA:721,2
DA:723,2
DA:725,2
DA:727,2
DA:728,2
DA:730,2
DA:731,2
DA:732,2
DA:733,4
DA:736,4
DA:737,2
DA:738,2
DA:739,2
DA:740,2
[...]
FNDA:1,uprotocol_sdk::uri::serializer::longuriserializer::tests::test_build_protocol_uri_from_uri_when_uri_has_local_authority_service_and_version
FNDA:1,uprotocol_sdk::uri::serializer::longuriserializer::tests::test_parse_protocol_uri_with_remote_service_with_version
FNDA:1,uprotocol_sdk::uri::serializer::longuriserializer::tests::test_build_protocol_uri_from_uri_when_uri_has_remote_authority_service_and_version
FNDA:1,uprotocol_sdk::uri::serializer::longuriserializer::tests::test_build_protocol_uri_for_source_part_of_rpc_request_where_source_is_local
FNDA:1,uprotocol_sdk::uri::serializer::longuriserializer::tests::test_parse_protocol_uri_with_remote_service_with_version_with_resource_name_only
FNDA:1,uprotocol_sdk::uri::serializer::longuriserializer::tests::test_build_protocol_uri_from_uri_when_uri_has_local_authority_service_and_version_with_resource_with_instance_no_message::{{closure}}
FNDA:1,uprotocol_sdk::uri::serializer::longuriserializer::tests::test_parse_protocol_uri_with_remote_service_no_version_with_resource_name_only
FNDA:1,uprotocol_sdk::uri::serializer::longuriserializer::tests::test_parse_protocol_uri_with_local_service_with_version_with_resource_with_message
FNDA:1,uprotocol_sdk::uri::serializer::longuriserializer::tests::test_parse_protocol_rpc_uri_with_remote_service_with_version::{{closure}}
FNDA:1,uprotocol_sdk::uri::serializer::longuriserializer::tests::test_build_protocol_uri_from_uri_when_uri_has_local_authority_service_and_version_with_resource_with_instance_with_message::{{closure}}
FNDA:1,uprotocol_sdk::uri::serializer::longuriserializer::tests::test_build_protocol_uri_from_uri_when_uri_has_local_authority_service_and_version_with_resource_with_instance_no_message
FNDA:1,uprotocol_sdk::uri::serializer::longuriserializer::tests::test_parse_protocol_uri_with_local_service_no_version_with_resource_name_only
FNDA:1,uprotocol_sdk::uri::serializer::longuriserializer::tests::test_parse_protocol_uri_with_local_service_no_version_with_resource_with_instance_and_message
FNDA:1,uprotocol_sdk::uri::serializer::longuriserializer::tests::test_parse_protocol_uri_with_remote_cloud_service_no_version_with_resource_and_instance_and_message::{{closure}}
FNDA:0,uprotocol_sdk::uri::serializer::longuriserializer::LongUriSerializer::parse_resource
FNDA:1,uprotocol_sdk::uri::serializer::longuriserializer::tests::test_parse_protocol_uri_with_schema_and_5_slash_and_something
FNDA:1,uprotocol_sdk::uri::serializer::longuriserializer::tests::test_parse_protocol_uri_with_local_service_with_version_with_resource_with_instance_and_message
FNDA:1,uprotocol_sdk::uri::serializer::longuriserializer::tests::test_parse_protocol_rpc_uri_with_remote_service_no_version
FNDA:1,uprotocol_sdk::uri::serializer::longuriserializer::tests::test_parse_protocol_uri_with_remote_service_with_version_with_resource_and_instance_and_message::{{closure}}
FNDA:1,uprotocol_sdk::uri::serializer::longuriserializer::tests::test_parse_protocol_uri_with_local_service_with_version::{{closure}}
FNDA:1,uprotocol_sdk::uri::serializer::longuriserializer::tests::test_build_protocol_uri_from_parts_when_they_are_none::{{closure}}
FNDA:1,uprotocol_sdk::uri::serializer::longuriserializer::tests::test_build_protocol_uri_from_uri_when_uri_has_local_authority_service_no_version_with_resource
FNDA:1,uprotocol_sdk::uri::serializer::longuriserializer::tests::test_build_protocol_uri_from_uri_when_uri_has_remote_authority_no_device_with_domain_with_service_no_version::{{closure}}
FNDA:1,uprotocol_sdk::uri::serializer::longuriserializer::tests::test_parse_protocol_uri_with_remote_service_only_device_no_domain
FNDA:1,uprotocol_sdk::uri::serializer::longuriserializer::tests::test_build_protocol_uri_from_parts_when_uri_has_remote_authority_service_and_version_with_resource::{{closure}}
FNDA:1,uprotocol_sdk::uri::serializer::longuriserializer::tests::test_parse_protocol_uri_with_remote_service_with_version_with_resource_and_instance_and_message
FNDA:1,uprotocol_sdk::uri::serializer::longuriserializer::tests::test_parse_protocol_uri_with_local_service_with_version_with_resource_name_only
FNDA:1,uprotocol_sdk::uri::serializer::longuriserializer::tests::test_build_protocol_uri_from_uri_when_uri_is_empty
FNDA:0,<uprotocol_sdk::uri::serializer::longuriserializer::LongUriSerializer as uprotocol_sdk::uri::serializer::uriserializer::UriSerializer<alloc::string::String>>::deserialize
FNDA:1,uprotocol_sdk::uri::serializer::longuriserializer::tests::test_parse_protocol_uri_with_local_service_with_version_with_resource_with_message::{{closure}}
FNDA:1,uprotocol_sdk::uri::serializer::longuriserializer::tests::test_parse_protocol_uri_when_is_empty_string::{{closure}}
FNDA:1,uprotocol_sdk::uri::serializer::longuriserializer::tests::test_parse_protocol_rpc_uri_with_remote_service_no_version::{{closure}}
FNDA:1,uprotocol_sdk::uri::serializer::longuriserializer::tests::test_parse_remote_protocol_uri_with_custom_scheme
FNDA:1,uprotocol_sdk::uri::serializer::longuriserializer::tests::test_build_protocol_uri_from_uri_when_uri_has_local_authority_service_no_version_with_resource_with_instance_no_message
FNDA:1,uprotocol_sdk::uri::serializer::longuriserializer::tests::test_parse_protocol_uri_with_local_service_no_version_with_resource_with_instance_and_message::{{closure}}
FNDA:1,uprotocol_sdk::uri::serializer::longuriserializer::tests::test_build_protocol_uri_from_uri_when_uri_has_empty_use::{{closure}}
FNDA:1,uprotocol_sdk::uri::serializer::longuriserializer::tests::test_build_protocol_uri_from_uri_when_uri_has_remote_authority_service_and_version::{{closure}}
FNDA:1,uprotocol_sdk::uri::serializer::longuriserializer::LongUriSerializer::build_resource_part_of_uri
FNDA:1,uprotocol_sdk::uri::serializer::longuriserializer::tests::test_parse_protocol_uri_with_local_service_no_version
FNDA:1,uprotocol_sdk::uri::serializer::longuriserializer::tests::test_custom_scheme_no_scheme_empty
FNDA:0,uprotocol_sdk::uri::serializer::longuriserializer::LongUriSerializer::java_split
FNDA:1,uprotocol_sdk::uri::serializer::longuriserializer::tests::test_parse_protocol_uri_with_remote_service_with_version_with_resource_name_only::{{closure}}
FNDA:1,uprotocol_sdk::uri::serializer::longuriserializer::tests::test_build_protocol_uri_from_uri_when_uri_has_local_authority_service_no_version_with_resource_with_instance_no_message::{{closure}}
FNDA:1,uprotocol_sdk::uri::serializer::longuriserializer::LongUriSerializer::build_entity_part_of_uri
FNDA:1,uprotocol_sdk::uri::serializer::longuriserializer::tests::test_custom_scheme_no_scheme_empty
FNDA:1,uprotocol_sdk::uri::serializer::longuriserializer::tests::test_parse_protocol_uri_with_local_service_no_version::{{closure}}
FNDA:1,uprotocol_sdk::uri::serializer::longuriserializer::tests::test_parse_protocol_uri_with_remote_cloud_service_no_version::{{closure}}
FNDA:1,uprotocol_sdk::uri::serializer::longuriserializer::tests::test_build_protocol_uri_from_uri_when_uri_has_local_authority_service_no_version::{{closure}}
FNDA:1,uprotocol_sdk::uri::serializer::longuriserializer::tests::test_build_protocol_uri_for_source_part_of_rpc_request_where_source_is_remote
FNDA:1,uprotocol_sdk::uri::serializer::longuriserializer::tests::test_build_protocol_uri_from_uri_when_uri_is_empty
FNDA:1,uprotocol_sdk::uri::serializer::longuriserializer::tests::test_parse_uprotocol_uri_when_is_null
FNDA:1,uprotocol_sdk::uri::serializer::longuriserializer::tests::test_build_protocol_uri_from_uri_when_uri_has_remote_authority_service_no_version_with_resource
FNDA:1,uprotocol_sdk::uri::serializer::longuriserializer::tests::test_build_protocol_uri_from_uri_when_uri_has_remote_cloud_authority_service_and_version::{{closure}}
FNDA:1,uprotocol_sdk::uri::serializer::longuriserializer::tests::test_parse_protocol_uri_when_is_empty_string
FNDA:1,uprotocol_sdk::uri::serializer::longuriserializer::tests::test_parse_protocol_uri_with_local_service_no_version::{{closure}}
FNDA:1,uprotocol_sdk::uri::serializer::longuriserializer::LongUriSerializer::java_split::{{closure}}
FNDA:1,uprotocol_sdk::uri::serializer::longuriserializer::tests::test_build_protocol_uri_from_uri_when_uri_has_remote_authority_service_no_version_with_resource_with_instance_no_message
FNDA:1,uprotocol_sdk::uri::serializer::longuriserializer::tests::test_parse_protocol_uri_with_remote_service_no_domain_with_version_with_resource_and_instance_no_message::{{closure}}
FNDA:1,uprotocol_sdk::uri::serializer::longuriserializer::tests::test_parse_protocol_uri_with_schema_and_3_slash_and_something::{{closure}}
FNDA:1,uprotocol_sdk::uri::serializer::longuriserializer::tests::test_parse_protocol_uri_with_remote_service_no_domain_with_version_with_resource_and_instance_no_message::{{closure}}
FNDA:1,uprotocol_sdk::uri::serializer::longuriserializer::tests::test_parse_protocol_uri_with_local_service_no_version_with_resource_with_instance::{{closure}}
FNDA:1,uprotocol_sdk::uri::serializer::longuriserializer::tests::test_parse_protocol_uri_with_remote_service_with_version_with_resource_and_instance_no_message::{{closure}}
FNDA:1,uprotocol_sdk::uri::serializer::longuriserializer::tests::test_build_protocol_uri_from_uri_when_uri_has_local_authority_service_no_version::{{closure}}
FNDA:1,uprotocol_sdk::uri::serializer::longuriserializer::tests::test_parse_protocol_uri_with_remote_cloud_service_no_version
FNDA:1,uprotocol_sdk::uri::serializer::longuriserializer::tests::test_build_protocol_uri_from_uri_when_uri_has_local_authority_service_and_version_with_resource::{{closure}}
FNDA:1,uprotocol_sdk::uri::serializer::longuriserializer::tests::test_parse_protocol_uri_with_remote_cloud_service_no_version_with_resource_name_only
FNDA:1,uprotocol_sdk::uri::serializer::longuriserializer::tests::test_parse_protocol_rpc_uri_with_remote_service_with_version
FNDA:1,uprotocol_sdk::uri::serializer::longuriserializer::tests::test_parse_protocol_uri_with_remote_service_only_device_and_domain
FNDA:1,uprotocol_sdk::uri::serializer::longuriserializer::tests::test_parse_protocol_uri_when_is_empty_string::{{closure}}
FNDA:1,uprotocol_sdk::uri::serializer::longuriserializer::tests::test_parse_protocol_rpc_uri_with_remote_service_with_version::{{closure}}
FNDA:1,uprotocol_sdk::uri::serializer::longuriserializer::tests::test_build_protocol_uri_from_uri_when_uri_has_local_authority_service_no_version_with_resource_with_instance_no_message::{{closure}}
FNDA:0,uprotocol_sdk::uri::serializer::longuriserializer::LongUriSerializer::parse_resource
FNDA:1,uprotocol_sdk::uri::serializer::longuriserializer::tests::test_build_protocol_uri_for_source_part_of_rpc_request_where_source_is_remote
FNDA:1,uprotocol_sdk::uri::serializer::longuriserializer::tests::test_parse_protocol_uri_with_remote_service_only_device_and_cloud_domain::{{closure}}
FNDA:1,uprotocol_sdk::uri::serializer::longuriserializer::tests::test_parse_protocol_uri_with_schema_and_4_slash_and_something
FNDA:1,uprotocol_sdk::uri::serializer::longuriserializer::tests::test_build_protocol_uri_from_uri_when_uri_has_remote_authority_service_and_version_with_resource
FNDA:1,uprotocol_sdk::uri::serializer::longuriserializer::tests::test_build_protocol_uri_for_source_part_of_rpc_request_where_source_is_local
FNDA:1,<uprotocol_sdk::uri::serializer::longuriserializer::LongUriSerializer as uprotocol_sdk::uri::serializer::uriserializer::UriSerializer<alloc::string::String>>::serialize
FNF:300
FNH:284
BRF:0
BRH:0
DA:27,150
DA:28,150
DA:29,4
DA:32,146
DA:33,146
DA:35,146
DA:36,34
DA:39,146
DA:40,2
DA:42,144
DA:43,144
DA:45,144
DA:46,144
DA:48,144
DA:49,150
DA:61,150
DA:62,150
DA:63,6
DA:66,144
DA:68,144
DA:69,4
DA:72,144
DA:74,144
DA:75,144
DA:77,144
DA:78,14
DA:79,8
DA:81,6
DA:82,6
DA:83,6
DA:84,6
DA:86,6
DA:87,6
DA:93,130
DA:95,130
DA:97,130
DA:98,48
DA:99,48
DA:100,48
DA:101,22
DA:103,48
DA:104,38
DA:107,82
DA:108,82
DA:109,82
DA:111,82
DA:112,70
DA:114,82
DA:116,82
DA:117,76
DA:119,6
DA:120,6
DA:121,6
DA:122,6
DA:125,76
DA:126,52
DA:128,76
DA:129,64
DA:131,82
DA:133,124
DA:134,124
DA:135,124
DA:136,124
DA:138,150
DA:152,144
DA:153,144
DA:154,12
DA:157,132
DA:158,132
DA:160,132
DA:161,114
DA:162,114
DA:164,132
DA:165,86
DA:166,86
DA:169,132
DA:170,144
DA:182,144
DA:183,144
DA:184,144
DA:186,144
DA:187,32
DA:190,144
DA:191,144
DA:204,146
DA:205,146
DA:206,112
DA:209,34
DA:211,34
DA:212,32
DA:214,32
DA:215,32
DA:218,34
DA:219,34
DA:222,34
DA:223,146
DA:226,102
DA:227,102
DA:228,102
DA:229,102
DA:230,102
DA:231,102
DA:232,88
DA:234,14
DA:236,102
DA:237,16
DA:239,86
DA:242,102
DA:243,102
DA:244,102
DA:245,102
DA:246,102
DA:249,102
DA:253,144
DA:254,144
DA:255,808
DA:258,166
DA:259,158
DA:260,22
DA:265,144
DA:266,144
DA:274,4
DA:275,2
DA:276,2
DA:277,4
DA:280,4
DA:281,2
DA:282,2
DA:283,4
DA:286,4
DA:287,2
DA:288,2
DA:289,2
DA:290,2
DA:291,4
DA:294,4
DA:295,2
DA:296,2
DA:297,2
DA:298,2
DA:299,4
DA:302,4
DA:303,2
DA:304,2
DA:305,2
DA:306,2
DA:307,2
DA:308,2
DA:309,2
DA:310,4
DA:313,4
DA:314,2
DA:315,2
DA:316,2
DA:317,2
DA:318,2
DA:319,2
DA:320,2
DA:321,2
DA:322,4
DA:325,4
DA:326,2
DA:327,2
DA:328,2
DA:329,2
DA:330,2
DA:331,2
DA:332,2
DA:333,2
DA:334,2
DA:335,4
DA:338,4
DA:339,2
DA:340,2
DA:341,2
DA:342,2
DA:343,2
DA:344,4
DA:347,4
DA:348,2
DA:349,2
DA:350,2
DA:351,2
DA:352,2
DA:353,2
DA:354,2
DA:355,4
DA:358,4
DA:359,2
DA:360,2
DA:361,2
DA:362,2
DA:363,2
DA:364,2
DA:365,2
DA:366,2
DA:367,4
DA:370,4
DA:371,2
DA:372,2
DA:373,2
DA:374,2
DA:375,2
DA:376,2
DA:377,2
DA:378,2
DA:379,2
DA:380,4
DA:383,4
DA:384,2
DA:385,2
DA:386,2
DA:387,2
DA:388,2
DA:389,2
DA:390,2
DA:391,2
DA:392,2
DA:393,4
DA:396,4
DA:397,2
DA:398,2
DA:399,2
DA:400,2
DA:401,2
DA:402,2
DA:403,2
DA:404,2
DA:405,2
DA:406,2
DA:407,4
DA:410,4
DA:411,2
DA:412,2
DA:413,2
DA:414,2
DA:415,2
DA:416,2
DA:417,2
DA:418,2
DA:419,2
DA:420,2
DA:421,4
DA:424,6
DA:425,2
DA:426,2
DA:427,2
DA:428,2
DA:429,2
DA:430,2
DA:431,2
DA:432,2
DA:433,2
DA:434,2
DA:435,2
DA:436,2
DA:437,4
DA:440,6
DA:441,2
DA:442,2
DA:443,2
DA:444,2
DA:445,2
DA:446,2
DA:447,2
DA:448,2
DA:449,2
DA:450,2
DA:451,2
DA:452,2
DA:453,4
DA:456,4
DA:457,2
DA:458,2
DA:459,2
DA:460,2
DA:461,2
DA:462,2
DA:463,2
DA:464,2
DA:465,2
DA:466,2
DA:467,4
DA:470,4
DA:471,2
DA:472,2
DA:473,2
DA:474,2
DA:475,2
DA:476,2
DA:477,2
DA:478,2
DA:479,2
DA:480,2
DA:481,4
DA:484,4
DA:485,2
DA:486,2
DA:487,2
DA:488,2
DA:489,2
DA:490,2
DA:491,2
DA:492,2
DA:493,4
DA:496,4
DA:497,2
DA:498,2
DA:499,2
DA:500,2
DA:501,2
DA:502,2
DA:503,2
DA:504,2
DA:505,2
DA:506,4
DA:509,4
DA:510,2
DA:511,2
DA:512,2
DA:513,2
DA:514,2
DA:515,2
DA:516,2
DA:517,2
DA:518,2
DA:519,4
DA:522,4
DA:523,2
DA:524,2
DA:525,2
DA:526,2
DA:527,2
DA:528,2
DA:529,2
DA:530,2
DA:531,2
DA:532,2
DA:533,4
DA:536,4
DA:537,2
DA:538,2
DA:539,2
DA:540,2
DA:541,2
DA:542,2
DA:543,2
DA:544,2
DA:545,2
DA:546,2
DA:547,4
DA:550,4
DA:551,2
DA:552,2
DA:553,2
DA:554,2
DA:555,2
DA:556,2
DA:557,2
DA:558,2
DA:559,2
DA:560,2
DA:561,2
DA:562,4
DA:565,4
DA:566,2
DA:567,2
DA:568,2
DA:569,2
DA:570,2
DA:571,2
DA:572,2
DA:573,2
DA:574,2
DA:575,2
DA:576,2
DA:577,4
DA:580,4
DA:581,2
DA:582,2
DA:583,2
DA:584,2
DA:585,2
DA:586,2
DA:587,2
DA:588,2
DA:589,2
DA:590,2
DA:591,2
DA:592,2
DA:593,4
DA:596,4
DA:597,2
DA:598,2
DA:599,2
DA:600,2
DA:601,2
DA:602,2
DA:603,2
DA:604,2
DA:605,2
DA:606,2
DA:607,2
DA:608,2
DA:609,4
DA:612,4
DA:613,2
DA:614,2
DA:615,2
DA:616,2
DA:617,2
DA:618,2
DA:619,2
DA:620,2
DA:621,2
DA:622,2
DA:623,2
DA:624,2
DA:625,4
DA:628,4
DA:629,2
DA:630,2
DA:631,2
DA:632,2
DA:633,2
DA:634,2
DA:635,2
DA:636,2
DA:637,2
DA:638,2
DA:639,2
DA:640,2
DA:641,4
DA:644,6
DA:645,2
DA:646,2
DA:647,2
DA:648,2
DA:649,2
DA:650,2
DA:651,2
DA:652,2
DA:653,2
DA:654,2
DA:655,2
DA:656,2
DA:657,2
DA:658,2
DA:659,4
DA:662,6
DA:663,2
DA:664,2
DA:665,2
DA:666,2
DA:667,2
DA:668,2
DA:669,2
DA:670,2
DA:671,2
DA:672,2
DA:673,2
DA:674,2
DA:675,2
DA:676,2
DA:677,2
DA:678,4
DA:681,6
DA:682,2
DA:683,2
DA:684,2
DA:685,2
DA:686,2
DA:687,2
DA:688,2
DA:689,2
DA:690,2
DA:691,2
DA:692,2
DA:693,2
DA:694,2
DA:695,2
DA:696,2
DA:697,4
DA:700,6
DA:701,2
DA:702,2
DA:703,2
DA:704,2
DA:705,2
DA:706,2
DA:707,2
DA:708,2
DA:709,2
DA:710,2
DA:711,2
DA:712,2
DA:713,2
DA:714,2
DA:715,2
DA:716,4
DA:719,6
DA:720,2
DA:721,2
DA:722,2
DA:723,2
DA:724,2
DA:725,2
DA:726,2
DA:727,2
DA:728,2
DA:729,2
DA:730,2
DA:731,2
DA:732,2
DA:733,2
DA:734,2
DA:735,2
DA:736,4
DA:739,6
DA:740,2
DA:741,2
DA:742,2
DA:743,2
DA:744,2
DA:745,2
DA:746,2
DA:747,2
DA:748,2
DA:749,2
DA:750,2
DA:751,2
DA:752,2
DA:753,2
DA:754,2
DA:755,2
DA:756,4
DA:759,6
DA:760,2
DA:761,2
DA:762,2
DA:763,2
DA:764,2
DA:765,2
DA:766,2
DA:767,2
DA:768,2
DA:769,2
DA:770,2
DA:771,2
DA:772,2
DA:773,2
DA:774,4
DA:777,4
DA:778,2
DA:779,2
DA:780,2
DA:781,2
DA:782,2
DA:783,2
DA:784,2
DA:785,2
DA:786,2
DA:787,2
DA:788,2
DA:789,2
DA:790,2
DA:791,4
DA:794,4
DA:795,2
DA:796,2
DA:797,2
DA:798,2
DA:799,2
DA:800,2
DA:801,2
DA:802,2
DA:803,2
DA:804,2
DA:805,2
DA:806,2
DA:807,2
DA:808,2
DA:809,4
DA:812,4
DA:813,2
DA:819,2
DA:820,4
DA:823,4
DA:824,2
DA:825,2
DA:826,2
DA:827,2
DA:829,2
DA:830,2
DA:831,4
DA:834,4
DA:835,2
DA:836,2
DA:837,2
DA:838,2
DA:839,4
DA:842,4
DA:843,2
DA:844,2
DA:845,2
DA:846,2
DA:849,2
DA:850,2
DA:851,2
DA:852,4
DA:855,6
DA:856,2
DA:857,2
DA:858,2
DA:859,2
DA:860,2
DA:861,2
DA:862,4
DA:865,6
DA:866,2
DA:867,2
DA:868,2
DA:869,2
DA:870,2
DA:873,2
DA:874,2
DA:875,2
DA:876,2
DA:877,4
DA:880,6
DA:881,2
DA:882,2
DA:883,2
DA:884,2
DA:885,2
DA:886,2
DA:888,2
DA:889,2
DA:890,2
DA:891,4
DA:894,6
DA:895,2
DA:896,2
DA:897,2
DA:898,2
DA:899,2
DA:902,2
DA:903,2
DA:904,2
DA:905,2
DA:907,2
DA:908,2
DA:909,2
DA:910,4
DA:913,6
DA:914,2
DA:915,2
DA:916,2
DA:917,2
DA:918,2
DA:919,2
DA:920,2
DA:923,2
DA:924,2
DA:925,2
DA:926,4
DA:929,6
DA:930,2
DA:931,2
DA:932,2
DA:933,2
DA:934,2
DA:937,2
DA:938,2
DA:939,2
DA:940,2
DA:941,2
DA:944,2
DA:945,2
DA:946,2
DA:947,4
DA:950,4
DA:951,2
DA:953,2
DA:954,2
DA:955,2
DA:956,2
DA:957,4
DA:960,6
DA:961,2
DA:962,2
DA:963,2
DA:964,4
DA:965,2
DA:966,2
DA:967,2
DA:968,4
DA:971,4
DA:972,2
DA:973,2
DA:974,2
DA:975,2
DA:979,2
DA:980,4
DA:981,2
DA:982,2
DA:983,2
DA:984,4
DA:987,4
DA:988,2
DA:989,2
DA:990,2
DA:991,2
DA:994,2
DA:995,2
DA:996,2
DA:998,2
DA:999,2
DA:1000,2
DA:1004,4
DA:1007,6
DA:1008,2
DA:1009,2
DA:1010,2
DA:1011,2
DA:1012,2
DA:1016,2
DA:1017,2
DA:1018,2
DA:1019,2
DA:1020,2
DA:1021,4
DA:1024,6
DA:1025,2
DA:1026,2
DA:1028,2
DA:1029,2
DA:1030,2
DA:1031,2
DA:1032,2
DA:1033,4
DA:1036,6
DA:1037,2
DA:1038,2
DA:1039,2
DA:1040,2
DA:1041,2
DA:1045,2
DA:1046,2
DA:1047,2
DA:1048,2
DA:1049,2
DA:1051,2
DA:1052,2
DA:1053,2
DA:1057,4
DA:1060,6
DA:1061,2
DA:1062,2
DA:1063,2
DA:1064,2
DA:1065,2
DA:1068,2
DA:1069,2
DA:1070,2
DA:1072,2
DA:1073,2
DA:1074,2
DA:1075,2
DA:1077,2
DA:1078,2
DA:1079,2
DA:1083,4
DA:1086,6
DA:1087,2
DA:1088,2
DA:1090,2
DA:1091,2
DA:1092,2
DA:1093,2
DA:1094,2
DA:1096,2
DA:1097,2
DA:1098,2
DA:1102,4
DA:1105,6
DA:1106,2
DA:1107,2
DA:1108,2
DA:1109,2
DA:1110,2
DA:1114,2
DA:1115,2
DA:1116,2
DA:1117,2
DA:1118,2
DA:1119,2
DA:1122,2
DA:1123,2
DA:1124,2
DA:1128,4
DA:1131,6
DA:1132,2
DA:1133,2
DA:1135,2
DA:1136,2
DA:1137,2
DA:1138,2
DA:1139,2
DA:1140,2
DA:1143,2
DA:1144,2
DA:1145,2
DA:1149,4
DA:1152,4
DA:1153,2
DA:1154,2
DA:1156,2
DA:1158,2
DA:1159,4
DA:1162,4
DA:1163,2
DA:1164,2
DA:1165,2
DA:1167,2
DA:1169,2
DA:1170,2
DA:1174,4
DA:1177,4
DA:1178,2
DA:1179,2
DA:1180,2
DA:1181,2
DA:1182,2
DA:1183,2
DA:1184,4
DA:1187,6
DA:1188,2
DA:1189,2
DA:1190,2
DA:1191,2
DA:1193,2
DA:1194,2
DA:1195,2
DA:1196,2
DA:1199,2
DA:1200,2
DA:1201,2
DA:1202,2
DA:1203,4
DA:1206,4
DA:1207,2
DA:1208,2
DA:1209,2
DA:1210,2
DA:1211,2
DA:1212,4
DA:1215,4
DA:1216,2
DA:1217,2
DA:1218,2
DA:1220,2
DA:1221,2
DA:1222,2
DA:1223,2
DA:1226,2
DA:1227,2
DA:1228,2
DA:1229,2
DA:1230,4
DA:1233,4
DA:1234,2
DA:1235,2
DA:1238,2
DA:1239,2
DA:1242,2
DA:1243,2
DA:1244,2
DA:1247,2
DA:1248,2
DA:1249,2
DA:1250,2
DA:1251,2
DA:1252,2
DA:1253,4
DA:1256,4
DA:1257,2
DA:1258,2
DA:1259,2
DA:1262,2
DA:1263,2
DA:1266,2
DA:1267,2
DA:1268,2
DA:1271,2
DA:1272,2
DA:1273,2
DA:1276,2
DA:1277,2
DA:1278,2
DA:1279,2
DA:1280,2
DA:1281,2
DA:1284,2
DA:1285,4
LF:905
LH:905
end_of_record
